[ 2017-04-19T11:13:30+08:00 ] 192.168.1.102 /onlineexamtest/index/t_others/getscore
INFO: [ app_begin ] --START--
INFO: Run Behavior\ReadHtmlCache [ RunTime:0.017597s ]
INFO: [ app_begin ] --END-- [ RunTime:0.031183s ]
NOTIC: [8192] mysql_connect(): The mysql extension is deprecated and will be removed in the future: use mysqli or PDO instead D:\wamp\www\OnlineExamTest\ThinkPHP\Library\Think\Db\Driver\Mysql.class.php 第 52 行.
SQL: SHOW COLUMNS FROM `course` [ RunTime:0.463706s ]
INFO: [ app_end ] --START--
INFO: Run Behavior\ShowPageTrace [ RunTime:0.054679s ]
INFO: [ app_end ] --END-- [ RunTime:0.054998s ]

[ 2017-04-19T11:19:36+08:00 ] 192.168.1.103 /onlineexamtest/index/index/login
INFO: [ app_begin ] --START--
INFO: Run Behavior\ReadHtmlCache [ RunTime:0.000938s ]
INFO: [ app_begin ] --END-- [ RunTime:0.001724s ]
NOTIC: [8192] mysql_connect(): The mysql extension is deprecated and will be removed in the future: use mysqli or PDO instead D:\wamp\www\OnlineExamTest\ThinkPHP\Library\Think\Db\Driver\Mysql.class.php 第 52 行.
SQL: SHOW COLUMNS FROM `user` [ RunTime:0.047023s ]
SQL: select * from user where SchoolID = 13000000  [ RunTime:0.000653s ]
SQL: select * from user where SchoolID = 13000000 and Password = 466789 [ RunTime:0.000373s ]
INFO: [ app_end ] --START--
INFO: Run Behavior\ShowPageTrace [ RunTime:0.001032s ]
INFO: [ app_end ] --END-- [ RunTime:0.001191s ]

[ 2017-04-19T11:19:37+08:00 ] 192.168.1.103 /onlineexamtest/index/index/login
INFO: [ app_begin ] --START--
INFO: Run Behavior\ReadHtmlCache [ RunTime:0.000658s ]
INFO: [ app_begin ] --END-- [ RunTime:0.001518s ]
NOTIC: [8192] mysql_connect(): The mysql extension is deprecated and will be removed in the future: use mysqli or PDO instead D:\wamp\www\OnlineExamTest\ThinkPHP\Library\Think\Db\Driver\Mysql.class.php 第 52 行.
SQL: SHOW COLUMNS FROM `user` [ RunTime:0.006069s ]
SQL: select * from user where SchoolID = 13000000  [ RunTime:0.000372s ]
SQL: select * from user where SchoolID = 13000000 and Password = 466789 [ RunTime:0.000312s ]
INFO: [ app_end ] --START--
INFO: Run Behavior\ShowPageTrace [ RunTime:0.000802s ]
INFO: [ app_end ] --END-- [ RunTime:0.000992s ]

[ 2017-04-19T11:19:38+08:00 ] 192.168.1.103 /onlineexamtest/index/index/login
INFO: [ app_begin ] --START--
INFO: Run Behavior\ReadHtmlCache [ RunTime:0.000705s ]
INFO: [ app_begin ] --END-- [ RunTime:0.001417s ]
NOTIC: [8192] mysql_connect(): The mysql extension is deprecated and will be removed in the future: use mysqli or PDO instead D:\wamp\www\OnlineExamTest\ThinkPHP\Library\Think\Db\Driver\Mysql.class.php 第 52 行.
SQL: SHOW COLUMNS FROM `user` [ RunTime:0.006705s ]
SQL: select * from user where SchoolID = 13000000  [ RunTime:0.000404s ]
SQL: select * from user where SchoolID = 13000000 and Password = 466789 [ RunTime:0.000307s ]
INFO: [ app_end ] --START--
INFO: Run Behavior\ShowPageTrace [ RunTime:0.001055s ]
INFO: [ app_end ] --END-- [ RunTime:0.001268s ]

[ 2017-04-19T11:19:39+08:00 ] 192.168.1.103 /onlineexamtest/index/index/login
INFO: [ app_begin ] --START--
INFO: Run Behavior\ReadHtmlCache [ RunTime:0.000872s ]
INFO: [ app_begin ] --END-- [ RunTime:0.001772s ]
NOTIC: [8192] mysql_connect(): The mysql extension is deprecated and will be removed in the future: use mysqli or PDO instead D:\wamp\www\OnlineExamTest\ThinkPHP\Library\Think\Db\Driver\Mysql.class.php 第 52 行.
SQL: SHOW COLUMNS FROM `user` [ RunTime:0.006323s ]
SQL: select * from user where SchoolID = 13000000  [ RunTime:0.000334s ]
SQL: select * from user where SchoolID = 13000000 and Password = 466789 [ RunTime:0.000256s ]
INFO: [ app_end ] --START--
INFO: Run Behavior\ShowPageTrace [ RunTime:0.000762s ]
INFO: [ app_end ] --END-- [ RunTime:0.000918s ]

[ 2017-04-19T11:19:39+08:00 ] 192.168.1.103 /onlineexamtest/index/index/login
INFO: [ app_begin ] --START--
INFO: Run Behavior\ReadHtmlCache [ RunTime:0.001209s ]
INFO: [ app_begin ] --END-- [ RunTime:0.001974s ]
NOTIC: [8192] mysql_connect(): The mysql extension is deprecated and will be removed in the future: use mysqli or PDO instead D:\wamp\www\OnlineExamTest\ThinkPHP\Library\Think\Db\Driver\Mysql.class.php 第 52 行.
SQL: SHOW COLUMNS FROM `user` [ RunTime:0.013845s ]
SQL: select * from user where SchoolID = 13000000  [ RunTime:0.000820s ]
SQL: select * from user where SchoolID = 13000000 and Password = 466789 [ RunTime:0.000840s ]
INFO: [ app_end ] --START--
INFO: Run Behavior\ShowPageTrace [ RunTime:0.002119s ]
INFO: [ app_end ] --END-- [ RunTime:0.002717s ]

[ 2017-04-19T11:19:39+08:00 ] 192.168.1.103 /onlineexamtest/index/index/login
INFO: [ app_begin ] --START--
INFO: Run Behavior\ReadHtmlCache [ RunTime:0.000574s ]
INFO: [ app_begin ] --END-- [ RunTime:0.001154s ]
NOTIC: [8192] mysql_connect(): The mysql extension is deprecated and will be removed in the future: use mysqli or PDO instead D:\wamp\www\OnlineExamTest\ThinkPHP\Library\Think\Db\Driver\Mysql.class.php 第 52 行.
SQL: SHOW COLUMNS FROM `user` [ RunTime:0.005935s ]
SQL: select * from user where SchoolID = 13000000  [ RunTime:0.000326s ]
SQL: select * from user where SchoolID = 13000000 and Password = 466789 [ RunTime:0.000290s ]
INFO: [ app_end ] --START--
INFO: Run Behavior\ShowPageTrace [ RunTime:0.000852s ]
INFO: [ app_end ] --END-- [ RunTime:0.001013s ]

[ 2017-04-19T11:19:40+08:00 ] 192.168.1.103 /onlineexamtest/index/index/login
INFO: [ app_begin ] --START--
INFO: Run Behavior\ReadHtmlCache [ RunTime:0.000635s ]
INFO: [ app_begin ] --END-- [ RunTime:0.001296s ]
NOTIC: [8192] mysql_connect(): The mysql extension is deprecated and will be removed in the future: use mysqli or PDO instead D:\wamp\www\OnlineExamTest\ThinkPHP\Library\Think\Db\Driver\Mysql.class.php 第 52 行.
SQL: SHOW COLUMNS FROM `user` [ RunTime:0.005535s ]
SQL: select * from user where SchoolID = 13000000  [ RunTime:0.000393s ]
SQL: select * from user where SchoolID = 13000000 and Password = 466789 [ RunTime:0.000270s ]
INFO: [ app_end ] --START--
INFO: Run Behavior\ShowPageTrace [ RunTime:0.000759s ]
INFO: [ app_end ] --END-- [ RunTime:0.000918s ]

[ 2017-04-19T11:19:40+08:00 ] 192.168.1.103 /onlineexamtest/index/index/login
INFO: [ app_begin ] --START--
INFO: Run Behavior\ReadHtmlCache [ RunTime:0.000567s ]
INFO: [ app_begin ] --END-- [ RunTime:0.001152s ]
NOTIC: [8192] mysql_connect(): The mysql extension is deprecated and will be removed in the future: use mysqli or PDO instead D:\wamp\www\OnlineExamTest\ThinkPHP\Library\Think\Db\Driver\Mysql.class.php 第 52 行.
SQL: SHOW COLUMNS FROM `user` [ RunTime:0.005713s ]
SQL: select * from user where SchoolID = 13000000  [ RunTime:0.000314s ]
SQL: select * from user where SchoolID = 13000000 and Password = 466789 [ RunTime:0.000244s ]
INFO: [ app_end ] --START--
INFO: Run Behavior\ShowPageTrace [ RunTime:0.000805s ]
INFO: [ app_end ] --END-- [ RunTime:0.000968s ]

[ 2017-04-19T11:19:40+08:00 ] 192.168.1.103 /onlineexamtest/index/index/login
INFO: [ app_begin ] --START--
INFO: Run Behavior\ReadHtmlCache [ RunTime:0.000733s ]
INFO: [ app_begin ] --END-- [ RunTime:0.001670s ]
NOTIC: [8192] mysql_connect(): The mysql extension is deprecated and will be removed in the future: use mysqli or PDO instead D:\wamp\www\OnlineExamTest\ThinkPHP\Library\Think\Db\Driver\Mysql.class.php 第 52 行.
SQL: SHOW COLUMNS FROM `user` [ RunTime:0.023409s ]
SQL: select * from user where SchoolID = 13000000  [ RunTime:0.000335s ]
SQL: select * from user where SchoolID = 13000000 and Password = 466789 [ RunTime:0.000270s ]
INFO: [ app_end ] --START--
INFO: Run Behavior\ShowPageTrace [ RunTime:0.000981s ]
INFO: [ app_end ] --END-- [ RunTime:0.001183s ]

[ 2017-04-19T11:19:41+08:00 ] 192.168.1.103 /onlineexamtest/index/index/login
INFO: [ app_begin ] --START--
INFO: Run Behavior\ReadHtmlCache [ RunTime:0.000549s ]
INFO: [ app_begin ] --END-- [ RunTime:0.001135s ]
NOTIC: [8192] mysql_connect(): The mysql extension is deprecated and will be removed in the future: use mysqli or PDO instead D:\wamp\www\OnlineExamTest\ThinkPHP\Library\Think\Db\Driver\Mysql.class.php 第 52 行.
SQL: SHOW COLUMNS FROM `user` [ RunTime:0.005926s ]
SQL: select * from user where SchoolID = 13000000  [ RunTime:0.000293s ]
SQL: select * from user where SchoolID = 13000000 and Password = 466789 [ RunTime:0.000227s ]
INFO: [ app_end ] --START--
INFO: Run Behavior\ShowPageTrace [ RunTime:0.000961s ]
INFO: [ app_end ] --END-- [ RunTime:0.001161s ]

[ 2017-04-19T11:19:41+08:00 ] 192.168.1.103 /onlineexamtest/index/index/login
INFO: [ app_begin ] --START--
INFO: Run Behavior\ReadHtmlCache [ RunTime:0.000614s ]
INFO: [ app_begin ] --END-- [ RunTime:0.001182s ]
NOTIC: [8192] mysql_connect(): The mysql extension is deprecated and will be removed in the future: use mysqli or PDO instead D:\wamp\www\OnlineExamTest\ThinkPHP\Library\Think\Db\Driver\Mysql.class.php 第 52 行.
SQL: SHOW COLUMNS FROM `user` [ RunTime:0.005421s ]
SQL: select * from user where SchoolID = 13000000  [ RunTime:0.000322s ]
SQL: select * from user where SchoolID = 13000000 and Password = 466789 [ RunTime:0.000259s ]
INFO: [ app_end ] --START--
INFO: Run Behavior\ShowPageTrace [ RunTime:0.000918s ]
INFO: [ app_end ] --END-- [ RunTime:0.001101s ]

[ 2017-04-19T11:19:41+08:00 ] 192.168.1.103 /onlineexamtest/index/index/login
INFO: [ app_begin ] --START--
INFO: Run Behavior\ReadHtmlCache [ RunTime:0.001105s ]
INFO: [ app_begin ] --END-- [ RunTime:0.002190s ]
NOTIC: [8192] mysql_connect(): The mysql extension is deprecated and will be removed in the future: use mysqli or PDO instead D:\wamp\www\OnlineExamTest\ThinkPHP\Library\Think\Db\Driver\Mysql.class.php 第 52 行.
SQL: SHOW COLUMNS FROM `user` [ RunTime:0.006338s ]
SQL: select * from user where SchoolID = 13000000  [ RunTime:0.000388s ]
SQL: select * from user where SchoolID = 13000000 and Password = 466789 [ RunTime:0.000345s ]
INFO: [ app_end ] --START--
INFO: Run Behavior\ShowPageTrace [ RunTime:0.000913s ]
INFO: [ app_end ] --END-- [ RunTime:0.001137s ]

[ 2017-04-19T11:19:42+08:00 ] 192.168.1.103 /onlineexamtest/index/index/login
INFO: [ app_begin ] --START--
INFO: Run Behavior\ReadHtmlCache [ RunTime:0.000643s ]
INFO: [ app_begin ] --END-- [ RunTime:0.001451s ]
NOTIC: [8192] mysql_connect(): The mysql extension is deprecated and will be removed in the future: use mysqli or PDO instead D:\wamp\www\OnlineExamTest\ThinkPHP\Library\Think\Db\Driver\Mysql.class.php 第 52 行.
SQL: SHOW COLUMNS FROM `user` [ RunTime:0.096549s ]
SQL: select * from user where SchoolID = 13000000  [ RunTime:0.000341s ]
SQL: select * from user where SchoolID = 13000000 and Password = 466789 [ RunTime:0.000269s ]
INFO: [ app_end ] --START--
INFO: Run Behavior\ShowPageTrace [ RunTime:0.000788s ]
INFO: [ app_end ] --END-- [ RunTime:0.000947s ]

[ 2017-04-19T11:19:42+08:00 ] 192.168.1.103 /onlineexamtest/index/index/login
INFO: [ app_begin ] --START--
INFO: Run Behavior\ReadHtmlCache [ RunTime:0.000576s ]
INFO: [ app_begin ] --END-- [ RunTime:0.001158s ]
NOTIC: [8192] mysql_connect(): The mysql extension is deprecated and will be removed in the future: use mysqli or PDO instead D:\wamp\www\OnlineExamTest\ThinkPHP\Library\Think\Db\Driver\Mysql.class.php 第 52 行.
SQL: SHOW COLUMNS FROM `user` [ RunTime:0.005348s ]
SQL: select * from user where SchoolID = 13000000  [ RunTime:0.000357s ]
SQL: select * from user where SchoolID = 13000000 and Password = 466789 [ RunTime:0.000322s ]
INFO: [ app_end ] --START--
INFO: Run Behavior\ShowPageTrace [ RunTime:0.000903s ]
INFO: [ app_end ] --END-- [ RunTime:0.001086s ]

[ 2017-04-19T11:19:43+08:00 ] 192.168.1.103 /onlineexamtest/index/index/login
INFO: [ app_begin ] --START--
INFO: Run Behavior\ReadHtmlCache [ RunTime:0.000549s ]
INFO: [ app_begin ] --END-- [ RunTime:0.001183s ]
NOTIC: [8192] mysql_connect(): The mysql extension is deprecated and will be removed in the future: use mysqli or PDO instead D:\wamp\www\OnlineExamTest\ThinkPHP\Library\Think\Db\Driver\Mysql.class.php 第 52 行.
SQL: SHOW COLUMNS FROM `user` [ RunTime:0.006893s ]
SQL: select * from user where SchoolID = 13000000  [ RunTime:0.000316s ]
SQL: select * from user where SchoolID = 13000000 and Password = 466789 [ RunTime:0.000312s ]
INFO: [ app_end ] --START--
INFO: Run Behavior\ShowPageTrace [ RunTime:0.000751s ]
INFO: [ app_end ] --END-- [ RunTime:0.000929s ]

[ 2017-04-19T11:19:43+08:00 ] 192.168.1.103 /onlineexamtest/index/index/login
INFO: [ app_begin ] --START--
INFO: Run Behavior\ReadHtmlCache [ RunTime:0.000758s ]
INFO: [ app_begin ] --END-- [ RunTime:0.001318s ]
NOTIC: [8192] mysql_connect(): The mysql extension is deprecated and will be removed in the future: use mysqli or PDO instead D:\wamp\www\OnlineExamTest\ThinkPHP\Library\Think\Db\Driver\Mysql.class.php 第 52 行.
SQL: SHOW COLUMNS FROM `user` [ RunTime:0.005950s ]
SQL: select * from user where SchoolID = 13000000  [ RunTime:0.000325s ]
SQL: select * from user where SchoolID = 13000000 and Password = 466789 [ RunTime:0.000268s ]
INFO: [ app_end ] --START--
INFO: Run Behavior\ShowPageTrace [ RunTime:0.000809s ]
INFO: [ app_end ] --END-- [ RunTime:0.000985s ]

[ 2017-04-19T11:19:43+08:00 ] 192.168.1.103 /onlineexamtest/index/index/login
INFO: [ app_begin ] --START--
INFO: Run Behavior\ReadHtmlCache [ RunTime:0.000776s ]
INFO: [ app_begin ] --END-- [ RunTime:0.001454s ]
NOTIC: [8192] mysql_connect(): The mysql extension is deprecated and will be removed in the future: use mysqli or PDO instead D:\wamp\www\OnlineExamTest\ThinkPHP\Library\Think\Db\Driver\Mysql.class.php 第 52 行.
SQL: SHOW COLUMNS FROM `user` [ RunTime:0.005765s ]
SQL: select * from user where SchoolID = 13000000  [ RunTime:0.000361s ]
SQL: select * from user where SchoolID = 13000000 and Password = 466789 [ RunTime:0.000286s ]
INFO: [ app_end ] --START--
INFO: Run Behavior\ShowPageTrace [ RunTime:0.001059s ]
INFO: [ app_end ] --END-- [ RunTime:0.001256s ]

[ 2017-04-19T11:19:44+08:00 ] 192.168.1.103 /onlineexamtest/index/index/login
INFO: [ app_begin ] --START--
INFO: Run Behavior\ReadHtmlCache [ RunTime:0.000576s ]
INFO: [ app_begin ] --END-- [ RunTime:0.001127s ]
NOTIC: [8192] mysql_connect(): The mysql extension is deprecated and will be removed in the future: use mysqli or PDO instead D:\wamp\www\OnlineExamTest\ThinkPHP\Library\Think\Db\Driver\Mysql.class.php 第 52 行.
SQL: SHOW COLUMNS FROM `user` [ RunTime:0.006622s ]
SQL: select * from user where SchoolID = 13000000  [ RunTime:0.000337s ]
SQL: select * from user where SchoolID = 13000000 and Password = 466789 [ RunTime:0.000282s ]
INFO: [ app_end ] --START--
INFO: Run Behavior\ShowPageTrace [ RunTime:0.001054s ]
INFO: [ app_end ] --END-- [ RunTime:0.001253s ]

[ 2017-04-19T11:19:44+08:00 ] 192.168.1.103 /onlineexamtest/index/index/login
INFO: [ app_begin ] --START--
INFO: Run Behavior\ReadHtmlCache [ RunTime:0.000587s ]
INFO: [ app_begin ] --END-- [ RunTime:0.001150s ]
NOTIC: [8192] mysql_connect(): The mysql extension is deprecated and will be removed in the future: use mysqli or PDO instead D:\wamp\www\OnlineExamTest\ThinkPHP\Library\Think\Db\Driver\Mysql.class.php 第 52 行.
SQL: SHOW COLUMNS FROM `user` [ RunTime:0.006468s ]
SQL: select * from user where SchoolID = 13000000  [ RunTime:0.000341s ]
SQL: select * from user where SchoolID = 13000000 and Password = 466789 [ RunTime:0.000318s ]
INFO: [ app_end ] --START--
INFO: Run Behavior\ShowPageTrace [ RunTime:0.000921s ]
INFO: [ app_end ] --END-- [ RunTime:0.001086s ]

[ 2017-04-19T11:19:44+08:00 ] 192.168.1.103 /onlineexamtest/index/index/login
INFO: [ app_begin ] --START--
INFO: Run Behavior\ReadHtmlCache [ RunTime:0.000547s ]
INFO: [ app_begin ] --END-- [ RunTime:0.001125s ]
NOTIC: [8192] mysql_connect(): The mysql extension is deprecated and will be removed in the future: use mysqli or PDO instead D:\wamp\www\OnlineExamTest\ThinkPHP\Library\Think\Db\Driver\Mysql.class.php 第 52 行.
SQL: SHOW COLUMNS FROM `user` [ RunTime:0.006282s ]
SQL: select * from user where SchoolID = 13000000  [ RunTime:0.000328s ]
SQL: select * from user where SchoolID = 13000000 and Password = 466789 [ RunTime:0.000346s ]
INFO: [ app_end ] --START--
INFO: Run Behavior\ShowPageTrace [ RunTime:0.000813s ]
INFO: [ app_end ] --END-- [ RunTime:0.000988s ]

[ 2017-04-19T11:22:39+08:00 ] 192.168.1.102 /onlineexamtest/index/index/login
INFO: [ app_begin ] --START--
INFO: Run Behavior\ReadHtmlCache [ RunTime:0.001490s ]
INFO: [ app_begin ] --END-- [ RunTime:0.002738s ]
NOTIC: [8192] mysql_connect(): The mysql extension is deprecated and will be removed in the future: use mysqli or PDO instead D:\wamp\www\OnlineExamTest\ThinkPHP\Library\Think\Db\Driver\Mysql.class.php 第 52 行.
SQL: SHOW COLUMNS FROM `user` [ RunTime:0.006707s ]
SQL: select * from user where SchoolID = 13000000  [ RunTime:0.000352s ]
SQL: select * from user where SchoolID = 13000000 and Password = 456789 [ RunTime:0.000298s ]
INFO: [ app_end ] --START--
INFO: Run Behavior\ShowPageTrace [ RunTime:0.001243s ]
INFO: [ app_end ] --END-- [ RunTime:0.001501s ]

[ 2017-04-19T11:23:11+08:00 ] 192.168.1.102 /onlineexamtest/index/t_others/getscore
INFO: [ app_begin ] --START--
INFO: Run Behavior\ReadHtmlCache [ RunTime:0.000653s ]
INFO: [ app_begin ] --END-- [ RunTime:0.001255s ]
NOTIC: [8192] mysql_connect(): The mysql extension is deprecated and will be removed in the future: use mysqli or PDO instead D:\wamp\www\OnlineExamTest\ThinkPHP\Library\Think\Db\Driver\Mysql.class.php 第 52 行.
SQL: SHOW COLUMNS FROM `course` [ RunTime:0.007289s ]
SQL: SELECT cs.StudentID,cs.Score,u.`Name` FROM course_student cs 
				LEFT JOIN `user` u ON u.SchoolID = cs.StudentID
				LEFT JOIN course_teacher ct ON ct.CourseID = cs.CourseID
				WHERE ct.TeacherID = 13000000 [ RunTime:0.306026s ]
INFO: [ app_end ] --START--
INFO: Run Behavior\ShowPageTrace [ RunTime:0.002049s ]
INFO: [ app_end ] --END-- [ RunTime:0.002575s ]

[ 2017-04-19T13:09:45+08:00 ] 192.168.1.102 /onlineexamtest/index/index/login
INFO: [ app_begin ] --START--
INFO: Run Behavior\ReadHtmlCache [ RunTime:0.016391s ]
INFO: [ app_begin ] --END-- [ RunTime:0.029491s ]
NOTIC: [8192] mysql_connect(): The mysql extension is deprecated and will be removed in the future: use mysqli or PDO instead D:\wamp\www\OnlineExamTest\ThinkPHP\Library\Think\Db\Driver\Mysql.class.php 第 52 行.
SQL: SHOW COLUMNS FROM `user` [ RunTime:0.060221s ]
SQL: select * from user where SchoolID = 13008888  [ RunTime:0.000565s ]
SQL: select * from user where SchoolID = 13008888 and Password = 123456 [ RunTime:0.000267s ]
INFO: [ app_end ] --START--
INFO: Run Behavior\ShowPageTrace [ RunTime:0.023327s ]
INFO: [ app_end ] --END-- [ RunTime:0.023624s ]

[ 2017-04-19T13:10:33+08:00 ] 192.168.1.102 /onlineexamtest/index/index/login
INFO: [ app_begin ] --START--
INFO: Run Behavior\ReadHtmlCache [ RunTime:0.001437s ]
INFO: [ app_begin ] --END-- [ RunTime:0.003674s ]
NOTIC: [8192] mysql_connect(): The mysql extension is deprecated and will be removed in the future: use mysqli or PDO instead D:\wamp\www\OnlineExamTest\ThinkPHP\Library\Think\Db\Driver\Mysql.class.php 第 52 行.
SQL: SHOW COLUMNS FROM `user` [ RunTime:0.013197s ]
SQL: select * from user where SchoolID = 13008038  [ RunTime:0.000492s ]
SQL: select * from user where SchoolID = 13008038 and Password = 456789 [ RunTime:0.000351s ]
INFO: [ app_end ] --START--
INFO: Run Behavior\ShowPageTrace [ RunTime:0.001021s ]
INFO: [ app_end ] --END-- [ RunTime:0.001230s ]

[ 2017-04-19T13:11:30+08:00 ] 192.168.1.102 /onlineexamtest/index/index/login
INFO: [ app_begin ] --START--
INFO: Run Behavior\ReadHtmlCache [ RunTime:0.000901s ]
INFO: [ app_begin ] --END-- [ RunTime:0.002073s ]
NOTIC: [8192] mysql_connect(): The mysql extension is deprecated and will be removed in the future: use mysqli or PDO instead D:\wamp\www\OnlineExamTest\ThinkPHP\Library\Think\Db\Driver\Mysql.class.php 第 52 行.
SQL: SHOW COLUMNS FROM `user` [ RunTime:0.008623s ]
SQL: select * from user where SchoolID = 13008038  [ RunTime:0.000707s ]
SQL: select * from user where SchoolID = 13008038 and Password = 123466 [ RunTime:0.000337s ]
INFO: [ app_end ] --START--
INFO: Run Behavior\ShowPageTrace [ RunTime:0.001156s ]
INFO: [ app_end ] --END-- [ RunTime:0.001457s ]

[ 2017-04-19T13:11:35+08:00 ] 192.168.1.102 /onlineexamtest/index/index/login
INFO: [ app_begin ] --START--
INFO: Run Behavior\ReadHtmlCache [ RunTime:0.001485s ]
INFO: [ app_begin ] --END-- [ RunTime:0.003444s ]
NOTIC: [8192] mysql_connect(): The mysql extension is deprecated and will be removed in the future: use mysqli or PDO instead D:\wamp\www\OnlineExamTest\ThinkPHP\Library\Think\Db\Driver\Mysql.class.php 第 52 行.
SQL: SHOW COLUMNS FROM `user` [ RunTime:0.019242s ]
SQL: select * from user where SchoolID = 13008038  [ RunTime:0.000981s ]
SQL: select * from user where SchoolID = 13008038 and Password = 123456 [ RunTime:0.000856s ]
INFO: [ app_end ] --START--
INFO: Run Behavior\ShowPageTrace [ RunTime:0.002814s ]
INFO: [ app_end ] --END-- [ RunTime:0.003673s ]

[ 2017-04-19T13:19:44+08:00 ] 192.168.1.102 /onlineexamtest/index/index/register
INFO: [ app_begin ] --START--
INFO: Run Behavior\ReadHtmlCache [ RunTime:0.001658s ]
INFO: [ app_begin ] --END-- [ RunTime:0.002957s ]
NOTIC: [8192] mysql_connect(): The mysql extension is deprecated and will be removed in the future: use mysqli or PDO instead D:\wamp\www\OnlineExamTest\ThinkPHP\Library\Think\Db\Driver\Mysql.class.php 第 52 行.
SQL: SHOW COLUMNS FROM `user` [ RunTime:0.015740s ]
SQL: select * from user where SchoolID = 13008888  [ RunTime:0.000870s ]
SQL: insert into user (SchoolID,Name,Password,TelNo) values (13008888,'方明','123456','18502418999') [ RunTime:0.228397s ]
INFO: [ app_end ] --START--
INFO: Run Behavior\ShowPageTrace [ RunTime:0.003221s ]
INFO: [ app_end ] --END-- [ RunTime:0.003921s ]

[ 2017-04-19T13:20:15+08:00 ] 192.168.1.102 /onlineexamtest/index/index/register
INFO: [ app_begin ] --START--
INFO: Run Behavior\ReadHtmlCache [ RunTime:0.001242s ]
INFO: [ app_begin ] --END-- [ RunTime:0.002511s ]
NOTIC: [8192] mysql_connect(): The mysql extension is deprecated and will be removed in the future: use mysqli or PDO instead D:\wamp\www\OnlineExamTest\ThinkPHP\Library\Think\Db\Driver\Mysql.class.php 第 52 行.
SQL: SHOW COLUMNS FROM `user` [ RunTime:0.011683s ]
SQL: select * from user where SchoolID = 13008038  [ RunTime:0.000628s ]
SQL: insert into user (SchoolID,Name,Password,TelNo) values (13008038,'方明','123456','18502410459') [ RunTime:0.137679s ]
ERR: 1062:Duplicata du champ '13008038' pour la clef 'SchoolID'
 [ SQL语句 ] : insert into user (SchoolID,Name,Password,TelNo) values (13008038,'方明','123456','18502410459')
INFO: [ app_end ] --START--
INFO: Run Behavior\ShowPageTrace [ RunTime:0.002951s ]
INFO: [ app_end ] --END-- [ RunTime:0.004475s ]

[ 2017-04-19T13:23:56+08:00 ] 192.168.1.102 /onlineexamtest/index/index/login
INFO: [ app_begin ] --START--
INFO: Run Behavior\ReadHtmlCache [ RunTime:0.003349s ]
INFO: [ app_begin ] --END-- [ RunTime:0.005855s ]
NOTIC: [8192] mysql_connect(): The mysql extension is deprecated and will be removed in the future: use mysqli or PDO instead D:\wamp\www\OnlineExamTest\ThinkPHP\Library\Think\Db\Driver\Mysql.class.php 第 52 行.
SQL: SHOW COLUMNS FROM `user` [ RunTime:0.006130s ]
SQL: select * from user where SchoolID = 13008038  [ RunTime:0.000370s ]
SQL: select * from user where SchoolID = 13008038 and Password = 123456 [ RunTime:0.000237s ]
INFO: [ app_end ] --START--
INFO: Run Behavior\ShowPageTrace [ RunTime:0.000978s ]
INFO: [ app_end ] --END-- [ RunTime:0.001144s ]

[ 2017-04-19T13:26:48+08:00 ] 192.168.1.102 /onlineexamtest/index/exam/index
INFO: [ app_begin ] --START--
INFO: Run Behavior\ReadHtmlCache [ RunTime:0.003761s ]
INFO: [ app_begin ] --END-- [ RunTime:0.005233s ]
NOTIC: [8192] mysql_connect(): The mysql extension is deprecated and will be removed in the future: use mysqli or PDO instead D:\wamp\www\OnlineExamTest\ThinkPHP\Library\Think\Db\Driver\Mysql.class.php 第 52 行.
SQL: SHOW COLUMNS FROM `course` [ RunTime:0.007284s ]
SQL: select DISTINCT c.CourseID,c.CourseName,c.CreateDate,c.DeadLine,c.Context from course c
				left join course_student cs on cs.CourseID = c.CourseID
				right join course_question cq on cq.CourseID = c.CourseID
				where cs.StudentID = 13008038 and cs.IsAnswered = 0 [ RunTime:0.085487s ]
INFO: [ app_end ] --START--
INFO: Run Behavior\ShowPageTrace [ RunTime:0.001533s ]
INFO: [ app_end ] --END-- [ RunTime:0.001831s ]

[ 2017-04-19T13:27:06+08:00 ] 192.168.1.102 /onlineexamtest/index/others/getscore
INFO: [ app_begin ] --START--
INFO: Run Behavior\ReadHtmlCache [ RunTime:0.000562s ]
INFO: [ app_begin ] --END-- [ RunTime:0.001216s ]
NOTIC: [8192] mysql_connect(): The mysql extension is deprecated and will be removed in the future: use mysqli or PDO instead D:\wamp\www\OnlineExamTest\ThinkPHP\Library\Think\Db\Driver\Mysql.class.php 第 52 行.
SQL: SHOW COLUMNS FROM `course` [ RunTime:0.030506s ]
SQL: select DISTINCT c.CourseID,c.CourseName,c.CreateDate,c.DeadLine,c.Context,cs.Score from course c
				left join course_student cs on cs.CourseID = c.CourseID
				right join course_question cq on cq.CourseID = c.CourseID
				where cs.StudentID = 13008038 and cs.IsAnswered = 1 [ RunTime:0.034017s ]
INFO: [ app_end ] --START--
INFO: Run Behavior\ShowPageTrace [ RunTime:0.001234s ]
INFO: [ app_end ] --END-- [ RunTime:0.001530s ]

[ 2017-04-19T21:19:06+08:00 ] 192.168.1.107 /onlineexamtest/index/index/login
INFO: [ app_begin ] --START--
INFO: Run Behavior\ReadHtmlCache [ RunTime:0.006668s ]
INFO: [ app_begin ] --END-- [ RunTime:0.066949s ]
NOTIC: [8192] mysql_connect(): The mysql extension is deprecated and will be removed in the future: use mysqli or PDO instead D:\wamp\www\OnlineExamTest\ThinkPHP\Library\Think\Db\Driver\Mysql.class.php 第 52 行.
SQL: SHOW COLUMNS FROM `user` [ RunTime:0.142769s ]
SQL: select * from user where SchoolID = 13000000  [ RunTime:0.034068s ]
SQL: select * from user where SchoolID = 13000000 and Password = 123456 [ RunTime:0.006377s ]
INFO: [ app_end ] --START--
INFO: Run Behavior\ShowPageTrace [ RunTime:0.035296s ]
INFO: [ app_end ] --END-- [ RunTime:0.036019s ]

[ 2017-04-19T21:19:06+08:00 ] 192.168.1.107 /onlineexamtest/index/index/login
INFO: [ app_begin ] --START--
INFO: Run Behavior\ReadHtmlCache [ RunTime:0.003017s ]
INFO: [ app_begin ] --END-- [ RunTime:0.005366s ]
NOTIC: [8192] mysql_connect(): The mysql extension is deprecated and will be removed in the future: use mysqli or PDO instead D:\wamp\www\OnlineExamTest\ThinkPHP\Library\Think\Db\Driver\Mysql.class.php 第 52 行.
SQL: SHOW COLUMNS FROM `user` [ RunTime:0.015531s ]
SQL: select * from user where SchoolID = 13000000  [ RunTime:0.000799s ]
SQL: select * from user where SchoolID = 13000000 and Password = 123456 [ RunTime:0.000732s ]
INFO: [ app_end ] --START--
INFO: Run Behavior\ShowPageTrace [ RunTime:0.002911s ]
INFO: [ app_end ] --END-- [ RunTime:0.003435s ]

[ 2017-04-19T21:19:12+08:00 ] 192.168.1.107 /onlineexamtest/index/index/login
INFO: [ app_begin ] --START--
INFO: Run Behavior\ReadHtmlCache [ RunTime:0.002003s ]
INFO: [ app_begin ] --END-- [ RunTime:0.004100s ]
NOTIC: [8192] mysql_connect(): The mysql extension is deprecated and will be removed in the future: use mysqli or PDO instead D:\wamp\www\OnlineExamTest\ThinkPHP\Library\Think\Db\Driver\Mysql.class.php 第 52 行.
SQL: SHOW COLUMNS FROM `user` [ RunTime:0.014525s ]
SQL: select * from user where SchoolID = 13000000  [ RunTime:0.000850s ]
SQL: select * from user where SchoolID = 13000000 and Password = 456789 [ RunTime:0.000746s ]
INFO: [ app_end ] --START--
INFO: Run Behavior\ShowPageTrace [ RunTime:0.002050s ]
INFO: [ app_end ] --END-- [ RunTime:0.002602s ]

[ 2017-04-19T21:31:08+08:00 ] 192.168.1.107 /onlineexamtest/index/t_exam/getcourse
INFO: [ app_begin ] --START--
INFO: Run Behavior\ReadHtmlCache [ RunTime:0.001187s ]
INFO: [ app_begin ] --END-- [ RunTime:0.002138s ]
NOTIC: [8192] mysql_connect(): The mysql extension is deprecated and will be removed in the future: use mysqli or PDO instead D:\wamp\www\OnlineExamTest\ThinkPHP\Library\Think\Db\Driver\Mysql.class.php 第 52 行.
SQL: SHOW COLUMNS FROM `course` [ RunTime:0.007818s ]
SQL: select DISTINCT c.CourseID,c.CourseName from course c
				left join course_teacher ct on ct.CourseID = c.CourseID
				where ct.TeacherID = 13000000  [ RunTime:0.329933s ]
INFO: [ app_end ] --START--
INFO: Run Behavior\ShowPageTrace [ RunTime:0.001217s ]
INFO: [ app_end ] --END-- [ RunTime:0.001470s ]

[ 2017-04-19T21:31:08+08:00 ] 192.168.1.107 /onlineexamtest/index/t_exam/getquestion
INFO: [ app_begin ] --START--
INFO: Run Behavior\ReadHtmlCache [ RunTime:0.004792s ]
INFO: [ app_begin ] --END-- [ RunTime:0.006170s ]
NOTIC: [8192] mysql_connect(): The mysql extension is deprecated and will be removed in the future: use mysqli or PDO instead D:\wamp\www\OnlineExamTest\ThinkPHP\Library\Think\Db\Driver\Mysql.class.php 第 52 行.
SQL: SHOW COLUMNS FROM `course` [ RunTime:0.141051s ]
SQL: SELECT ct.CourseID,q.QuestionID,q.Question,q.ChoiceA,q.ChoiceB,q.ChoiceC,q.ChoiceD,q.Answer,q.Score FROM question q 
				LEFT JOIN course_question cq ON cq.QuestionID = q.QuestionID
				LEFT JOIN course c ON c.CourseID = cq.CourseID
				LEFT JOIN course_teacher ct ON ct.CourseID = c.CourseID
				WHERE ct.TeacherID = 13000000 [ RunTime:0.226830s ]
INFO: [ app_end ] --START--
INFO: Run Behavior\ShowPageTrace [ RunTime:0.001345s ]
INFO: [ app_end ] --END-- [ RunTime:0.001608s ]

