[ 2017-03-25T20:14:02+08:00 ] 192.168.199.231 /onlineexamtest/index/others/getscore
INFO: [ app_begin ] --START--
INFO: Run Behavior\ReadHtmlCache [ RunTime:0.249660s ]
INFO: [ app_begin ] --END-- [ RunTime:0.301681s ]
NOTIC: [8192] mysql_connect(): The mysql extension is deprecated and will be removed in the future: use mysqli or PDO instead D:\wamp\www\OnlineExamTest\ThinkPHP\Library\Think\Db\Driver\Mysql.class.php 第 52 行.
SQL: SHOW COLUMNS FROM `course` [ RunTime:0.341779s ]
INFO: [ app_end ] --START--
INFO: Run Behavior\ShowPageTrace [ RunTime:0.075959s ]
INFO: [ app_end ] --END-- [ RunTime:0.076808s ]

[ 2017-03-25T20:32:30+08:00 ] 192.168.199.244 /onlineexamtest/index/exam/index
INFO: [ app_begin ] --START--
INFO: Run Behavior\ReadHtmlCache [ RunTime:0.006817s ]
INFO: [ app_begin ] --END-- [ RunTime:0.023332s ]
NOTIC: [8192] mysql_connect(): The mysql extension is deprecated and will be removed in the future: use mysqli or PDO instead D:\wamp\www\OnlineExamTest\ThinkPHP\Library\Think\Db\Driver\Mysql.class.php 第 52 行.
SQL: SHOW COLUMNS FROM `course` [ RunTime:0.129216s ]
SQL: select DISTINCT c.CourseID,c.CourseName,c.CreateDate,c.DeadLine,c.Context from course c
				left join course_student cs on cs.CourseID = c.CourseID
				right join course_question cq on cq.CourseID = c.CourseID
				where cs.StudentID = 13008038 and cs.IsAnswered = 0 [ RunTime:0.030572s ]
INFO: [ app_end ] --START--
INFO: Run Behavior\ShowPageTrace [ RunTime:0.012171s ]
INFO: [ app_end ] --END-- [ RunTime:0.012726s ]

[ 2017-03-25T20:32:31+08:00 ] 192.168.199.244 /onlineexamtest/index/exam/getquestion
INFO: [ app_begin ] --START--
INFO: Run Behavior\ReadHtmlCache [ RunTime:0.002611s ]
INFO: [ app_begin ] --END-- [ RunTime:0.005385s ]
NOTIC: [8192] mysql_connect(): The mysql extension is deprecated and will be removed in the future: use mysqli or PDO instead D:\wamp\www\OnlineExamTest\ThinkPHP\Library\Think\Db\Driver\Mysql.class.php 第 52 行.
SQL: SHOW COLUMNS FROM `course` [ RunTime:0.065628s ]
SQL: SELECT q.QuestionID,q.Question,q.ChoiceA,q.ChoiceB,q.ChoiceC,q.ChoiceD,q.Answer,q.Score FROM question q 
				LEFT JOIN course_question cq ON cq.QuestionID = q.QuestionID
				LEFT JOIN course c ON c.CourseID = cq.CourseID
				WHERE c.CourseID = 2 [ RunTime:0.046314s ]
INFO: [ app_end ] --START--
INFO: Run Behavior\ShowPageTrace [ RunTime:0.002116s ]
INFO: [ app_end ] --END-- [ RunTime:0.002666s ]

[ 2017-03-25T20:33:07+08:00 ] 192.168.199.244 /onlineexamtest/index/exam/index
INFO: [ app_begin ] --START--
INFO: Run Behavior\ReadHtmlCache [ RunTime:0.003383s ]
INFO: [ app_begin ] --END-- [ RunTime:0.006144s ]
NOTIC: [8192] mysql_connect(): The mysql extension is deprecated and will be removed in the future: use mysqli or PDO instead D:\wamp\www\OnlineExamTest\ThinkPHP\Library\Think\Db\Driver\Mysql.class.php 第 52 行.
SQL: SHOW COLUMNS FROM `course` [ RunTime:0.042840s ]
SQL: select DISTINCT c.CourseID,c.CourseName,c.CreateDate,c.DeadLine,c.Context from course c
				left join course_student cs on cs.CourseID = c.CourseID
				right join course_question cq on cq.CourseID = c.CourseID
				where cs.StudentID = 13008038 and cs.IsAnswered = 0 [ RunTime:0.002966s ]
INFO: [ app_end ] --START--
INFO: Run Behavior\ShowPageTrace [ RunTime:0.002090s ]
INFO: [ app_end ] --END-- [ RunTime:0.002693s ]

[ 2017-03-25T20:33:07+08:00 ] 192.168.199.244 /onlineexamtest/index/exam/getquestion
INFO: [ app_begin ] --START--
INFO: Run Behavior\ReadHtmlCache [ RunTime:0.002109s ]
INFO: [ app_begin ] --END-- [ RunTime:0.004328s ]
NOTIC: [8192] mysql_connect(): The mysql extension is deprecated and will be removed in the future: use mysqli or PDO instead D:\wamp\www\OnlineExamTest\ThinkPHP\Library\Think\Db\Driver\Mysql.class.php 第 52 行.
SQL: SHOW COLUMNS FROM `course` [ RunTime:0.026845s ]
SQL: SELECT q.QuestionID,q.Question,q.ChoiceA,q.ChoiceB,q.ChoiceC,q.ChoiceD,q.Answer,q.Score FROM question q 
				LEFT JOIN course_question cq ON cq.QuestionID = q.QuestionID
				LEFT JOIN course c ON c.CourseID = cq.CourseID
				WHERE c.CourseID = 2 [ RunTime:0.001171s ]
INFO: [ app_end ] --START--
INFO: Run Behavior\ShowPageTrace [ RunTime:0.002086s ]
INFO: [ app_end ] --END-- [ RunTime:0.002817s ]

[ 2017-03-25T20:50:29+08:00 ] 192.168.199.244 /onlineexamtest/index/index/login
INFO: [ app_begin ] --START--
INFO: Run Behavior\ReadHtmlCache [ RunTime:0.040304s ]
INFO: [ app_begin ] --END-- [ RunTime:0.055743s ]
NOTIC: [8192] mysql_connect(): The mysql extension is deprecated and will be removed in the future: use mysqli or PDO instead D:\wamp\www\OnlineExamTest\ThinkPHP\Library\Think\Db\Driver\Mysql.class.php 第 52 行.
SQL: SHOW COLUMNS FROM `user` [ RunTime:0.204428s ]
SQL: select * from user where SchoolID = 13008038 and Password = 123456 [ RunTime:0.195458s ]
INFO: [ app_end ] --START--
INFO: Run Behavior\ShowPageTrace [ RunTime:0.030701s ]
INFO: [ app_end ] --END-- [ RunTime:0.031090s ]

[ 2017-03-25T20:50:30+08:00 ] 192.168.199.244 /onlineexamtest/index/index/login
INFO: [ app_begin ] --START--
INFO: Run Behavior\ReadHtmlCache [ RunTime:0.001557s ]
INFO: [ app_begin ] --END-- [ RunTime:0.003647s ]
NOTIC: [8192] mysql_connect(): The mysql extension is deprecated and will be removed in the future: use mysqli or PDO instead D:\wamp\www\OnlineExamTest\ThinkPHP\Library\Think\Db\Driver\Mysql.class.php 第 52 行.
SQL: SHOW COLUMNS FROM `user` [ RunTime:0.060795s ]
SQL: select * from user where SchoolID = 13008038 and Password = 123456 [ RunTime:0.000407s ]
INFO: [ app_end ] --START--
INFO: Run Behavior\ShowPageTrace [ RunTime:0.001132s ]
INFO: [ app_end ] --END-- [ RunTime:0.001347s ]

[ 2017-03-25T20:50:33+08:00 ] 192.168.199.244 /onlineexamtest/index/exam/index
INFO: [ app_begin ] --START--
INFO: Run Behavior\ReadHtmlCache [ RunTime:0.000803s ]
INFO: [ app_begin ] --END-- [ RunTime:0.001646s ]
NOTIC: [8192] mysql_connect(): The mysql extension is deprecated and will be removed in the future: use mysqli or PDO instead D:\wamp\www\OnlineExamTest\ThinkPHP\Library\Think\Db\Driver\Mysql.class.php 第 52 行.
SQL: SHOW COLUMNS FROM `course` [ RunTime:0.073580s ]
SQL: select DISTINCT c.CourseID,c.CourseName,c.CreateDate,c.DeadLine,c.Context from course c
				left join course_student cs on cs.CourseID = c.CourseID
				right join course_question cq on cq.CourseID = c.CourseID
				where cs.StudentID = 13008038 and cs.IsAnswered = 0 [ RunTime:0.001417s ]
INFO: [ app_end ] --START--
INFO: Run Behavior\ShowPageTrace [ RunTime:0.001245s ]
INFO: [ app_end ] --END-- [ RunTime:0.001584s ]

[ 2017-03-25T20:50:34+08:00 ] 192.168.199.244 /onlineexamtest/index/exam/getquestion
INFO: [ app_begin ] --START--
INFO: Run Behavior\ReadHtmlCache [ RunTime:0.000587s ]
INFO: [ app_begin ] --END-- [ RunTime:0.001172s ]
NOTIC: [8192] mysql_connect(): The mysql extension is deprecated and will be removed in the future: use mysqli or PDO instead D:\wamp\www\OnlineExamTest\ThinkPHP\Library\Think\Db\Driver\Mysql.class.php 第 52 行.
SQL: SHOW COLUMNS FROM `course` [ RunTime:0.008872s ]
SQL: SELECT q.QuestionID,q.Question,q.ChoiceA,q.ChoiceB,q.ChoiceC,q.ChoiceD,q.Answer,q.Score FROM question q 
				LEFT JOIN course_question cq ON cq.QuestionID = q.QuestionID
				LEFT JOIN course c ON c.CourseID = cq.CourseID
				WHERE c.CourseID = 2 [ RunTime:0.001556s ]
INFO: [ app_end ] --START--
INFO: Run Behavior\ShowPageTrace [ RunTime:0.001010s ]
INFO: [ app_end ] --END-- [ RunTime:0.001221s ]

[ 2017-03-25T20:50:37+08:00 ] 192.168.199.244 /onlineexamtest/index/others/getscore
INFO: [ app_begin ] --START--
INFO: Run Behavior\ReadHtmlCache [ RunTime:0.002019s ]
INFO: [ app_begin ] --END-- [ RunTime:0.003033s ]
NOTIC: [8192] mysql_connect(): The mysql extension is deprecated and will be removed in the future: use mysqli or PDO instead D:\wamp\www\OnlineExamTest\ThinkPHP\Library\Think\Db\Driver\Mysql.class.php 第 52 行.
SQL: SHOW COLUMNS FROM `course` [ RunTime:0.010396s ]
SQL: select DISTINCT c.CourseID,c.CourseName,c.CreateDate,c.DeadLine,c.Context,cs.Score from course c
				left join course_student cs on cs.CourseID = c.CourseID
				right join course_question cq on cq.CourseID = c.CourseID
				where cs.StudentID = 13008038 and cs.IsAnswered = 1 [ RunTime:0.001335s ]
INFO: [ app_end ] --START--
INFO: Run Behavior\ShowPageTrace [ RunTime:0.001162s ]
INFO: [ app_end ] --END-- [ RunTime:0.001545s ]

[ 2017-03-25T20:51:48+08:00 ] 192.168.199.244 /onlineexamtest/index/exam/index
INFO: [ app_begin ] --START--
INFO: Run Behavior\ReadHtmlCache [ RunTime:0.002470s ]
INFO: [ app_begin ] --END-- [ RunTime:0.005689s ]
NOTIC: [8192] mysql_connect(): The mysql extension is deprecated and will be removed in the future: use mysqli or PDO instead D:\wamp\www\OnlineExamTest\ThinkPHP\Library\Think\Db\Driver\Mysql.class.php 第 52 行.
SQL: SHOW COLUMNS FROM `course` [ RunTime:0.027206s ]
SQL: select DISTINCT c.CourseID,c.CourseName,c.CreateDate,c.DeadLine,c.Context from course c
				left join course_student cs on cs.CourseID = c.CourseID
				right join course_question cq on cq.CourseID = c.CourseID
				where cs.StudentID = 13008038 and cs.IsAnswered = 0 [ RunTime:0.018561s ]
INFO: [ app_end ] --START--
INFO: Run Behavior\ShowPageTrace [ RunTime:0.002148s ]
INFO: [ app_end ] --END-- [ RunTime:0.002810s ]

[ 2017-03-25T20:51:51+08:00 ] 192.168.199.244 /onlineexamtest/index/exam/index
INFO: [ app_begin ] --START--
INFO: Run Behavior\ReadHtmlCache [ RunTime:0.001920s ]
INFO: [ app_begin ] --END-- [ RunTime:0.004174s ]
NOTIC: [8192] mysql_connect(): The mysql extension is deprecated and will be removed in the future: use mysqli or PDO instead D:\wamp\www\OnlineExamTest\ThinkPHP\Library\Think\Db\Driver\Mysql.class.php 第 52 行.
SQL: SHOW COLUMNS FROM `course` [ RunTime:0.095005s ]
SQL: select DISTINCT c.CourseID,c.CourseName,c.CreateDate,c.DeadLine,c.Context from course c
				left join course_student cs on cs.CourseID = c.CourseID
				right join course_question cq on cq.CourseID = c.CourseID
				where cs.StudentID = 13008038 and cs.IsAnswered = 0 [ RunTime:0.005478s ]
INFO: [ app_end ] --START--
INFO: Run Behavior\ShowPageTrace [ RunTime:0.001274s ]
INFO: [ app_end ] --END-- [ RunTime:0.001587s ]

[ 2017-03-25T20:51:52+08:00 ] 192.168.199.244 /onlineexamtest/index/exam/getquestion
INFO: [ app_begin ] --START--
INFO: Run Behavior\ReadHtmlCache [ RunTime:0.000906s ]
INFO: [ app_begin ] --END-- [ RunTime:0.001664s ]
NOTIC: [8192] mysql_connect(): The mysql extension is deprecated and will be removed in the future: use mysqli or PDO instead D:\wamp\www\OnlineExamTest\ThinkPHP\Library\Think\Db\Driver\Mysql.class.php 第 52 行.
SQL: SHOW COLUMNS FROM `course` [ RunTime:0.008823s ]
SQL: SELECT q.QuestionID,q.Question,q.ChoiceA,q.ChoiceB,q.ChoiceC,q.ChoiceD,q.Answer,q.Score FROM question q 
				LEFT JOIN course_question cq ON cq.QuestionID = q.QuestionID
				LEFT JOIN course c ON c.CourseID = cq.CourseID
				WHERE c.CourseID = 2 [ RunTime:0.000961s ]
INFO: [ app_end ] --START--
INFO: Run Behavior\ShowPageTrace [ RunTime:0.001605s ]
INFO: [ app_end ] --END-- [ RunTime:0.001983s ]

[ 2017-03-25T20:52:09+08:00 ] 192.168.199.244 /onlineexamtest/index/others/getscore
INFO: [ app_begin ] --START--
INFO: Run Behavior\ReadHtmlCache [ RunTime:0.000965s ]
INFO: [ app_begin ] --END-- [ RunTime:0.001786s ]
NOTIC: [8192] mysql_connect(): The mysql extension is deprecated and will be removed in the future: use mysqli or PDO instead D:\wamp\www\OnlineExamTest\ThinkPHP\Library\Think\Db\Driver\Mysql.class.php 第 52 行.
SQL: SHOW COLUMNS FROM `course` [ RunTime:0.009312s ]
SQL: select DISTINCT c.CourseID,c.CourseName,c.CreateDate,c.DeadLine,c.Context,cs.Score from course c
				left join course_student cs on cs.CourseID = c.CourseID
				right join course_question cq on cq.CourseID = c.CourseID
				where cs.StudentID = 13008038 and cs.IsAnswered = 1 [ RunTime:0.001187s ]
INFO: [ app_end ] --START--
INFO: Run Behavior\ShowPageTrace [ RunTime:0.001063s ]
INFO: [ app_end ] --END-- [ RunTime:0.001378s ]

[ 2017-03-25T21:21:25+08:00 ] 192.168.199.231 /onlineexamtest/index/others/pick
INFO: [ app_begin ] --START--
INFO: Run Behavior\ReadHtmlCache [ RunTime:0.006790s ]
INFO: [ app_begin ] --END-- [ RunTime:0.021815s ]
NOTIC: [8192] mysql_connect(): The mysql extension is deprecated and will be removed in the future: use mysqli or PDO instead D:\wamp\www\OnlineExamTest\ThinkPHP\Library\Think\Db\Driver\Mysql.class.php 第 52 行.
SQL: SHOW COLUMNS FROM `course` [ RunTime:0.011814s ]
INFO: [ app_end ] --START--
INFO: Run Behavior\ShowPageTrace [ RunTime:0.001661s ]
INFO: [ app_end ] --END-- [ RunTime:0.001955s ]

[ 2017-03-25T22:02:42+08:00 ] 192.168.199.244 /onlineexamtest/index/exam/index
INFO: [ app_begin ] --START--
INFO: Run Behavior\ReadHtmlCache [ RunTime:0.051229s ]
INFO: [ app_begin ] --END-- [ RunTime:0.083775s ]
NOTIC: [8192] mysql_connect(): The mysql extension is deprecated and will be removed in the future: use mysqli or PDO instead D:\wamp\www\OnlineExamTest\ThinkPHP\Library\Think\Db\Driver\Mysql.class.php 第 52 行.
SQL: SHOW COLUMNS FROM `course` [ RunTime:0.222112s ]
SQL: select DISTINCT c.CourseID,c.CourseName,c.CreateDate,c.DeadLine,c.Context from course c
				left join course_student cs on cs.CourseID = c.CourseID
				right join course_question cq on cq.CourseID = c.CourseID
				where cs.StudentID = 13008038 and cs.IsAnswered = 0 [ RunTime:0.002444s ]
INFO: [ app_end ] --START--
INFO: Run Behavior\ShowPageTrace [ RunTime:0.050808s ]
INFO: [ app_end ] --END-- [ RunTime:0.051681s ]

[ 2017-03-25T22:02:49+08:00 ] 192.168.199.244 /onlineexamtest/index/exam/index
INFO: [ app_begin ] --START--
INFO: Run Behavior\ReadHtmlCache [ RunTime:0.002424s ]
INFO: [ app_begin ] --END-- [ RunTime:0.005557s ]
NOTIC: [8192] mysql_connect(): The mysql extension is deprecated and will be removed in the future: use mysqli or PDO instead D:\wamp\www\OnlineExamTest\ThinkPHP\Library\Think\Db\Driver\Mysql.class.php 第 52 行.
SQL: SHOW COLUMNS FROM `course` [ RunTime:0.014336s ]
SQL: select DISTINCT c.CourseID,c.CourseName,c.CreateDate,c.DeadLine,c.Context from course c
				left join course_student cs on cs.CourseID = c.CourseID
				right join course_question cq on cq.CourseID = c.CourseID
				where cs.StudentID = 13008038 and cs.IsAnswered = 0 [ RunTime:0.002037s ]
INFO: [ app_end ] --START--
INFO: Run Behavior\ShowPageTrace [ RunTime:0.001665s ]
INFO: [ app_end ] --END-- [ RunTime:0.001958s ]

[ 2017-03-25T22:02:50+08:00 ] 192.168.199.244 /onlineexamtest/index/exam/getquestion
INFO: [ app_begin ] --START--
INFO: Run Behavior\ReadHtmlCache [ RunTime:0.000930s ]
INFO: [ app_begin ] --END-- [ RunTime:0.002355s ]
NOTIC: [8192] mysql_connect(): The mysql extension is deprecated and will be removed in the future: use mysqli or PDO instead D:\wamp\www\OnlineExamTest\ThinkPHP\Library\Think\Db\Driver\Mysql.class.php 第 52 行.
SQL: SHOW COLUMNS FROM `course` [ RunTime:0.071985s ]
SQL: SELECT q.QuestionID,q.Question,q.ChoiceA,q.ChoiceB,q.ChoiceC,q.ChoiceD,q.Answer,q.Score FROM question q 
				LEFT JOIN course_question cq ON cq.QuestionID = q.QuestionID
				LEFT JOIN course c ON c.CourseID = cq.CourseID
				WHERE c.CourseID = 2 [ RunTime:0.080401s ]
INFO: [ app_end ] --START--
INFO: Run Behavior\ShowPageTrace [ RunTime:0.001530s ]
INFO: [ app_end ] --END-- [ RunTime:0.001949s ]

[ 2017-03-25T22:02:55+08:00 ] 192.168.199.244 /onlineexamtest/index/others/getscore
INFO: [ app_begin ] --START--
INFO: Run Behavior\ReadHtmlCache [ RunTime:0.001837s ]
INFO: [ app_begin ] --END-- [ RunTime:0.003730s ]
NOTIC: [8192] mysql_connect(): The mysql extension is deprecated and will be removed in the future: use mysqli or PDO instead D:\wamp\www\OnlineExamTest\ThinkPHP\Library\Think\Db\Driver\Mysql.class.php 第 52 行.
SQL: SHOW COLUMNS FROM `course` [ RunTime:0.054066s ]
SQL: select DISTINCT c.CourseID,c.CourseName,c.CreateDate,c.DeadLine,c.Context,cs.Score from course c
				left join course_student cs on cs.CourseID = c.CourseID
				right join course_question cq on cq.CourseID = c.CourseID
				where cs.StudentID = 13008038 and cs.IsAnswered = 1 [ RunTime:0.002473s ]
INFO: [ app_end ] --START--
INFO: Run Behavior\ShowPageTrace [ RunTime:0.002702s ]
INFO: [ app_end ] --END-- [ RunTime:0.003430s ]

[ 2017-03-25T22:02:58+08:00 ] 192.168.199.244 /onlineexamtest/index/others/getcourse
INFO: [ app_begin ] --START--
INFO: Run Behavior\ReadHtmlCache [ RunTime:0.001541s ]
INFO: [ app_begin ] --END-- [ RunTime:0.003373s ]
NOTIC: [8192] mysql_connect(): The mysql extension is deprecated and will be removed in the future: use mysqli or PDO instead D:\wamp\www\OnlineExamTest\ThinkPHP\Library\Think\Db\Driver\Mysql.class.php 第 52 行.
SQL: SHOW COLUMNS FROM `course` [ RunTime:0.023963s ]
SQL: select c.CourseID,c.CourseName from course c
				where c.CourseID not in (select cs.CourseID from course_student cs where cs.StudentID = 13008038) [ RunTime:0.057415s ]
INFO: [ app_end ] --START--
INFO: Run Behavior\ShowPageTrace [ RunTime:0.001364s ]
INFO: [ app_end ] --END-- [ RunTime:0.001708s ]

[ 2017-03-25T22:05:53+08:00 ] 192.168.199.244 /onlineexamtest/index/others/getcourse
INFO: [ app_begin ] --START--
INFO: Run Behavior\ReadHtmlCache [ RunTime:0.018130s ]
INFO: [ app_begin ] --END-- [ RunTime:0.031745s ]
NOTIC: [8192] mysql_connect(): The mysql extension is deprecated and will be removed in the future: use mysqli or PDO instead D:\wamp\www\OnlineExamTest\ThinkPHP\Library\Think\Db\Driver\Mysql.class.php 第 52 行.
SQL: SHOW COLUMNS FROM `course` [ RunTime:0.057448s ]
SQL: select c.CourseID,c.CourseName from course c
				where c.CourseID not in (select cs.CourseID from course_student cs where cs.StudentID = 13008038) [ RunTime:0.001202s ]
INFO: [ app_end ] --START--
INFO: Run Behavior\ShowPageTrace [ RunTime:0.001444s ]
INFO: [ app_end ] --END-- [ RunTime:0.001646s ]

[ 2017-03-25T22:07:05+08:00 ] 192.168.199.244 /onlineexamtest/index/others/getcourse
INFO: [ app_begin ] --START--
INFO: Run Behavior\ReadHtmlCache [ RunTime:0.000569s ]
INFO: [ app_begin ] --END-- [ RunTime:0.001205s ]
NOTIC: [8192] mysql_connect(): The mysql extension is deprecated and will be removed in the future: use mysqli or PDO instead D:\wamp\www\OnlineExamTest\ThinkPHP\Library\Think\Db\Driver\Mysql.class.php 第 52 行.
SQL: SHOW COLUMNS FROM `course` [ RunTime:0.009624s ]
SQL: select c.CourseID,c.CourseName from course c
				where c.CourseID not in (select cs.CourseID from course_student cs where cs.StudentID = 13008038) [ RunTime:0.000966s ]
INFO: [ app_end ] --START--
INFO: Run Behavior\ShowPageTrace [ RunTime:0.000948s ]
INFO: [ app_end ] --END-- [ RunTime:0.001122s ]

[ 2017-03-25T22:17:43+08:00 ] 192.168.199.244 /onlineexamtest/index/others/getcourse
INFO: [ app_begin ] --START--
INFO: Run Behavior\ReadHtmlCache [ RunTime:0.017139s ]
INFO: [ app_begin ] --END-- [ RunTime:0.039620s ]
NOTIC: [8192] mysql_connect(): The mysql extension is deprecated and will be removed in the future: use mysqli or PDO instead D:\wamp\www\OnlineExamTest\ThinkPHP\Library\Think\Db\Driver\Mysql.class.php 第 52 行.
SQL: SHOW COLUMNS FROM `course` [ RunTime:0.274138s ]
SQL: select c.CourseID,c.CourseName from course c
				where c.CourseID not in (select cs.CourseID from course_student cs where cs.StudentID = 13008038) [ RunTime:0.018022s ]
INFO: [ app_end ] --START--
INFO: Run Behavior\ShowPageTrace [ RunTime:0.073663s ]
INFO: [ app_end ] --END-- [ RunTime:0.073860s ]

[ 2017-03-25T22:17:43+08:00 ] 192.168.199.244 /onlineexamtest/index/others/getcourse
INFO: [ app_begin ] --START--
INFO: Run Behavior\ReadHtmlCache [ RunTime:0.000978s ]
INFO: [ app_begin ] --END-- [ RunTime:0.001683s ]
NOTIC: [8192] mysql_connect(): The mysql extension is deprecated and will be removed in the future: use mysqli or PDO instead D:\wamp\www\OnlineExamTest\ThinkPHP\Library\Think\Db\Driver\Mysql.class.php 第 52 行.
SQL: SHOW COLUMNS FROM `course` [ RunTime:0.329612s ]
SQL: select c.CourseID,c.CourseName from course c
				where c.CourseID not in (select cs.CourseID from course_student cs where cs.StudentID = 13008038) [ RunTime:0.048560s ]
INFO: [ app_end ] --START--
INFO: Run Behavior\ShowPageTrace [ RunTime:0.001444s ]
INFO: [ app_end ] --END-- [ RunTime:0.001751s ]

[ 2017-03-25T22:27:41+08:00 ] 192.168.199.231 /onlineexamtest/index/others/pick
INFO: [ app_begin ] --START--
INFO: Run Behavior\ReadHtmlCache [ RunTime:0.018151s ]
INFO: [ app_begin ] --END-- [ RunTime:0.042093s ]
NOTIC: [8192] mysql_connect(): The mysql extension is deprecated and will be removed in the future: use mysqli or PDO instead D:\wamp\www\OnlineExamTest\ThinkPHP\Library\Think\Db\Driver\Mysql.class.php 第 52 行.
SQL: SHOW COLUMNS FROM `course` [ RunTime:0.063416s ]
INFO: [ app_end ] --START--
INFO: Run Behavior\ShowPageTrace [ RunTime:0.021142s ]
INFO: [ app_end ] --END-- [ RunTime:0.021537s ]

[ 2017-03-25T22:39:27+08:00 ] 192.168.199.244 /onlineexamtest/index/others/getcourse
INFO: [ app_begin ] --START--
INFO: Run Behavior\ReadHtmlCache [ RunTime:0.057665s ]
INFO: [ app_begin ] --END-- [ RunTime:0.082876s ]
NOTIC: [8192] mysql_connect(): The mysql extension is deprecated and will be removed in the future: use mysqli or PDO instead D:\wamp\www\OnlineExamTest\ThinkPHP\Library\Think\Db\Driver\Mysql.class.php 第 52 行.
SQL: SHOW COLUMNS FROM `course` [ RunTime:0.140900s ]
SQL: select c.CourseID,c.CourseName from course c
				where c.CourseID not in (select cs.CourseID from course_student cs where cs.StudentID = 13008038) [ RunTime:0.077937s ]
INFO: [ app_end ] --START--
INFO: Run Behavior\ShowPageTrace [ RunTime:0.040386s ]
INFO: [ app_end ] --END-- [ RunTime:0.041292s ]

[ 2017-03-25T22:39:28+08:00 ] 192.168.199.244 /onlineexamtest/index/others/getcourse
INFO: [ app_begin ] --START--
INFO: Run Behavior\ReadHtmlCache [ RunTime:0.002274s ]
INFO: [ app_begin ] --END-- [ RunTime:0.005914s ]
NOTIC: [8192] mysql_connect(): The mysql extension is deprecated and will be removed in the future: use mysqli or PDO instead D:\wamp\www\OnlineExamTest\ThinkPHP\Library\Think\Db\Driver\Mysql.class.php 第 52 行.
SQL: SHOW COLUMNS FROM `course` [ RunTime:0.070160s ]
SQL: select c.CourseID,c.CourseName from course c
				where c.CourseID not in (select cs.CourseID from course_student cs where cs.StudentID = 13008038) [ RunTime:0.210289s ]
INFO: [ app_end ] --START--
INFO: Run Behavior\ShowPageTrace [ RunTime:0.004031s ]
INFO: [ app_end ] --END-- [ RunTime:0.005078s ]

[ 2017-03-25T22:39:35+08:00 ] 192.168.199.244 /onlineexamtest/index/others/pick
INFO: [ app_begin ] --START--
INFO: Run Behavior\ReadHtmlCache [ RunTime:0.001219s ]
INFO: [ app_begin ] --END-- [ RunTime:0.002483s ]
NOTIC: [8192] mysql_connect(): The mysql extension is deprecated and will be removed in the future: use mysqli or PDO instead D:\wamp\www\OnlineExamTest\ThinkPHP\Library\Think\Db\Driver\Mysql.class.php 第 52 行.
SQL: SHOW COLUMNS FROM `course` [ RunTime:0.010306s ]
NOTIC: [8] Undefined variable: courseidar D:\wamp\www\OnlineExamTest\Application\Index\Controller\OthersController.class.php 第 68 行.
NOTIC: [8] Undefined variable: id， D:\wamp\www\OnlineExamTest\Application\Index\Controller\OthersController.class.php 第 68 行.
NOTIC: [2] Invalid argument supplied for foreach() D:\wamp\www\OnlineExamTest\Application\Index\Model\OthersModel.class.php 第 30 行.
INFO: [ app_end ] --START--
INFO: Run Behavior\ShowPageTrace [ RunTime:0.001358s ]
INFO: [ app_end ] --END-- [ RunTime:0.001965s ]

[ 2017-03-25T22:40:28+08:00 ] 192.168.199.244 /onlineexamtest/index/others/getcourse
INFO: [ app_begin ] --START--
INFO: Run Behavior\ReadHtmlCache [ RunTime:0.001555s ]
INFO: [ app_begin ] --END-- [ RunTime:0.003376s ]
NOTIC: [8192] mysql_connect(): The mysql extension is deprecated and will be removed in the future: use mysqli or PDO instead D:\wamp\www\OnlineExamTest\ThinkPHP\Library\Think\Db\Driver\Mysql.class.php 第 52 行.
SQL: SHOW COLUMNS FROM `course` [ RunTime:0.029594s ]
SQL: select c.CourseID,c.CourseName from course c
				where c.CourseID not in (select cs.CourseID from course_student cs where cs.StudentID = 13008038) [ RunTime:0.003429s ]
INFO: [ app_end ] --START--
INFO: Run Behavior\ShowPageTrace [ RunTime:0.002372s ]
INFO: [ app_end ] --END-- [ RunTime:0.003183s ]

[ 2017-03-25T22:42:49+08:00 ] 192.168.199.244 /onlineexamtest/index/others/pick
INFO: [ app_begin ] --START--
INFO: Run Behavior\ReadHtmlCache [ RunTime:0.002810s ]
INFO: [ app_begin ] --END-- [ RunTime:0.005855s ]
NOTIC: [8192] mysql_connect(): The mysql extension is deprecated and will be removed in the future: use mysqli or PDO instead D:\wamp\www\OnlineExamTest\ThinkPHP\Library\Think\Db\Driver\Mysql.class.php 第 52 行.
SQL: SHOW COLUMNS FROM `course` [ RunTime:0.019803s ]
NOTIC: [8] Array to string conversion D:\wamp\www\OnlineExamTest\Application\Index\Controller\OthersController.class.php 第 69 行.
NOTIC: [8] Undefined variable: courseidar D:\wamp\www\OnlineExamTest\Application\Index\Controller\OthersController.class.php 第 70 行.
NOTIC: [8] Undefined variable: id， D:\wamp\www\OnlineExamTest\Application\Index\Controller\OthersController.class.php 第 70 行.
NOTIC: [2] Invalid argument supplied for foreach() D:\wamp\www\OnlineExamTest\Application\Index\Model\OthersModel.class.php 第 30 行.
INFO: [ app_end ] --START--
INFO: Run Behavior\ShowPageTrace [ RunTime:0.001342s ]
INFO: [ app_end ] --END-- [ RunTime:0.001591s ]

[ 2017-03-25T22:45:16+08:00 ] 192.168.199.244 /onlineexamtest/index/others/getcourse
INFO: [ app_begin ] --START--
INFO: Run Behavior\ReadHtmlCache [ RunTime:0.001589s ]
INFO: [ app_begin ] --END-- [ RunTime:0.002912s ]
NOTIC: [8192] mysql_connect(): The mysql extension is deprecated and will be removed in the future: use mysqli or PDO instead D:\wamp\www\OnlineExamTest\ThinkPHP\Library\Think\Db\Driver\Mysql.class.php 第 52 行.
SQL: SHOW COLUMNS FROM `course` [ RunTime:0.016669s ]
SQL: select c.CourseID,c.CourseName from course c
				where c.CourseID not in (select cs.CourseID from course_student cs where cs.StudentID = 13008038) [ RunTime:0.001620s ]
INFO: [ app_end ] --START--
INFO: Run Behavior\ShowPageTrace [ RunTime:0.001414s ]
INFO: [ app_end ] --END-- [ RunTime:0.001712s ]

[ 2017-03-25T22:45:18+08:00 ] 192.168.199.244 /onlineexamtest/index/others/pick
INFO: [ app_begin ] --START--
INFO: Run Behavior\ReadHtmlCache [ RunTime:0.002759s ]
INFO: [ app_begin ] --END-- [ RunTime:0.006522s ]
NOTIC: [8192] mysql_connect(): The mysql extension is deprecated and will be removed in the future: use mysqli or PDO instead D:\wamp\www\OnlineExamTest\ThinkPHP\Library\Think\Db\Driver\Mysql.class.php 第 52 行.
SQL: SHOW COLUMNS FROM `course` [ RunTime:0.055770s ]
NOTIC: [8] Undefined variable: courseidar D:\wamp\www\OnlineExamTest\Application\Index\Controller\OthersController.class.php 第 70 行.
NOTIC: [8] Undefined variable: id， D:\wamp\www\OnlineExamTest\Application\Index\Controller\OthersController.class.php 第 70 行.
NOTIC: [2] Invalid argument supplied for foreach() D:\wamp\www\OnlineExamTest\Application\Index\Model\OthersModel.class.php 第 30 行.
INFO: [ app_end ] --START--
INFO: Run Behavior\ShowPageTrace [ RunTime:0.002705s ]
INFO: [ app_end ] --END-- [ RunTime:0.003541s ]

[ 2017-03-25T22:45:36+08:00 ] 192.168.199.244 /onlineexamtest/index/others/getcourse
INFO: [ app_begin ] --START--
INFO: Run Behavior\ReadHtmlCache [ RunTime:0.003391s ]
INFO: [ app_begin ] --END-- [ RunTime:0.006643s ]
NOTIC: [8192] mysql_connect(): The mysql extension is deprecated and will be removed in the future: use mysqli or PDO instead D:\wamp\www\OnlineExamTest\ThinkPHP\Library\Think\Db\Driver\Mysql.class.php 第 52 行.
SQL: SHOW COLUMNS FROM `course` [ RunTime:0.025716s ]
SQL: select c.CourseID,c.CourseName from course c
				where c.CourseID not in (select cs.CourseID from course_student cs where cs.StudentID = 13008038) [ RunTime:0.016792s ]
INFO: [ app_end ] --START--
INFO: Run Behavior\ShowPageTrace [ RunTime:0.001684s ]
INFO: [ app_end ] --END-- [ RunTime:0.002195s ]

[ 2017-03-25T22:45:38+08:00 ] 192.168.199.244 /onlineexamtest/index/others/pick
INFO: [ app_begin ] --START--
INFO: Run Behavior\ReadHtmlCache [ RunTime:0.001115s ]
INFO: [ app_begin ] --END-- [ RunTime:0.002277s ]
NOTIC: [8192] mysql_connect(): The mysql extension is deprecated and will be removed in the future: use mysqli or PDO instead D:\wamp\www\OnlineExamTest\ThinkPHP\Library\Think\Db\Driver\Mysql.class.php 第 52 行.
SQL: SHOW COLUMNS FROM `course` [ RunTime:0.011461s ]
NOTIC: [8] Undefined variable: courseidar D:\wamp\www\OnlineExamTest\Application\Index\Controller\OthersController.class.php 第 70 行.
NOTIC: [8] Undefined variable: id， D:\wamp\www\OnlineExamTest\Application\Index\Controller\OthersController.class.php 第 70 行.
NOTIC: [2] Invalid argument supplied for foreach() D:\wamp\www\OnlineExamTest\Application\Index\Model\OthersModel.class.php 第 30 行.
INFO: [ app_end ] --START--
INFO: Run Behavior\ShowPageTrace [ RunTime:0.000794s ]
INFO: [ app_end ] --END-- [ RunTime:0.001036s ]

[ 2017-03-25T22:45:50+08:00 ] 192.168.199.244 /onlineexamtest/index/others/getcourse
INFO: [ app_begin ] --START--
INFO: Run Behavior\ReadHtmlCache [ RunTime:0.000742s ]
INFO: [ app_begin ] --END-- [ RunTime:0.001491s ]
NOTIC: [8192] mysql_connect(): The mysql extension is deprecated and will be removed in the future: use mysqli or PDO instead D:\wamp\www\OnlineExamTest\ThinkPHP\Library\Think\Db\Driver\Mysql.class.php 第 52 行.
SQL: SHOW COLUMNS FROM `course` [ RunTime:0.010779s ]
SQL: select c.CourseID,c.CourseName from course c
				where c.CourseID not in (select cs.CourseID from course_student cs where cs.StudentID = 13008038) [ RunTime:0.000941s ]
INFO: [ app_end ] --START--
INFO: Run Behavior\ShowPageTrace [ RunTime:0.000824s ]
INFO: [ app_end ] --END-- [ RunTime:0.001020s ]

[ 2017-03-25T22:45:52+08:00 ] 192.168.199.244 /onlineexamtest/index/others/pick
INFO: [ app_begin ] --START--
INFO: Run Behavior\ReadHtmlCache [ RunTime:0.000580s ]
INFO: [ app_begin ] --END-- [ RunTime:0.001226s ]
NOTIC: [8192] mysql_connect(): The mysql extension is deprecated and will be removed in the future: use mysqli or PDO instead D:\wamp\www\OnlineExamTest\ThinkPHP\Library\Think\Db\Driver\Mysql.class.php 第 52 行.
SQL: SHOW COLUMNS FROM `course` [ RunTime:0.008404s ]
NOTIC: [8] Undefined variable: courseidar D:\wamp\www\OnlineExamTest\Application\Index\Controller\OthersController.class.php 第 70 行.
NOTIC: [8] Undefined variable: id， D:\wamp\www\OnlineExamTest\Application\Index\Controller\OthersController.class.php 第 70 行.
NOTIC: [2] Invalid argument supplied for foreach() D:\wamp\www\OnlineExamTest\Application\Index\Model\OthersModel.class.php 第 30 行.
INFO: [ app_end ] --START--
INFO: Run Behavior\ShowPageTrace [ RunTime:0.000758s ]
INFO: [ app_end ] --END-- [ RunTime:0.000939s ]

[ 2017-03-25T22:46:45+08:00 ] 192.168.199.244 /onlineexamtest/index/others/getcourse
INFO: [ app_begin ] --START--
INFO: Run Behavior\ReadHtmlCache [ RunTime:0.006121s ]
INFO: [ app_begin ] --END-- [ RunTime:0.010094s ]
NOTIC: [8192] mysql_connect(): The mysql extension is deprecated and will be removed in the future: use mysqli or PDO instead D:\wamp\www\OnlineExamTest\ThinkPHP\Library\Think\Db\Driver\Mysql.class.php 第 52 行.
SQL: SHOW COLUMNS FROM `course` [ RunTime:0.025758s ]
SQL: select c.CourseID,c.CourseName from course c
				where c.CourseID not in (select cs.CourseID from course_student cs where cs.StudentID = 13008038) [ RunTime:0.003118s ]
INFO: [ app_end ] --START--
INFO: Run Behavior\ShowPageTrace [ RunTime:0.003260s ]
INFO: [ app_end ] --END-- [ RunTime:0.004104s ]

[ 2017-03-25T22:46:47+08:00 ] 192.168.199.244 /onlineexamtest/index/others/pick
INFO: [ app_begin ] --START--
INFO: Run Behavior\ReadHtmlCache [ RunTime:0.003050s ]
INFO: [ app_begin ] --END-- [ RunTime:0.005329s ]
NOTIC: [8192] mysql_connect(): The mysql extension is deprecated and will be removed in the future: use mysqli or PDO instead D:\wamp\www\OnlineExamTest\ThinkPHP\Library\Think\Db\Driver\Mysql.class.php 第 52 行.
SQL: SHOW COLUMNS FROM `course` [ RunTime:0.030705s ]
NOTIC: [8] Undefined variable: courseidar D:\wamp\www\OnlineExamTest\Application\Index\Controller\OthersController.class.php 第 70 行.
NOTIC: [8] Undefined variable: id， D:\wamp\www\OnlineExamTest\Application\Index\Controller\OthersController.class.php 第 70 行.
NOTIC: [2] Invalid argument supplied for foreach() D:\wamp\www\OnlineExamTest\Application\Index\Model\OthersModel.class.php 第 30 行.
INFO: [ app_end ] --START--
INFO: Run Behavior\ShowPageTrace [ RunTime:0.003926s ]
INFO: [ app_end ] --END-- [ RunTime:0.004995s ]

[ 2017-03-25T22:47:33+08:00 ] 192.168.199.244 /onlineexamtest/index/others/getcourse
INFO: [ app_begin ] --START--
INFO: Run Behavior\ReadHtmlCache [ RunTime:0.001123s ]
INFO: [ app_begin ] --END-- [ RunTime:0.002318s ]
NOTIC: [8192] mysql_connect(): The mysql extension is deprecated and will be removed in the future: use mysqli or PDO instead D:\wamp\www\OnlineExamTest\ThinkPHP\Library\Think\Db\Driver\Mysql.class.php 第 52 行.
SQL: SHOW COLUMNS FROM `course` [ RunTime:0.010626s ]
SQL: select c.CourseID,c.CourseName from course c
				where c.CourseID not in (select cs.CourseID from course_student cs where cs.StudentID = 13008038) [ RunTime:0.001062s ]
INFO: [ app_end ] --START--
INFO: Run Behavior\ShowPageTrace [ RunTime:0.002275s ]
INFO: [ app_end ] --END-- [ RunTime:0.002518s ]

[ 2017-03-25T22:47:35+08:00 ] 192.168.199.244 /onlineexamtest/index/others/pick
INFO: [ app_begin ] --START--
INFO: Run Behavior\ReadHtmlCache [ RunTime:0.000707s ]
INFO: [ app_begin ] --END-- [ RunTime:0.001400s ]
NOTIC: [8192] mysql_connect(): The mysql extension is deprecated and will be removed in the future: use mysqli or PDO instead D:\wamp\www\OnlineExamTest\ThinkPHP\Library\Think\Db\Driver\Mysql.class.php 第 52 行.
SQL: SHOW COLUMNS FROM `course` [ RunTime:0.010594s ]
NOTIC: [8] Undefined variable: courseidar D:\wamp\www\OnlineExamTest\Application\Index\Controller\OthersController.class.php 第 71 行.
NOTIC: [8] Undefined variable: id， D:\wamp\www\OnlineExamTest\Application\Index\Controller\OthersController.class.php 第 71 行.
NOTIC: [2] Invalid argument supplied for foreach() D:\wamp\www\OnlineExamTest\Application\Index\Model\OthersModel.class.php 第 30 行.
INFO: [ app_end ] --START--
INFO: Run Behavior\ShowPageTrace [ RunTime:0.000773s ]
INFO: [ app_end ] --END-- [ RunTime:0.000952s ]

[ 2017-03-25T22:47:48+08:00 ] 192.168.199.244 /onlineexamtest/index/others/getcourse
INFO: [ app_begin ] --START--
INFO: Run Behavior\ReadHtmlCache [ RunTime:0.001843s ]
INFO: [ app_begin ] --END-- [ RunTime:0.003952s ]
NOTIC: [8192] mysql_connect(): The mysql extension is deprecated and will be removed in the future: use mysqli or PDO instead D:\wamp\www\OnlineExamTest\ThinkPHP\Library\Think\Db\Driver\Mysql.class.php 第 52 行.
SQL: SHOW COLUMNS FROM `course` [ RunTime:0.038882s ]
SQL: select c.CourseID,c.CourseName from course c
				where c.CourseID not in (select cs.CourseID from course_student cs where cs.StudentID = 13008038) [ RunTime:0.004108s ]
INFO: [ app_end ] --START--
INFO: Run Behavior\ShowPageTrace [ RunTime:0.003059s ]
INFO: [ app_end ] --END-- [ RunTime:0.003891s ]

[ 2017-03-25T22:47:51+08:00 ] 192.168.199.244 /onlineexamtest/index/others/pick
INFO: [ app_begin ] --START--
INFO: Run Behavior\ReadHtmlCache [ RunTime:0.001332s ]
INFO: [ app_begin ] --END-- [ RunTime:0.002635s ]
NOTIC: [8192] mysql_connect(): The mysql extension is deprecated and will be removed in the future: use mysqli or PDO instead D:\wamp\www\OnlineExamTest\ThinkPHP\Library\Think\Db\Driver\Mysql.class.php 第 52 行.
SQL: SHOW COLUMNS FROM `course` [ RunTime:0.025150s ]
NOTIC: [8] Undefined variable: courseidar D:\wamp\www\OnlineExamTest\Application\Index\Controller\OthersController.class.php 第 71 行.
NOTIC: [8] Undefined variable: id， D:\wamp\www\OnlineExamTest\Application\Index\Controller\OthersController.class.php 第 71 行.
NOTIC: [2] Invalid argument supplied for foreach() D:\wamp\www\OnlineExamTest\Application\Index\Model\OthersModel.class.php 第 30 行.
INFO: [ app_end ] --START--
INFO: Run Behavior\ShowPageTrace [ RunTime:0.002229s ]
INFO: [ app_end ] --END-- [ RunTime:0.002885s ]

[ 2017-03-25T22:48:02+08:00 ] 192.168.199.244 /onlineexamtest/index/others/getcourse
INFO: [ app_begin ] --START--
INFO: Run Behavior\ReadHtmlCache [ RunTime:0.000660s ]
INFO: [ app_begin ] --END-- [ RunTime:0.001331s ]
NOTIC: [8192] mysql_connect(): The mysql extension is deprecated and will be removed in the future: use mysqli or PDO instead D:\wamp\www\OnlineExamTest\ThinkPHP\Library\Think\Db\Driver\Mysql.class.php 第 52 行.
SQL: SHOW COLUMNS FROM `course` [ RunTime:0.010802s ]
SQL: select c.CourseID,c.CourseName from course c
				where c.CourseID not in (select cs.CourseID from course_student cs where cs.StudentID = 13008038) [ RunTime:0.000995s ]
INFO: [ app_end ] --START--
INFO: Run Behavior\ShowPageTrace [ RunTime:0.000828s ]
INFO: [ app_end ] --END-- [ RunTime:0.001016s ]

[ 2017-03-25T22:48:04+08:00 ] 192.168.199.244 /onlineexamtest/index/others/pick
INFO: [ app_begin ] --START--
INFO: Run Behavior\ReadHtmlCache [ RunTime:0.000958s ]
INFO: [ app_begin ] --END-- [ RunTime:0.002081s ]
NOTIC: [8192] mysql_connect(): The mysql extension is deprecated and will be removed in the future: use mysqli or PDO instead D:\wamp\www\OnlineExamTest\ThinkPHP\Library\Think\Db\Driver\Mysql.class.php 第 52 行.
SQL: SHOW COLUMNS FROM `course` [ RunTime:0.010687s ]
NOTIC: [8] Undefined variable: courseidar D:\wamp\www\OnlineExamTest\Application\Index\Controller\OthersController.class.php 第 71 行.
NOTIC: [8] Undefined variable: id， D:\wamp\www\OnlineExamTest\Application\Index\Controller\OthersController.class.php 第 71 行.
NOTIC: [2] Invalid argument supplied for foreach() D:\wamp\www\OnlineExamTest\Application\Index\Model\OthersModel.class.php 第 30 行.
INFO: [ app_end ] --START--
INFO: Run Behavior\ShowPageTrace [ RunTime:0.000896s ]
INFO: [ app_end ] --END-- [ RunTime:0.001147s ]

[ 2017-03-25T22:50:48+08:00 ] 192.168.199.244 /onlineexamtest/index/others/getcourse
INFO: [ app_begin ] --START--
INFO: Run Behavior\ReadHtmlCache [ RunTime:0.107378s ]
INFO: [ app_begin ] --END-- [ RunTime:0.270105s ]
NOTIC: [8192] mysql_connect(): The mysql extension is deprecated and will be removed in the future: use mysqli or PDO instead D:\wamp\www\OnlineExamTest\ThinkPHP\Library\Think\Db\Driver\Mysql.class.php 第 52 行.
SQL: SHOW COLUMNS FROM `course` [ RunTime:0.635476s ]
SQL: select c.CourseID,c.CourseName from course c
				where c.CourseID not in (select cs.CourseID from course_student cs where cs.StudentID = 13008038) [ RunTime:0.061471s ]
INFO: [ app_end ] --START--
INFO: Run Behavior\ShowPageTrace [ RunTime:0.002086s ]
INFO: [ app_end ] --END-- [ RunTime:0.002478s ]

[ 2017-03-25T22:50:48+08:00 ] 192.168.199.244 /onlineexamtest/index/others/getcourse
INFO: [ app_begin ] --START--
INFO: Run Behavior\ReadHtmlCache [ RunTime:0.107174s ]
INFO: [ app_begin ] --END-- [ RunTime:0.254286s ]
NOTIC: [8192] mysql_connect(): The mysql extension is deprecated and will be removed in the future: use mysqli or PDO instead D:\wamp\www\OnlineExamTest\ThinkPHP\Library\Think\Db\Driver\Mysql.class.php 第 52 行.
SQL: SHOW COLUMNS FROM `course` [ RunTime:0.290208s ]
SQL: select c.CourseID,c.CourseName from course c
				where c.CourseID not in (select cs.CourseID from course_student cs where cs.StudentID = 13008038) [ RunTime:0.001696s ]
INFO: [ app_end ] --START--
INFO: Run Behavior\ShowPageTrace [ RunTime:0.164986s ]
INFO: [ app_end ] --END-- [ RunTime:0.165326s ]

[ 2017-03-25T22:50:53+08:00 ] 192.168.199.244 /onlineexamtest/index/others/pick
INFO: [ app_begin ] --START--
INFO: Run Behavior\ReadHtmlCache [ RunTime:0.001699s ]
INFO: [ app_begin ] --END-- [ RunTime:0.003623s ]
NOTIC: [8192] mysql_connect(): The mysql extension is deprecated and will be removed in the future: use mysqli or PDO instead D:\wamp\www\OnlineExamTest\ThinkPHP\Library\Think\Db\Driver\Mysql.class.php 第 52 行.
SQL: SHOW COLUMNS FROM `course` [ RunTime:0.016401s ]
NOTIC: [8] Undefined variable: courseidar D:\wamp\www\OnlineExamTest\Application\Index\Controller\OthersController.class.php 第 71 行.
NOTIC: [8] Undefined variable: id， D:\wamp\www\OnlineExamTest\Application\Index\Controller\OthersController.class.php 第 71 行.
NOTIC: [2] Invalid argument supplied for foreach() D:\wamp\www\OnlineExamTest\Application\Index\Model\OthersModel.class.php 第 30 行.
INFO: [ app_end ] --START--
INFO: Run Behavior\ShowPageTrace [ RunTime:0.002256s ]
INFO: [ app_end ] --END-- [ RunTime:0.003010s ]

[ 2017-03-25T22:54:30+08:00 ] 192.168.199.231 /onlineexamtest/index/others/pick
INFO: [ app_begin ] --START--
INFO: Run Behavior\ReadHtmlCache [ RunTime:0.006517s ]
INFO: [ app_begin ] --END-- [ RunTime:0.041457s ]
NOTIC: [8192] mysql_connect(): The mysql extension is deprecated and will be removed in the future: use mysqli or PDO instead D:\wamp\www\OnlineExamTest\ThinkPHP\Library\Think\Db\Driver\Mysql.class.php 第 52 行.
SQL: SHOW COLUMNS FROM `course` [ RunTime:0.011432s ]
SQL: insert into course_student (CourseID,StudentID) values (3,13008038) [ RunTime:0.142258s ]
SQL: insert into course_student (CourseID,StudentID) values (4,13008038) [ RunTime:0.000271s ]
INFO: [ app_end ] --START--
INFO: Run Behavior\ShowPageTrace [ RunTime:0.020283s ]
INFO: [ app_end ] --END-- [ RunTime:0.020934s ]

[ 2017-03-25T22:55:30+08:00 ] 192.168.199.244 /onlineexamtest/index/others/getcourse
INFO: [ app_begin ] --START--
INFO: Run Behavior\ReadHtmlCache [ RunTime:0.002530s ]
INFO: [ app_begin ] --END-- [ RunTime:0.005444s ]
NOTIC: [8192] mysql_connect(): The mysql extension is deprecated and will be removed in the future: use mysqli or PDO instead D:\wamp\www\OnlineExamTest\ThinkPHP\Library\Think\Db\Driver\Mysql.class.php 第 52 行.
SQL: SHOW COLUMNS FROM `course` [ RunTime:0.025988s ]
SQL: select c.CourseID,c.CourseName from course c
				where c.CourseID not in (select cs.CourseID from course_student cs where cs.StudentID = 13008038) [ RunTime:0.002703s ]
INFO: [ app_end ] --START--
INFO: Run Behavior\ShowPageTrace [ RunTime:0.003809s ]
INFO: [ app_end ] --END-- [ RunTime:0.004528s ]

[ 2017-03-25T22:55:34+08:00 ] 192.168.199.244 /onlineexamtest/index/others/pick
INFO: [ app_begin ] --START--
INFO: Run Behavior\ReadHtmlCache [ RunTime:0.002308s ]
INFO: [ app_begin ] --END-- [ RunTime:0.004475s ]
NOTIC: [8192] mysql_connect(): The mysql extension is deprecated and will be removed in the future: use mysqli or PDO instead D:\wamp\www\OnlineExamTest\ThinkPHP\Library\Think\Db\Driver\Mysql.class.php 第 52 行.
SQL: SHOW COLUMNS FROM `course` [ RunTime:0.027767s ]
NOTIC: [8] Undefined variable: id， D:\wamp\www\OnlineExamTest\Application\Index\Controller\OthersController.class.php 第 69 行.
SQL: insert into course_student (CourseID,StudentID) values (4,0) [ RunTime:0.271319s ]
ERR: 1452:Cannot add or update a child row: a foreign key constraint fails (`app_onlineexam`.`course_student`, CONSTRAINT `course_student_ibfk_2` FOREIGN KEY (`StudentID`) REFERENCES `user` (`SchoolID`))
 [ SQL语句 ] : insert into course_student (CourseID,StudentID) values (4,0)
SQL: insert into course_student (CourseID,StudentID) values (3,0) [ RunTime:0.015199s ]
ERR: 1452:Cannot add or update a child row: a foreign key constraint fails (`app_onlineexam`.`course_student`, CONSTRAINT `course_student_ibfk_2` FOREIGN KEY (`StudentID`) REFERENCES `user` (`SchoolID`))
 [ SQL语句 ] : insert into course_student (CourseID,StudentID) values (3,0)
INFO: [ app_end ] --START--
INFO: Run Behavior\ShowPageTrace [ RunTime:0.002999s ]
INFO: [ app_end ] --END-- [ RunTime:0.003868s ]

[ 2017-03-25T22:56:02+08:00 ] 192.168.199.244 /onlineexamtest/index/others/pick
INFO: [ app_begin ] --START--
INFO: Run Behavior\ReadHtmlCache [ RunTime:0.001189s ]
INFO: [ app_begin ] --END-- [ RunTime:0.002395s ]
NOTIC: [8192] mysql_connect(): The mysql extension is deprecated and will be removed in the future: use mysqli or PDO instead D:\wamp\www\OnlineExamTest\ThinkPHP\Library\Think\Db\Driver\Mysql.class.php 第 52 行.
SQL: SHOW COLUMNS FROM `course` [ RunTime:0.016702s ]
SQL: insert into course_student (CourseID,StudentID) values (4,13008038) [ RunTime:0.025131s ]
SQL: insert into course_student (CourseID,StudentID) values (3,13008038) [ RunTime:0.125333s ]
INFO: [ app_end ] --START--
INFO: Run Behavior\ShowPageTrace [ RunTime:0.002123s ]
INFO: [ app_end ] --END-- [ RunTime:0.002669s ]

[ 2017-03-25T22:56:11+08:00 ] 192.168.199.244 /onlineexamtest/index/others/getcourse
INFO: [ app_begin ] --START--
INFO: Run Behavior\ReadHtmlCache [ RunTime:0.002311s ]
INFO: [ app_begin ] --END-- [ RunTime:0.004517s ]
NOTIC: [8192] mysql_connect(): The mysql extension is deprecated and will be removed in the future: use mysqli or PDO instead D:\wamp\www\OnlineExamTest\ThinkPHP\Library\Think\Db\Driver\Mysql.class.php 第 52 行.
SQL: SHOW COLUMNS FROM `course` [ RunTime:0.049837s ]
SQL: select c.CourseID,c.CourseName from course c
				where c.CourseID not in (select cs.CourseID from course_student cs where cs.StudentID = 13008038) [ RunTime:0.012551s ]
INFO: [ app_end ] --START--
INFO: Run Behavior\ShowPageTrace [ RunTime:0.003059s ]
INFO: [ app_end ] --END-- [ RunTime:0.003947s ]

[ 2017-03-25T22:56:14+08:00 ] 192.168.199.244 /onlineexamtest/index/exam/index
INFO: [ app_begin ] --START--
INFO: Run Behavior\ReadHtmlCache [ RunTime:0.001846s ]
INFO: [ app_begin ] --END-- [ RunTime:0.003774s ]
NOTIC: [8192] mysql_connect(): The mysql extension is deprecated and will be removed in the future: use mysqli or PDO instead D:\wamp\www\OnlineExamTest\ThinkPHP\Library\Think\Db\Driver\Mysql.class.php 第 52 行.
SQL: SHOW COLUMNS FROM `course` [ RunTime:0.028086s ]
SQL: select DISTINCT c.CourseID,c.CourseName,c.CreateDate,c.DeadLine,c.Context from course c
				left join course_student cs on cs.CourseID = c.CourseID
				right join course_question cq on cq.CourseID = c.CourseID
				where cs.StudentID = 13008038 and cs.IsAnswered = 0 [ RunTime:0.022983s ]
INFO: [ app_end ] --START--
INFO: Run Behavior\ShowPageTrace [ RunTime:0.002526s ]
INFO: [ app_end ] --END-- [ RunTime:0.003164s ]

[ 2017-03-25T22:56:15+08:00 ] 192.168.199.244 /onlineexamtest/index/exam/getquestion
INFO: [ app_begin ] --START--
INFO: Run Behavior\ReadHtmlCache [ RunTime:0.002624s ]
INFO: [ app_begin ] --END-- [ RunTime:0.004693s ]
NOTIC: [8192] mysql_connect(): The mysql extension is deprecated and will be removed in the future: use mysqli or PDO instead D:\wamp\www\OnlineExamTest\ThinkPHP\Library\Think\Db\Driver\Mysql.class.php 第 52 行.
SQL: SHOW COLUMNS FROM `course` [ RunTime:0.025226s ]
SQL: SELECT q.QuestionID,q.Question,q.ChoiceA,q.ChoiceB,q.ChoiceC,q.ChoiceD,q.Answer,q.Score FROM question q 
				LEFT JOIN course_question cq ON cq.QuestionID = q.QuestionID
				LEFT JOIN course c ON c.CourseID = cq.CourseID
				WHERE c.CourseID = 2 [ RunTime:0.001858s ]
INFO: [ app_end ] --START--
INFO: Run Behavior\ShowPageTrace [ RunTime:0.002201s ]
INFO: [ app_end ] --END-- [ RunTime:0.002711s ]

[ 2017-03-25T22:56:17+08:00 ] 192.168.199.244 /onlineexamtest/index/others/getscore
INFO: [ app_begin ] --START--
INFO: Run Behavior\ReadHtmlCache [ RunTime:0.002803s ]
INFO: [ app_begin ] --END-- [ RunTime:0.005662s ]
NOTIC: [8192] mysql_connect(): The mysql extension is deprecated and will be removed in the future: use mysqli or PDO instead D:\wamp\www\OnlineExamTest\ThinkPHP\Library\Think\Db\Driver\Mysql.class.php 第 52 行.
SQL: SHOW COLUMNS FROM `course` [ RunTime:0.024834s ]
SQL: select DISTINCT c.CourseID,c.CourseName,c.CreateDate,c.DeadLine,c.Context,cs.Score from course c
				left join course_student cs on cs.CourseID = c.CourseID
				right join course_question cq on cq.CourseID = c.CourseID
				where cs.StudentID = 13008038 and cs.IsAnswered = 1 [ RunTime:0.003387s ]
INFO: [ app_end ] --START--
INFO: Run Behavior\ShowPageTrace [ RunTime:0.003029s ]
INFO: [ app_end ] --END-- [ RunTime:0.003927s ]

[ 2017-03-25T22:56:28+08:00 ] 192.168.199.244 /onlineexamtest/index/others/getcourse
INFO: [ app_begin ] --START--
INFO: Run Behavior\ReadHtmlCache [ RunTime:0.000587s ]
INFO: [ app_begin ] --END-- [ RunTime:0.001186s ]
NOTIC: [8192] mysql_connect(): The mysql extension is deprecated and will be removed in the future: use mysqli or PDO instead D:\wamp\www\OnlineExamTest\ThinkPHP\Library\Think\Db\Driver\Mysql.class.php 第 52 行.
SQL: SHOW COLUMNS FROM `course` [ RunTime:0.015979s ]
SQL: select c.CourseID,c.CourseName from course c
				where c.CourseID not in (select cs.CourseID from course_student cs where cs.StudentID = 13008038) [ RunTime:0.000861s ]
INFO: [ app_end ] --START--
INFO: Run Behavior\ShowPageTrace [ RunTime:0.000860s ]
INFO: [ app_end ] --END-- [ RunTime:0.001062s ]

[ 2017-03-25T23:53:59+08:00 ] 192.168.199.244 /onlineexamtest/index/others/getcourse
INFO: [ app_begin ] --START--
INFO: Run Behavior\ReadHtmlCache [ RunTime:0.182499s ]
INFO: [ app_begin ] --END-- [ RunTime:0.238499s ]
NOTIC: [8192] mysql_connect(): The mysql extension is deprecated and will be removed in the future: use mysqli or PDO instead D:\wamp\www\OnlineExamTest\ThinkPHP\Library\Think\Db\Driver\Mysql.class.php 第 52 行.
SQL: SHOW COLUMNS FROM `course` [ RunTime:0.280990s ]
SQL: select c.CourseID,c.CourseName from course c
				where c.CourseID not in (select cs.CourseID from course_student cs where cs.StudentID = 13008038) [ RunTime:0.127921s ]
INFO: [ app_end ] --START--
INFO: Run Behavior\ShowPageTrace [ RunTime:0.380023s ]
INFO: [ app_end ] --END-- [ RunTime:0.381424s ]

[ 2017-03-25T23:53:59+08:00 ] 192.168.199.244 /onlineexamtest/index/others/getcourse
INFO: [ app_begin ] --START--
INFO: Run Behavior\ReadHtmlCache [ RunTime:0.002935s ]
INFO: [ app_begin ] --END-- [ RunTime:0.004919s ]
NOTIC: [8192] mysql_connect(): The mysql extension is deprecated and will be removed in the future: use mysqli or PDO instead D:\wamp\www\OnlineExamTest\ThinkPHP\Library\Think\Db\Driver\Mysql.class.php 第 52 行.
SQL: SHOW COLUMNS FROM `course` [ RunTime:0.269092s ]
SQL: select c.CourseID,c.CourseName from course c
				where c.CourseID not in (select cs.CourseID from course_student cs where cs.StudentID = 13008038) [ RunTime:0.600641s ]
INFO: [ app_end ] --START--
INFO: Run Behavior\ShowPageTrace [ RunTime:0.002050s ]
INFO: [ app_end ] --END-- [ RunTime:0.002407s ]

[ 2017-03-25T23:54:03+08:00 ] 192.168.199.244 /onlineexamtest/index/others/getscore
INFO: [ app_begin ] --START--
INFO: Run Behavior\ReadHtmlCache [ RunTime:0.002530s ]
INFO: [ app_begin ] --END-- [ RunTime:0.007000s ]
NOTIC: [8192] mysql_connect(): The mysql extension is deprecated and will be removed in the future: use mysqli or PDO instead D:\wamp\www\OnlineExamTest\ThinkPHP\Library\Think\Db\Driver\Mysql.class.php 第 52 行.
SQL: SHOW COLUMNS FROM `course` [ RunTime:0.134026s ]
SQL: select DISTINCT c.CourseID,c.CourseName,c.CreateDate,c.DeadLine,c.Context,cs.Score from course c
				left join course_student cs on cs.CourseID = c.CourseID
				right join course_question cq on cq.CourseID = c.CourseID
				where cs.StudentID = 13008038 and cs.IsAnswered = 1 [ RunTime:0.003222s ]
INFO: [ app_end ] --START--
INFO: Run Behavior\ShowPageTrace [ RunTime:0.002689s ]
INFO: [ app_end ] --END-- [ RunTime:0.003244s ]

[ 2017-03-25T23:54:07+08:00 ] 192.168.199.244 /onlineexamtest/index/exam/index
INFO: [ app_begin ] --START--
INFO: Run Behavior\ReadHtmlCache [ RunTime:0.001152s ]
INFO: [ app_begin ] --END-- [ RunTime:0.002327s ]
NOTIC: [8192] mysql_connect(): The mysql extension is deprecated and will be removed in the future: use mysqli or PDO instead D:\wamp\www\OnlineExamTest\ThinkPHP\Library\Think\Db\Driver\Mysql.class.php 第 52 行.
SQL: SHOW COLUMNS FROM `course` [ RunTime:0.030469s ]
SQL: select DISTINCT c.CourseID,c.CourseName,c.CreateDate,c.DeadLine,c.Context from course c
				left join course_student cs on cs.CourseID = c.CourseID
				right join course_question cq on cq.CourseID = c.CourseID
				where cs.StudentID = 13008038 and cs.IsAnswered = 0 [ RunTime:0.002045s ]
INFO: [ app_end ] --START--
INFO: Run Behavior\ShowPageTrace [ RunTime:0.000836s ]
INFO: [ app_end ] --END-- [ RunTime:0.001020s ]

[ 2017-03-25T23:54:07+08:00 ] 192.168.199.244 /onlineexamtest/index/exam/getquestion
INFO: [ app_begin ] --START--
INFO: Run Behavior\ReadHtmlCache [ RunTime:0.000952s ]
INFO: [ app_begin ] --END-- [ RunTime:0.001754s ]
NOTIC: [8192] mysql_connect(): The mysql extension is deprecated and will be removed in the future: use mysqli or PDO instead D:\wamp\www\OnlineExamTest\ThinkPHP\Library\Think\Db\Driver\Mysql.class.php 第 52 行.
SQL: SHOW COLUMNS FROM `course` [ RunTime:0.145437s ]
SQL: SELECT q.QuestionID,q.Question,q.ChoiceA,q.ChoiceB,q.ChoiceC,q.ChoiceD,q.Answer,q.Score FROM question q 
				LEFT JOIN course_question cq ON cq.QuestionID = q.QuestionID
				LEFT JOIN course c ON c.CourseID = cq.CourseID
				WHERE c.CourseID = 2 [ RunTime:0.001882s ]
INFO: [ app_end ] --START--
INFO: Run Behavior\ShowPageTrace [ RunTime:0.002567s ]
INFO: [ app_end ] --END-- [ RunTime:0.003270s ]

