[ 2017-03-13T21:12:27+08:00 ] ::1 /onlineexamtest/
INFO: [ app_begin ] --START--
INFO: Run Behavior\ReadHtmlCache [ RunTime:0.015259s ]
INFO: [ app_begin ] --END-- [ RunTime:0.171326s ]
INFO: [ app_end ] --START--
INFO: Run Behavior\ShowPageTrace [ RunTime:0.039084s ]
INFO: [ app_end ] --END-- [ RunTime:0.039397s ]

[ 2017-03-13T21:12:37+08:00 ] ::1 /onlineexamtest/Index/index/login
INFO: [ app_begin ] --START--
INFO: Run Behavior\ReadHtmlCache [ RunTime:0.000847s ]
INFO: [ app_begin ] --END-- [ RunTime:0.002003s ]
NOTIC: [8192] mysql_connect(): The mysql extension is deprecated and will be removed in the future: use mysqli or PDO instead D:\wamp\www\OnlineExamTest\ThinkPHP\Library\Think\Db\Driver\Mysql.class.php 第 52 行.
SQL: SHOW COLUMNS FROM `user` [ RunTime:0.216285s ]
INFO: [ app_end ] --START--
INFO: Run Behavior\ShowPageTrace [ RunTime:0.001590s ]
INFO: [ app_end ] --END-- [ RunTime:0.002018s ]

[ 2017-03-13T23:53:33+08:00 ] 192.168.199.231 /onlineexamtest/index/index/login
INFO: [ app_begin ] --START--
INFO: Run Behavior\ReadHtmlCache [ RunTime:0.015751s ]
INFO: [ app_begin ] --END-- [ RunTime:0.085629s ]
NOTIC: [8192] mysql_connect(): The mysql extension is deprecated and will be removed in the future: use mysqli or PDO instead D:\wamp\www\OnlineExamTest\ThinkPHP\Library\Think\Db\Driver\Mysql.class.php 第 52 行.
SQL: SHOW COLUMNS FROM `user` [ RunTime:0.335757s ]
INFO: [ app_end ] --START--
INFO: Run Behavior\ShowPageTrace [ RunTime:0.032114s ]
INFO: [ app_end ] --END-- [ RunTime:0.033119s ]

[ 2017-03-13T23:53:37+08:00 ] 192.168.199.231 /onlineexamtest/index/index/login
INFO: [ app_begin ] --START--
INFO: Run Behavior\ReadHtmlCache [ RunTime:0.003296s ]
INFO: [ app_begin ] --END-- [ RunTime:0.006471s ]
NOTIC: [8192] mysql_connect(): The mysql extension is deprecated and will be removed in the future: use mysqli or PDO instead D:\wamp\www\OnlineExamTest\ThinkPHP\Library\Think\Db\Driver\Mysql.class.php 第 52 行.
SQL: SHOW COLUMNS FROM `user` [ RunTime:0.035402s ]
INFO: [ app_end ] --START--
INFO: Run Behavior\ShowPageTrace [ RunTime:0.002854s ]
INFO: [ app_end ] --END-- [ RunTime:0.003401s ]

[ 2017-03-13T23:54:49+08:00 ] ::1 /onlineexamtest/Index/index/login
INFO: [ app_begin ] --START--
INFO: Run Behavior\ReadHtmlCache [ RunTime:0.002401s ]
INFO: [ app_begin ] --END-- [ RunTime:0.003818s ]
NOTIC: [8192] mysql_connect(): The mysql extension is deprecated and will be removed in the future: use mysqli or PDO instead D:\wamp\www\OnlineExamTest\ThinkPHP\Library\Think\Db\Driver\Mysql.class.php 第 52 行.
SQL: SHOW COLUMNS FROM `user` [ RunTime:0.043317s ]
SQL: select * from user where SchoolID = 13008038 and Password = 123456 [ RunTime:0.646629s ]
INFO: [ app_end ] --START--
INFO: Run Behavior\ShowPageTrace [ RunTime:0.002565s ]
INFO: [ app_end ] --END-- [ RunTime:0.003141s ]

