[ 2017-03-12T15:15:45+08:00 ] ::1 /onlineexam/
INFO: [ app_begin ] --START--
INFO: Run Behavior\ReadHtmlCache [ RunTime:0.001351s ]
INFO: [ app_begin ] --END-- [ RunTime:0.001545s ]
ERR: æ— æ³•åŠ è½½æŽ§åˆ¶å™¨:Index

[ 2017-03-12T15:23:34+08:00 ] ::1 /onlineexam/
INFO: [ app_begin ] --START--
INFO: Run Behavior\ReadHtmlCache [ RunTime:0.006662s ]
INFO: [ app_begin ] --END-- [ RunTime:0.021334s ]
ERR: æ— æ³•åŠ è½½æŽ§åˆ¶å™¨:Index

[ 2017-03-12T15:23:36+08:00 ] ::1 /onlineexam/
INFO: [ app_begin ] --START--
INFO: Run Behavior\ReadHtmlCache [ RunTime:0.001440s ]
INFO: [ app_begin ] --END-- [ RunTime:0.002253s ]
ERR: æ— æ³•åŠ è½½æŽ§åˆ¶å™¨:Index

[ 2017-03-12T15:23:37+08:00 ] ::1 /onlineexam/
INFO: [ app_begin ] --START--
INFO: Run Behavior\ReadHtmlCache [ RunTime:0.001673s ]
INFO: [ app_begin ] --END-- [ RunTime:0.002523s ]
ERR: æ— æ³•åŠ è½½æŽ§åˆ¶å™¨:Index

[ 2017-03-12T15:25:27+08:00 ] ::1 /onlineexam/
INFO: [ app_begin ] --START--
INFO: Run Behavior\ReadHtmlCache [ RunTime:0.002016s ]
INFO: [ app_begin ] --END-- [ RunTime:0.003381s ]
ERR: æ— æ³•åŠ è½½æŽ§åˆ¶å™¨:Index

[ 2017-03-12T15:26:03+08:00 ] ::1 /onlineexam/
INFO: [ app_begin ] --START--
INFO: Run Behavior\ReadHtmlCache [ RunTime:0.001529s ]
INFO: [ app_begin ] --END-- [ RunTime:0.002485s ]
INFO: [ view_parse ] --START--
INFO: [ template_filter ] --START--
INFO: Run Behavior\ContentReplace [ RunTime:0.000113s ]
INFO: [ template_filter ] --END-- [ RunTime:0.000293s ]
INFO: Run Behavior\ParseTemplate [ RunTime:0.117574s ]
INFO: [ view_parse ] --END-- [ RunTime:0.117773s ]
INFO: [ view_filter ] --START--
INFO: Run Behavior\WriteHtmlCache [ RunTime:0.013042s ]
INFO: [ view_filter ] --END-- [ RunTime:0.013551s ]
INFO: [ app_end ] --START--
INFO: Run Behavior\ShowPageTrace [ RunTime:0.002058s ]
INFO: [ app_end ] --END-- [ RunTime:0.002247s ]

[ 2017-03-12T15:36:42+08:00 ] ::1 /onlineexamtest/
INFO: [ app_begin ] --START--
INFO: Run Behavior\ReadHtmlCache [ RunTime:0.001333s ]
INFO: [ app_begin ] --END-- [ RunTime:0.002094s ]
INFO: [ view_parse ] --START--
NOTIC: [2] ucfirst() expects parameter 1 to be string, array given D:\wamp\www\OnlineExamTest\ThinkPHP\Library\Think\Storage.class.php ç¬¬ 36 è¡Œ.
INFO: Run Behavior\ParseTemplate [ RunTime:0.001760s ]
INFO: [ view_parse ] --END-- [ RunTime:0.001998s ]
INFO: [ view_filter ] --START--
INFO: Run Behavior\WriteHtmlCache [ RunTime:0.001854s ]
INFO: [ view_filter ] --END-- [ RunTime:0.002684s ]
INFO: [ app_end ] --START--
INFO: Run Behavior\ShowPageTrace [ RunTime:0.001610s ]
INFO: [ app_end ] --END-- [ RunTime:0.001999s ]

[ 2017-03-12T15:49:26+08:00 ] ::1 /onlineexamtest/
INFO: [ app_begin ] --START--
INFO: Run Behavior\ReadHtmlCache [ RunTime:0.001963s ]
INFO: [ app_begin ] --END-- [ RunTime:0.002887s ]

[ 2017-03-12T15:53:03+08:00 ] ::1 /onlineexamtest/
INFO: [ app_begin ] --START--
INFO: Run Behavior\ReadHtmlCache [ RunTime:0.001258s ]
INFO: [ app_begin ] --END-- [ RunTime:0.002016s ]

[ 2017-03-12T15:53:06+08:00 ] ::1 /onlineexamtest/
INFO: [ app_begin ] --START--
INFO: Run Behavior\ReadHtmlCache [ RunTime:0.001515s ]
INFO: [ app_begin ] --END-- [ RunTime:0.002222s ]

[ 2017-03-12T15:53:07+08:00 ] ::1 /onlineexamtest/
INFO: [ app_begin ] --START--
INFO: Run Behavior\ReadHtmlCache [ RunTime:0.001019s ]
INFO: [ app_begin ] --END-- [ RunTime:0.001745s ]

[ 2017-03-12T15:53:08+08:00 ] ::1 /onlineexamtest/
INFO: [ app_begin ] --START--
INFO: Run Behavior\ReadHtmlCache [ RunTime:0.001159s ]
INFO: [ app_begin ] --END-- [ RunTime:0.002463s ]

[ 2017-03-12T15:53:09+08:00 ] ::1 /onlineexamtest/
INFO: [ app_begin ] --START--
INFO: Run Behavior\ReadHtmlCache [ RunTime:0.002822s ]
INFO: [ app_begin ] --END-- [ RunTime:0.004609s ]

[ 2017-03-12T15:53:10+08:00 ] ::1 /onlineexamtest/
INFO: [ app_begin ] --START--
INFO: Run Behavior\ReadHtmlCache [ RunTime:0.002429s ]
INFO: [ app_begin ] --END-- [ RunTime:0.004067s ]

[ 2017-03-12T15:53:10+08:00 ] ::1 /onlineexamtest/
INFO: [ app_begin ] --START--
INFO: Run Behavior\ReadHtmlCache [ RunTime:0.002378s ]
INFO: [ app_begin ] --END-- [ RunTime:0.004639s ]

[ 2017-03-12T15:53:10+08:00 ] ::1 /onlineexamtest/
INFO: [ app_begin ] --START--
INFO: Run Behavior\ReadHtmlCache [ RunTime:0.000725s ]
INFO: [ app_begin ] --END-- [ RunTime:0.001451s ]

[ 2017-03-12T15:53:11+08:00 ] ::1 /onlineexamtest/
INFO: [ app_begin ] --START--
INFO: Run Behavior\ReadHtmlCache [ RunTime:0.001023s ]
INFO: [ app_begin ] --END-- [ RunTime:0.002021s ]

[ 2017-03-12T15:53:11+08:00 ] ::1 /onlineexamtest/
INFO: [ app_begin ] --START--
INFO: Run Behavior\ReadHtmlCache [ RunTime:0.001566s ]
INFO: [ app_begin ] --END-- [ RunTime:0.002950s ]

[ 2017-03-12T15:53:11+08:00 ] ::1 /onlineexamtest/
INFO: [ app_begin ] --START--
INFO: Run Behavior\ReadHtmlCache [ RunTime:0.000597s ]
INFO: [ app_begin ] --END-- [ RunTime:0.001222s ]

[ 2017-03-12T15:53:12+08:00 ] ::1 /onlineexamtest/
INFO: [ app_begin ] --START--
INFO: Run Behavior\ReadHtmlCache [ RunTime:0.000934s ]
INFO: [ app_begin ] --END-- [ RunTime:0.002034s ]

[ 2017-03-12T15:53:12+08:00 ] ::1 /onlineexamtest/
INFO: [ app_begin ] --START--
INFO: Run Behavior\ReadHtmlCache [ RunTime:0.001089s ]
INFO: [ app_begin ] --END-- [ RunTime:0.002197s ]

[ 2017-03-12T15:55:20+08:00 ] ::1 /onlineexamtest/
INFO: [ app_begin ] --START--
INFO: Run Behavior\ReadHtmlCache [ RunTime:0.000956s ]
INFO: [ app_begin ] --END-- [ RunTime:0.001617s ]

[ 2017-03-12T15:55:22+08:00 ] ::1 /onlineexamtest/
INFO: [ app_begin ] --START--
INFO: Run Behavior\ReadHtmlCache [ RunTime:0.001555s ]
INFO: [ app_begin ] --END-- [ RunTime:0.003031s ]

[ 2017-03-12T15:55:22+08:00 ] ::1 /onlineexamtest/
INFO: [ app_begin ] --START--
INFO: Run Behavior\ReadHtmlCache [ RunTime:0.001730s ]
INFO: [ app_begin ] --END-- [ RunTime:0.003289s ]

[ 2017-03-12T15:55:23+08:00 ] ::1 /onlineexamtest/
INFO: [ app_begin ] --START--
INFO: Run Behavior\ReadHtmlCache [ RunTime:0.000596s ]
INFO: [ app_begin ] --END-- [ RunTime:0.001184s ]

[ 2017-03-12T15:55:23+08:00 ] ::1 /onlineexamtest/
INFO: [ app_begin ] --START--
INFO: Run Behavior\ReadHtmlCache [ RunTime:0.000794s ]
INFO: [ app_begin ] --END-- [ RunTime:0.002005s ]

[ 2017-03-12T15:55:23+08:00 ] ::1 /onlineexamtest/
INFO: [ app_begin ] --START--
INFO: Run Behavior\ReadHtmlCache [ RunTime:0.001586s ]
INFO: [ app_begin ] --END-- [ RunTime:0.003456s ]

[ 2017-03-12T15:55:24+08:00 ] ::1 /onlineexamtest/
INFO: [ app_begin ] --START--
INFO: Run Behavior\ReadHtmlCache [ RunTime:0.002058s ]
INFO: [ app_begin ] --END-- [ RunTime:0.004057s ]

[ 2017-03-12T15:55:24+08:00 ] ::1 /onlineexamtest/
INFO: [ app_begin ] --START--
INFO: Run Behavior\ReadHtmlCache [ RunTime:0.001638s ]
INFO: [ app_begin ] --END-- [ RunTime:0.003418s ]

[ 2017-03-12T15:55:24+08:00 ] ::1 /onlineexamtest/
INFO: [ app_begin ] --START--
INFO: Run Behavior\ReadHtmlCache [ RunTime:0.002780s ]
INFO: [ app_begin ] --END-- [ RunTime:0.003671s ]

[ 2017-03-12T15:55:25+08:00 ] ::1 /onlineexamtest/
INFO: [ app_begin ] --START--
INFO: Run Behavior\ReadHtmlCache [ RunTime:0.001643s ]
INFO: [ app_begin ] --END-- [ RunTime:0.002412s ]

[ 2017-03-12T15:55:25+08:00 ] ::1 /onlineexamtest/
INFO: [ app_begin ] --START--
INFO: Run Behavior\ReadHtmlCache [ RunTime:0.003187s ]
INFO: [ app_begin ] --END-- [ RunTime:0.004912s ]

[ 2017-03-12T15:55:25+08:00 ] ::1 /onlineexamtest/
INFO: [ app_begin ] --START--
INFO: Run Behavior\ReadHtmlCache [ RunTime:0.000587s ]
INFO: [ app_begin ] --END-- [ RunTime:0.001255s ]

[ 2017-03-12T15:55:25+08:00 ] ::1 /onlineexamtest/
INFO: [ app_begin ] --START--
INFO: Run Behavior\ReadHtmlCache [ RunTime:0.000612s ]
INFO: [ app_begin ] --END-- [ RunTime:0.001320s ]

[ 2017-03-12T15:55:25+08:00 ] ::1 /onlineexamtest/
INFO: [ app_begin ] --START--
INFO: Run Behavior\ReadHtmlCache [ RunTime:0.001795s ]
INFO: [ app_begin ] --END-- [ RunTime:0.003198s ]

[ 2017-03-12T15:55:26+08:00 ] ::1 /onlineexamtest/
INFO: [ app_begin ] --START--
INFO: Run Behavior\ReadHtmlCache [ RunTime:0.000714s ]
INFO: [ app_begin ] --END-- [ RunTime:0.001465s ]

[ 2017-03-12T15:55:26+08:00 ] ::1 /onlineexamtest/
INFO: [ app_begin ] --START--
INFO: Run Behavior\ReadHtmlCache [ RunTime:0.001074s ]
INFO: [ app_begin ] --END-- [ RunTime:0.001813s ]

[ 2017-03-12T15:55:36+08:00 ] ::1 /onlineexamtest/
INFO: [ app_begin ] --START--
INFO: Run Behavior\ReadHtmlCache [ RunTime:0.003312s ]
INFO: [ app_begin ] --END-- [ RunTime:0.007989s ]

[ 2017-03-12T15:55:37+08:00 ] ::1 /onlineexamtest/
INFO: [ app_begin ] --START--
INFO: Run Behavior\ReadHtmlCache [ RunTime:0.002867s ]
INFO: [ app_begin ] --END-- [ RunTime:0.004652s ]

[ 2017-03-12T15:55:38+08:00 ] ::1 /onlineexamtest/
INFO: [ app_begin ] --START--
INFO: Run Behavior\ReadHtmlCache [ RunTime:0.001513s ]
INFO: [ app_begin ] --END-- [ RunTime:0.002669s ]

[ 2017-03-12T15:55:38+08:00 ] ::1 /onlineexamtest/
INFO: [ app_begin ] --START--
INFO: Run Behavior\ReadHtmlCache [ RunTime:0.002995s ]
INFO: [ app_begin ] --END-- [ RunTime:0.004745s ]

[ 2017-03-12T15:55:38+08:00 ] ::1 /onlineexamtest/
INFO: [ app_begin ] --START--
INFO: Run Behavior\ReadHtmlCache [ RunTime:0.001028s ]
INFO: [ app_begin ] --END-- [ RunTime:0.002041s ]

[ 2017-03-12T15:55:38+08:00 ] ::1 /onlineexamtest/
INFO: [ app_begin ] --START--
INFO: Run Behavior\ReadHtmlCache [ RunTime:0.001397s ]
INFO: [ app_begin ] --END-- [ RunTime:0.002350s ]

[ 2017-03-12T15:55:38+08:00 ] ::1 /onlineexamtest/
INFO: [ app_begin ] --START--
INFO: Run Behavior\ReadHtmlCache [ RunTime:0.000589s ]
INFO: [ app_begin ] --END-- [ RunTime:0.001217s ]

[ 2017-03-12T15:56:24+08:00 ] ::1 /onlineexamtest/
INFO: [ app_begin ] --START--
INFO: Run Behavior\ReadHtmlCache [ RunTime:0.001496s ]
INFO: [ app_begin ] --END-- [ RunTime:0.003202s ]
NOTIC: [8192] mysql_connect(): The mysql extension is deprecated and will be removed in the future: use mysqli or PDO instead D:\wamp\www\OnlineExamTest\ThinkPHP\Library\Think\Db\Driver\Mysql.class.php ç¬¬ 52 è¡Œ.
NOTIC: [2] mysql_connect():  D:\wamp\www\OnlineExamTest\ThinkPHP\Library\Think\Db\Driver\Mysql.class.php ç¬¬ 52 è¡Œ.
ERR: Accès refusé pour l'utilisateur: 'root'@'@localhost' (mot de passe: OUI)

[ 2017-03-12T15:56:50+08:00 ] ::1 /onlineexamtest/
INFO: [ app_begin ] --START--
INFO: Run Behavior\ReadHtmlCache [ RunTime:0.001000s ]
INFO: [ app_begin ] --END-- [ RunTime:0.001994s ]
NOTIC: [8192] mysql_connect(): The mysql extension is deprecated and will be removed in the future: use mysqli or PDO instead D:\wamp\www\OnlineExamTest\ThinkPHP\Library\Think\Db\Driver\Mysql.class.php ç¬¬ 52 è¡Œ.
SQL: SHOW COLUMNS FROM `user` [ RunTime:0.018720s ]
INFO: [ app_end ] --START--
INFO: Run Behavior\ShowPageTrace [ RunTime:0.003217s ]
INFO: [ app_end ] --END-- [ RunTime:0.003898s ]

[ 2017-03-12T16:09:34+08:00 ] ::1 /onlineexamtest/
INFO: [ app_begin ] --START--
INFO: Run Behavior\ReadHtmlCache [ RunTime:0.003077s ]
INFO: [ app_begin ] --END-- [ RunTime:0.005338s ]
NOTIC: [8192] mysql_connect(): The mysql extension is deprecated and will be removed in the future: use mysqli or PDO instead D:\wamp\www\OnlineExamTest\ThinkPHP\Library\Think\Db\Driver\Mysql.class.php ç¬¬ 52 è¡Œ.
SQL: SHOW COLUMNS FROM `user` [ RunTime:0.015909s ]
SQL: select * from user where SchoolID = 13008038 and Password = 123456 [ RunTime:0.064525s ]
INFO: [ app_end ] --START--
INFO: Run Behavior\ShowPageTrace [ RunTime:0.005110s ]
INFO: [ app_end ] --END-- [ RunTime:0.005951s ]

[ 2017-03-12T16:11:50+08:00 ] ::1 /onlineexamtest/
INFO: [ app_begin ] --START--
INFO: Run Behavior\ReadHtmlCache [ RunTime:0.001305s ]
INFO: [ app_begin ] --END-- [ RunTime:0.002205s ]
NOTIC: [8192] mysql_connect(): The mysql extension is deprecated and will be removed in the future: use mysqli or PDO instead D:\wamp\www\OnlineExamTest\ThinkPHP\Library\Think\Db\Driver\Mysql.class.php ç¬¬ 52 è¡Œ.
SQL: SHOW COLUMNS FROM `user` [ RunTime:0.006614s ]
SQL: select * from user where SchoolID = 13008039 and Password = 123456 [ RunTime:0.000351s ]
INFO: [ app_end ] --START--
INFO: Run Behavior\ShowPageTrace [ RunTime:0.001285s ]
INFO: [ app_end ] --END-- [ RunTime:0.001501s ]

[ 2017-03-12T16:21:18+08:00 ] ::1 /onlineexamtest/
INFO: [ app_begin ] --START--
INFO: Run Behavior\ReadHtmlCache [ RunTime:0.001165s ]
INFO: [ app_begin ] --END-- [ RunTime:0.001907s ]
NOTIC: [8192] mysql_connect(): The mysql extension is deprecated and will be removed in the future: use mysqli or PDO instead D:\wamp\www\OnlineExamTest\ThinkPHP\Library\Think\Db\Driver\Mysql.class.php ç¬¬ 52 è¡Œ.
SQL: SHOW COLUMNS FROM `user` [ RunTime:0.006755s ]
SQL: select * from user where SchoolID = 13008039 and Password = 123456 [ RunTime:0.000590s ]
INFO: [ app_end ] --START--
INFO: Run Behavior\ShowPageTrace [ RunTime:0.002344s ]
INFO: [ app_end ] --END-- [ RunTime:0.002706s ]

[ 2017-03-12T16:21:25+08:00 ] ::1 /onlineexamtest/
INFO: [ app_begin ] --START--
INFO: Run Behavior\ReadHtmlCache [ RunTime:0.004239s ]
INFO: [ app_begin ] --END-- [ RunTime:0.006136s ]
NOTIC: [8192] mysql_connect(): The mysql extension is deprecated and will be removed in the future: use mysqli or PDO instead D:\wamp\www\OnlineExamTest\ThinkPHP\Library\Think\Db\Driver\Mysql.class.php ç¬¬ 52 è¡Œ.
SQL: SHOW COLUMNS FROM `user` [ RunTime:0.015310s ]
SQL: select * from user where SchoolID = 13008038 and Password = 123456 [ RunTime:0.000874s ]
INFO: [ app_end ] --START--
INFO: Run Behavior\ShowPageTrace [ RunTime:0.003617s ]
INFO: [ app_end ] --END-- [ RunTime:0.004539s ]

[ 2017-03-12T16:27:33+08:00 ] ::1 /onlineexamtest/
INFO: [ app_begin ] --START--
INFO: Run Behavior\ReadHtmlCache [ RunTime:0.004716s ]
INFO: [ app_begin ] --END-- [ RunTime:0.007547s ]
NOTIC: [8192] mysql_connect(): The mysql extension is deprecated and will be removed in the future: use mysqli or PDO instead D:\wamp\www\OnlineExamTest\ThinkPHP\Library\Think\Db\Driver\Mysql.class.php ç¬¬ 52 è¡Œ.
SQL: SHOW COLUMNS FROM `user` [ RunTime:0.015570s ]
SQL: select * from user where SchoolID = 13008038 and Password = 123456 [ RunTime:0.001013s ]
NOTIC: [8] Array to string conversion D:\wamp\www\OnlineExamTest\Application\Index\Controller\IndexController.class.php ç¬¬ 22 è¡Œ.
INFO: [ app_end ] --START--
INFO: Run Behavior\ShowPageTrace [ RunTime:0.003694s ]
INFO: [ app_end ] --END-- [ RunTime:0.004334s ]

[ 2017-03-12T16:28:01+08:00 ] ::1 /onlineexamtest/
INFO: [ app_begin ] --START--
INFO: Run Behavior\ReadHtmlCache [ RunTime:0.003768s ]
INFO: [ app_begin ] --END-- [ RunTime:0.007601s ]
NOTIC: [8192] mysql_connect(): The mysql extension is deprecated and will be removed in the future: use mysqli or PDO instead D:\wamp\www\OnlineExamTest\ThinkPHP\Library\Think\Db\Driver\Mysql.class.php ç¬¬ 52 è¡Œ.
SQL: SHOW COLUMNS FROM `user` [ RunTime:0.066981s ]
SQL: select * from user where SchoolID = 13008038 and Password = 123456 [ RunTime:0.001050s ]
INFO: [ app_end ] --START--
INFO: Run Behavior\ShowPageTrace [ RunTime:0.003494s ]
INFO: [ app_end ] --END-- [ RunTime:0.004285s ]

[ 2017-03-12T16:30:15+08:00 ] ::1 /onlineexamtest/
INFO: [ app_begin ] --START--
INFO: Run Behavior\ReadHtmlCache [ RunTime:0.003802s ]
INFO: [ app_begin ] --END-- [ RunTime:0.007582s ]
NOTIC: [8192] mysql_connect(): The mysql extension is deprecated and will be removed in the future: use mysqli or PDO instead D:\wamp\www\OnlineExamTest\ThinkPHP\Library\Think\Db\Driver\Mysql.class.php ç¬¬ 52 è¡Œ.
SQL: SHOW COLUMNS FROM `user` [ RunTime:0.015459s ]
INFO: [ app_end ] --START--
INFO: Run Behavior\ShowPageTrace [ RunTime:0.003608s ]
INFO: [ app_end ] --END-- [ RunTime:0.004391s ]

[ 2017-03-12T16:31:38+08:00 ] ::1 /onlineexamtest/
INFO: [ app_begin ] --START--
INFO: Run Behavior\ReadHtmlCache [ RunTime:0.001451s ]
INFO: [ app_begin ] --END-- [ RunTime:0.002249s ]
NOTIC: [8192] mysql_connect(): The mysql extension is deprecated and will be removed in the future: use mysqli or PDO instead D:\wamp\www\OnlineExamTest\ThinkPHP\Library\Think\Db\Driver\Mysql.class.php ç¬¬ 52 è¡Œ.
SQL: SHOW COLUMNS FROM `user` [ RunTime:0.005658s ]
INFO: [ app_end ] --START--
INFO: Run Behavior\ShowPageTrace [ RunTime:0.001310s ]
INFO: [ app_end ] --END-- [ RunTime:0.001576s ]

[ 2017-03-12T16:31:40+08:00 ] ::1 /onlineexamtest/
INFO: [ app_begin ] --START--
INFO: Run Behavior\ReadHtmlCache [ RunTime:0.001412s ]
INFO: [ app_begin ] --END-- [ RunTime:0.002275s ]
NOTIC: [8192] mysql_connect(): The mysql extension is deprecated and will be removed in the future: use mysqli or PDO instead D:\wamp\www\OnlineExamTest\ThinkPHP\Library\Think\Db\Driver\Mysql.class.php ç¬¬ 52 è¡Œ.
SQL: SHOW COLUMNS FROM `user` [ RunTime:0.008405s ]
INFO: [ app_end ] --START--
INFO: Run Behavior\ShowPageTrace [ RunTime:0.001211s ]
INFO: [ app_end ] --END-- [ RunTime:0.001463s ]

[ 2017-03-12T16:31:40+08:00 ] ::1 /onlineexamtest/
INFO: [ app_begin ] --START--
INFO: Run Behavior\ReadHtmlCache [ RunTime:0.001216s ]
INFO: [ app_begin ] --END-- [ RunTime:0.001964s ]
NOTIC: [8192] mysql_connect(): The mysql extension is deprecated and will be removed in the future: use mysqli or PDO instead D:\wamp\www\OnlineExamTest\ThinkPHP\Library\Think\Db\Driver\Mysql.class.php ç¬¬ 52 è¡Œ.
SQL: SHOW COLUMNS FROM `user` [ RunTime:0.005232s ]
INFO: [ app_end ] --START--
INFO: Run Behavior\ShowPageTrace [ RunTime:0.001878s ]
INFO: [ app_end ] --END-- [ RunTime:0.002093s ]

[ 2017-03-12T16:31:40+08:00 ] ::1 /onlineexamtest/
INFO: [ app_begin ] --START--
INFO: Run Behavior\ReadHtmlCache [ RunTime:0.001200s ]
INFO: [ app_begin ] --END-- [ RunTime:0.001991s ]
NOTIC: [8192] mysql_connect(): The mysql extension is deprecated and will be removed in the future: use mysqli or PDO instead D:\wamp\www\OnlineExamTest\ThinkPHP\Library\Think\Db\Driver\Mysql.class.php ç¬¬ 52 è¡Œ.
SQL: SHOW COLUMNS FROM `user` [ RunTime:0.005426s ]
INFO: [ app_end ] --START--
INFO: Run Behavior\ShowPageTrace [ RunTime:0.002024s ]
INFO: [ app_end ] --END-- [ RunTime:0.002293s ]

[ 2017-03-12T16:31:41+08:00 ] ::1 /onlineexamtest/
INFO: [ app_begin ] --START--
INFO: Run Behavior\ReadHtmlCache [ RunTime:0.001170s ]
INFO: [ app_begin ] --END-- [ RunTime:0.001921s ]
NOTIC: [8192] mysql_connect(): The mysql extension is deprecated and will be removed in the future: use mysqli or PDO instead D:\wamp\www\OnlineExamTest\ThinkPHP\Library\Think\Db\Driver\Mysql.class.php ç¬¬ 52 è¡Œ.
SQL: SHOW COLUMNS FROM `user` [ RunTime:0.006014s ]
INFO: [ app_end ] --START--
INFO: Run Behavior\ShowPageTrace [ RunTime:0.001393s ]
INFO: [ app_end ] --END-- [ RunTime:0.001598s ]

[ 2017-03-12T16:31:41+08:00 ] ::1 /onlineexamtest/
INFO: [ app_begin ] --START--
INFO: Run Behavior\ReadHtmlCache [ RunTime:0.001216s ]
INFO: [ app_begin ] --END-- [ RunTime:0.001991s ]
NOTIC: [8192] mysql_connect(): The mysql extension is deprecated and will be removed in the future: use mysqli or PDO instead D:\wamp\www\OnlineExamTest\ThinkPHP\Library\Think\Db\Driver\Mysql.class.php ç¬¬ 52 è¡Œ.
SQL: SHOW COLUMNS FROM `user` [ RunTime:0.005735s ]
INFO: [ app_end ] --START--
INFO: Run Behavior\ShowPageTrace [ RunTime:0.002209s ]
INFO: [ app_end ] --END-- [ RunTime:0.002596s ]

[ 2017-03-12T16:31:41+08:00 ] ::1 /onlineexamtest/
INFO: [ app_begin ] --START--
INFO: Run Behavior\ReadHtmlCache [ RunTime:0.002178s ]
INFO: [ app_begin ] --END-- [ RunTime:0.003536s ]
NOTIC: [8192] mysql_connect(): The mysql extension is deprecated and will be removed in the future: use mysqli or PDO instead D:\wamp\www\OnlineExamTest\ThinkPHP\Library\Think\Db\Driver\Mysql.class.php ç¬¬ 52 è¡Œ.
SQL: SHOW COLUMNS FROM `user` [ RunTime:0.024096s ]
INFO: [ app_end ] --START--
INFO: Run Behavior\ShowPageTrace [ RunTime:0.003118s ]
INFO: [ app_end ] --END-- [ RunTime:0.003480s ]

[ 2017-03-12T16:31:41+08:00 ] ::1 /onlineexamtest/
INFO: [ app_begin ] --START--
INFO: Run Behavior\ReadHtmlCache [ RunTime:0.002358s ]
INFO: [ app_begin ] --END-- [ RunTime:0.003734s ]
NOTIC: [8192] mysql_connect(): The mysql extension is deprecated and will be removed in the future: use mysqli or PDO instead D:\wamp\www\OnlineExamTest\ThinkPHP\Library\Think\Db\Driver\Mysql.class.php ç¬¬ 52 è¡Œ.
SQL: SHOW COLUMNS FROM `user` [ RunTime:0.009082s ]
INFO: [ app_end ] --START--
INFO: Run Behavior\ShowPageTrace [ RunTime:0.001994s ]
INFO: [ app_end ] --END-- [ RunTime:0.002339s ]

[ 2017-03-12T16:31:42+08:00 ] ::1 /onlineexamtest/
INFO: [ app_begin ] --START--
INFO: Run Behavior\ReadHtmlCache [ RunTime:0.001918s ]
INFO: [ app_begin ] --END-- [ RunTime:0.003157s ]
NOTIC: [8192] mysql_connect(): The mysql extension is deprecated and will be removed in the future: use mysqli or PDO instead D:\wamp\www\OnlineExamTest\ThinkPHP\Library\Think\Db\Driver\Mysql.class.php ç¬¬ 52 è¡Œ.
SQL: SHOW COLUMNS FROM `user` [ RunTime:0.007159s ]
INFO: [ app_end ] --START--
INFO: Run Behavior\ShowPageTrace [ RunTime:0.002107s ]
INFO: [ app_end ] --END-- [ RunTime:0.002462s ]

[ 2017-03-12T16:31:42+08:00 ] ::1 /onlineexamtest/
INFO: [ app_begin ] --START--
INFO: Run Behavior\ReadHtmlCache [ RunTime:0.002931s ]
INFO: [ app_begin ] --END-- [ RunTime:0.004061s ]
NOTIC: [8192] mysql_connect(): The mysql extension is deprecated and will be removed in the future: use mysqli or PDO instead D:\wamp\www\OnlineExamTest\ThinkPHP\Library\Think\Db\Driver\Mysql.class.php ç¬¬ 52 è¡Œ.
SQL: SHOW COLUMNS FROM `user` [ RunTime:0.009338s ]
INFO: [ app_end ] --START--
INFO: Run Behavior\ShowPageTrace [ RunTime:0.001719s ]
INFO: [ app_end ] --END-- [ RunTime:0.002062s ]

[ 2017-03-12T16:31:42+08:00 ] ::1 /onlineexamtest/
INFO: [ app_begin ] --START--
INFO: Run Behavior\ReadHtmlCache [ RunTime:0.005247s ]
INFO: [ app_begin ] --END-- [ RunTime:0.006791s ]
NOTIC: [8192] mysql_connect(): The mysql extension is deprecated and will be removed in the future: use mysqli or PDO instead D:\wamp\www\OnlineExamTest\ThinkPHP\Library\Think\Db\Driver\Mysql.class.php ç¬¬ 52 è¡Œ.
SQL: SHOW COLUMNS FROM `user` [ RunTime:0.006868s ]
INFO: [ app_end ] --START--
INFO: Run Behavior\ShowPageTrace [ RunTime:0.001642s ]
INFO: [ app_end ] --END-- [ RunTime:0.002023s ]

[ 2017-03-12T16:31:42+08:00 ] ::1 /onlineexamtest/
INFO: [ app_begin ] --START--
INFO: Run Behavior\ReadHtmlCache [ RunTime:0.008602s ]
INFO: [ app_begin ] --END-- [ RunTime:0.010099s ]
NOTIC: [8192] mysql_connect(): The mysql extension is deprecated and will be removed in the future: use mysqli or PDO instead D:\wamp\www\OnlineExamTest\ThinkPHP\Library\Think\Db\Driver\Mysql.class.php ç¬¬ 52 è¡Œ.
SQL: SHOW COLUMNS FROM `user` [ RunTime:0.007060s ]
INFO: [ app_end ] --START--
INFO: Run Behavior\ShowPageTrace [ RunTime:0.001696s ]
INFO: [ app_end ] --END-- [ RunTime:0.002065s ]

[ 2017-03-12T16:31:42+08:00 ] ::1 /onlineexamtest/
INFO: [ app_begin ] --START--
INFO: Run Behavior\ReadHtmlCache [ RunTime:0.001733s ]
INFO: [ app_begin ] --END-- [ RunTime:0.002922s ]
NOTIC: [8192] mysql_connect(): The mysql extension is deprecated and will be removed in the future: use mysqli or PDO instead D:\wamp\www\OnlineExamTest\ThinkPHP\Library\Think\Db\Driver\Mysql.class.php ç¬¬ 52 è¡Œ.
SQL: SHOW COLUMNS FROM `user` [ RunTime:0.006909s ]
INFO: [ app_end ] --START--
INFO: Run Behavior\ShowPageTrace [ RunTime:0.001568s ]
INFO: [ app_end ] --END-- [ RunTime:0.001936s ]

[ 2017-03-12T16:31:42+08:00 ] ::1 /onlineexamtest/
INFO: [ app_begin ] --START--
INFO: Run Behavior\ReadHtmlCache [ RunTime:0.002232s ]
INFO: [ app_begin ] --END-- [ RunTime:0.003590s ]
NOTIC: [8192] mysql_connect(): The mysql extension is deprecated and will be removed in the future: use mysqli or PDO instead D:\wamp\www\OnlineExamTest\ThinkPHP\Library\Think\Db\Driver\Mysql.class.php ç¬¬ 52 è¡Œ.
SQL: SHOW COLUMNS FROM `user` [ RunTime:0.008089s ]
INFO: [ app_end ] --START--
INFO: Run Behavior\ShowPageTrace [ RunTime:0.001801s ]
INFO: [ app_end ] --END-- [ RunTime:0.002157s ]

[ 2017-03-12T16:31:42+08:00 ] ::1 /onlineexamtest/
INFO: [ app_begin ] --START--
INFO: Run Behavior\ReadHtmlCache [ RunTime:0.007946s ]
INFO: [ app_begin ] --END-- [ RunTime:0.009247s ]
NOTIC: [8192] mysql_connect(): The mysql extension is deprecated and will be removed in the future: use mysqli or PDO instead D:\wamp\www\OnlineExamTest\ThinkPHP\Library\Think\Db\Driver\Mysql.class.php ç¬¬ 52 è¡Œ.
SQL: SHOW COLUMNS FROM `user` [ RunTime:0.006638s ]
INFO: [ app_end ] --START--
INFO: Run Behavior\ShowPageTrace [ RunTime:0.001410s ]
INFO: [ app_end ] --END-- [ RunTime:0.001753s ]

[ 2017-03-12T16:31:42+08:00 ] ::1 /onlineexamtest/
INFO: [ app_begin ] --START--
INFO: Run Behavior\ReadHtmlCache [ RunTime:0.002982s ]
INFO: [ app_begin ] --END-- [ RunTime:0.006767s ]
NOTIC: [8192] mysql_connect(): The mysql extension is deprecated and will be removed in the future: use mysqli or PDO instead D:\wamp\www\OnlineExamTest\ThinkPHP\Library\Think\Db\Driver\Mysql.class.php ç¬¬ 52 è¡Œ.
SQL: SHOW COLUMNS FROM `user` [ RunTime:0.007137s ]
INFO: [ app_end ] --START--
INFO: Run Behavior\ShowPageTrace [ RunTime:0.001390s ]
INFO: [ app_end ] --END-- [ RunTime:0.001744s ]

[ 2017-03-12T16:31:42+08:00 ] ::1 /onlineexamtest/
INFO: [ app_begin ] --START--
INFO: Run Behavior\ReadHtmlCache [ RunTime:0.002693s ]
INFO: [ app_begin ] --END-- [ RunTime:0.005169s ]
NOTIC: [8192] mysql_connect(): The mysql extension is deprecated and will be removed in the future: use mysqli or PDO instead D:\wamp\www\OnlineExamTest\ThinkPHP\Library\Think\Db\Driver\Mysql.class.php ç¬¬ 52 è¡Œ.
SQL: SHOW COLUMNS FROM `user` [ RunTime:0.007321s ]
INFO: [ app_end ] --START--
INFO: Run Behavior\ShowPageTrace [ RunTime:0.001789s ]
INFO: [ app_end ] --END-- [ RunTime:0.002130s ]

[ 2017-03-12T16:31:42+08:00 ] ::1 /onlineexamtest/
INFO: [ app_begin ] --START--
INFO: Run Behavior\ReadHtmlCache [ RunTime:0.001701s ]
INFO: [ app_begin ] --END-- [ RunTime:0.003113s ]
NOTIC: [8192] mysql_connect(): The mysql extension is deprecated and will be removed in the future: use mysqli or PDO instead D:\wamp\www\OnlineExamTest\ThinkPHP\Library\Think\Db\Driver\Mysql.class.php ç¬¬ 52 è¡Œ.
SQL: SHOW COLUMNS FROM `user` [ RunTime:0.006529s ]
INFO: [ app_end ] --START--
INFO: Run Behavior\ShowPageTrace [ RunTime:0.000976s ]
INFO: [ app_end ] --END-- [ RunTime:0.001319s ]

[ 2017-03-12T16:31:42+08:00 ] ::1 /onlineexamtest/
INFO: [ app_begin ] --START--
INFO: Run Behavior\ReadHtmlCache [ RunTime:0.000984s ]
INFO: [ app_begin ] --END-- [ RunTime:0.001999s ]
NOTIC: [8192] mysql_connect(): The mysql extension is deprecated and will be removed in the future: use mysqli or PDO instead D:\wamp\www\OnlineExamTest\ThinkPHP\Library\Think\Db\Driver\Mysql.class.php ç¬¬ 52 è¡Œ.
SQL: SHOW COLUMNS FROM `user` [ RunTime:0.006656s ]
INFO: [ app_end ] --START--
INFO: Run Behavior\ShowPageTrace [ RunTime:0.001220s ]
INFO: [ app_end ] --END-- [ RunTime:0.001587s ]

[ 2017-03-12T16:31:42+08:00 ] ::1 /onlineexamtest/
INFO: [ app_begin ] --START--
INFO: Run Behavior\ReadHtmlCache [ RunTime:0.001842s ]
INFO: [ app_begin ] --END-- [ RunTime:0.003006s ]
NOTIC: [8192] mysql_connect(): The mysql extension is deprecated and will be removed in the future: use mysqli or PDO instead D:\wamp\www\OnlineExamTest\ThinkPHP\Library\Think\Db\Driver\Mysql.class.php ç¬¬ 52 è¡Œ.
SQL: SHOW COLUMNS FROM `user` [ RunTime:0.007954s ]
INFO: [ app_end ] --START--
INFO: Run Behavior\ShowPageTrace [ RunTime:0.002262s ]
INFO: [ app_end ] --END-- [ RunTime:0.002721s ]

[ 2017-03-12T16:31:42+08:00 ] ::1 /onlineexamtest/
INFO: [ app_begin ] --START--
INFO: Run Behavior\ReadHtmlCache [ RunTime:0.001079s ]
INFO: [ app_begin ] --END-- [ RunTime:0.002097s ]
NOTIC: [8192] mysql_connect(): The mysql extension is deprecated and will be removed in the future: use mysqli or PDO instead D:\wamp\www\OnlineExamTest\ThinkPHP\Library\Think\Db\Driver\Mysql.class.php ç¬¬ 52 è¡Œ.
SQL: SHOW COLUMNS FROM `user` [ RunTime:0.007605s ]
INFO: [ app_end ] --START--
INFO: Run Behavior\ShowPageTrace [ RunTime:0.001040s ]
INFO: [ app_end ] --END-- [ RunTime:0.001391s ]

[ 2017-03-12T16:31:42+08:00 ] ::1 /onlineexamtest/
INFO: [ app_begin ] --START--
INFO: Run Behavior\ReadHtmlCache [ RunTime:0.000955s ]
INFO: [ app_begin ] --END-- [ RunTime:0.002003s ]
NOTIC: [8192] mysql_connect(): The mysql extension is deprecated and will be removed in the future: use mysqli or PDO instead D:\wamp\www\OnlineExamTest\ThinkPHP\Library\Think\Db\Driver\Mysql.class.php ç¬¬ 52 è¡Œ.
SQL: SHOW COLUMNS FROM `user` [ RunTime:0.007557s ]
INFO: [ app_end ] --START--
INFO: Run Behavior\ShowPageTrace [ RunTime:0.000886s ]
INFO: [ app_end ] --END-- [ RunTime:0.001167s ]

[ 2017-03-12T16:31:42+08:00 ] ::1 /onlineexamtest/
INFO: [ app_begin ] --START--
INFO: Run Behavior\ReadHtmlCache [ RunTime:0.001272s ]
INFO: [ app_begin ] --END-- [ RunTime:0.003471s ]
NOTIC: [8192] mysql_connect(): The mysql extension is deprecated and will be removed in the future: use mysqli or PDO instead D:\wamp\www\OnlineExamTest\ThinkPHP\Library\Think\Db\Driver\Mysql.class.php ç¬¬ 52 è¡Œ.
SQL: SHOW COLUMNS FROM `user` [ RunTime:0.006691s ]
INFO: [ app_end ] --START--
INFO: Run Behavior\ShowPageTrace [ RunTime:0.001112s ]
INFO: [ app_end ] --END-- [ RunTime:0.001508s ]

[ 2017-03-12T16:31:42+08:00 ] ::1 /onlineexamtest/
INFO: [ app_begin ] --START--
INFO: Run Behavior\ReadHtmlCache [ RunTime:0.000976s ]
INFO: [ app_begin ] --END-- [ RunTime:0.002071s ]
NOTIC: [8192] mysql_connect(): The mysql extension is deprecated and will be removed in the future: use mysqli or PDO instead D:\wamp\www\OnlineExamTest\ThinkPHP\Library\Think\Db\Driver\Mysql.class.php ç¬¬ 52 è¡Œ.
SQL: SHOW COLUMNS FROM `user` [ RunTime:0.006602s ]
INFO: [ app_end ] --START--
INFO: Run Behavior\ShowPageTrace [ RunTime:0.001095s ]
INFO: [ app_end ] --END-- [ RunTime:0.001462s ]

[ 2017-03-12T16:31:42+08:00 ] ::1 /onlineexamtest/
INFO: [ app_begin ] --START--
INFO: Run Behavior\ReadHtmlCache [ RunTime:0.001125s ]
INFO: [ app_begin ] --END-- [ RunTime:0.002298s ]
NOTIC: [8192] mysql_connect(): The mysql extension is deprecated and will be removed in the future: use mysqli or PDO instead D:\wamp\www\OnlineExamTest\ThinkPHP\Library\Think\Db\Driver\Mysql.class.php ç¬¬ 52 è¡Œ.
SQL: SHOW COLUMNS FROM `user` [ RunTime:0.005489s ]
INFO: [ app_end ] --START--
INFO: Run Behavior\ShowPageTrace [ RunTime:0.000816s ]
INFO: [ app_end ] --END-- [ RunTime:0.001021s ]

[ 2017-03-12T16:31:42+08:00 ] ::1 /onlineexamtest/
INFO: [ app_begin ] --START--
INFO: Run Behavior\ReadHtmlCache [ RunTime:0.005354s ]
INFO: [ app_begin ] --END-- [ RunTime:0.006487s ]
NOTIC: [8192] mysql_connect(): The mysql extension is deprecated and will be removed in the future: use mysqli or PDO instead D:\wamp\www\OnlineExamTest\ThinkPHP\Library\Think\Db\Driver\Mysql.class.php ç¬¬ 52 è¡Œ.
SQL: SHOW COLUMNS FROM `user` [ RunTime:0.006552s ]
INFO: [ app_end ] --START--
INFO: Run Behavior\ShowPageTrace [ RunTime:0.002114s ]
INFO: [ app_end ] --END-- [ RunTime:0.002457s ]

[ 2017-03-12T16:31:42+08:00 ] ::1 /onlineexamtest/
INFO: [ app_begin ] --START--
INFO: Run Behavior\ReadHtmlCache [ RunTime:0.001803s ]
INFO: [ app_begin ] --END-- [ RunTime:0.002995s ]
NOTIC: [8192] mysql_connect(): The mysql extension is deprecated and will be removed in the future: use mysqli or PDO instead D:\wamp\www\OnlineExamTest\ThinkPHP\Library\Think\Db\Driver\Mysql.class.php ç¬¬ 52 è¡Œ.
SQL: SHOW COLUMNS FROM `user` [ RunTime:0.005862s ]
INFO: [ app_end ] --START--
INFO: Run Behavior\ShowPageTrace [ RunTime:0.001312s ]
INFO: [ app_end ] --END-- [ RunTime:0.001537s ]

[ 2017-03-12T16:31:43+08:00 ] ::1 /onlineexamtest/
INFO: [ app_begin ] --START--
INFO: Run Behavior\ReadHtmlCache [ RunTime:0.000880s ]
INFO: [ app_begin ] --END-- [ RunTime:0.001965s ]
NOTIC: [8192] mysql_connect(): The mysql extension is deprecated and will be removed in the future: use mysqli or PDO instead D:\wamp\www\OnlineExamTest\ThinkPHP\Library\Think\Db\Driver\Mysql.class.php ç¬¬ 52 è¡Œ.
SQL: SHOW COLUMNS FROM `user` [ RunTime:0.006034s ]
INFO: [ app_end ] --START--
INFO: Run Behavior\ShowPageTrace [ RunTime:0.000781s ]
INFO: [ app_end ] --END-- [ RunTime:0.000983s ]

[ 2017-03-12T16:31:43+08:00 ] ::1 /onlineexamtest/
INFO: [ app_begin ] --START--
INFO: Run Behavior\ReadHtmlCache [ RunTime:0.000648s ]
INFO: [ app_begin ] --END-- [ RunTime:0.001291s ]
NOTIC: [8192] mysql_connect(): The mysql extension is deprecated and will be removed in the future: use mysqli or PDO instead D:\wamp\www\OnlineExamTest\ThinkPHP\Library\Think\Db\Driver\Mysql.class.php ç¬¬ 52 è¡Œ.
SQL: SHOW COLUMNS FROM `user` [ RunTime:0.006252s ]
INFO: [ app_end ] --START--
INFO: Run Behavior\ShowPageTrace [ RunTime:0.001472s ]
INFO: [ app_end ] --END-- [ RunTime:0.001776s ]

[ 2017-03-12T16:31:43+08:00 ] ::1 /onlineexamtest/
INFO: [ app_begin ] --START--
INFO: Run Behavior\ReadHtmlCache [ RunTime:0.001783s ]
INFO: [ app_begin ] --END-- [ RunTime:0.002693s ]
NOTIC: [8192] mysql_connect(): The mysql extension is deprecated and will be removed in the future: use mysqli or PDO instead D:\wamp\www\OnlineExamTest\ThinkPHP\Library\Think\Db\Driver\Mysql.class.php ç¬¬ 52 è¡Œ.
SQL: SHOW COLUMNS FROM `user` [ RunTime:0.006566s ]
INFO: [ app_end ] --START--
INFO: Run Behavior\ShowPageTrace [ RunTime:0.001031s ]
INFO: [ app_end ] --END-- [ RunTime:0.001327s ]

[ 2017-03-12T16:32:42+08:00 ] ::1 /onlineexamtest/
INFO: [ app_begin ] --START--
INFO: Run Behavior\ReadHtmlCache [ RunTime:0.000736s ]
INFO: [ app_begin ] --END-- [ RunTime:0.001695s ]
NOTIC: [8192] mysql_connect(): The mysql extension is deprecated and will be removed in the future: use mysqli or PDO instead D:\wamp\www\OnlineExamTest\ThinkPHP\Library\Think\Db\Driver\Mysql.class.php ç¬¬ 52 è¡Œ.
SQL: SHOW COLUMNS FROM `user` [ RunTime:0.006335s ]
SQL: select * from user where SchoolID = 13008038 and Password = 123456 [ RunTime:0.000399s ]
INFO: [ app_end ] --START--
INFO: Run Behavior\ShowPageTrace [ RunTime:0.001719s ]
INFO: [ app_end ] --END-- [ RunTime:0.002114s ]

[ 2017-03-12T16:34:54+08:00 ] ::1 /onlineexamtest/
INFO: [ app_begin ] --START--
INFO: Run Behavior\ReadHtmlCache [ RunTime:0.002011s ]
INFO: [ app_begin ] --END-- [ RunTime:0.004334s ]
NOTIC: [8192] mysql_connect(): The mysql extension is deprecated and will be removed in the future: use mysqli or PDO instead D:\wamp\www\OnlineExamTest\ThinkPHP\Library\Think\Db\Driver\Mysql.class.php ç¬¬ 52 è¡Œ.
SQL: SHOW COLUMNS FROM `user` [ RunTime:0.018521s ]
INFO: [ app_end ] --START--
INFO: Run Behavior\ShowPageTrace [ RunTime:0.002874s ]
INFO: [ app_end ] --END-- [ RunTime:0.003476s ]

[ 2017-03-12T16:51:23+08:00 ] ::1 /onlineexamtest/
INFO: [ app_begin ] --START--
INFO: Run Behavior\ReadHtmlCache [ RunTime:0.027218s ]
INFO: [ app_begin ] --END-- [ RunTime:0.043424s ]
NOTIC: [8192] mysql_connect(): The mysql extension is deprecated and will be removed in the future: use mysqli or PDO instead D:\wamp\www\OnlineExamTest\ThinkPHP\Library\Think\Db\Driver\Mysql.class.php ç¬¬ 52 è¡Œ.
SQL: SHOW COLUMNS FROM `user` [ RunTime:0.015153s ]
INFO: [ app_end ] --START--
INFO: Run Behavior\ShowPageTrace [ RunTime:0.049722s ]
INFO: [ app_end ] --END-- [ RunTime:0.050462s ]

[ 2017-03-12T16:51:32+08:00 ] 192.168.199.231 /onlineexamtest/
INFO: [ app_begin ] --START--
INFO: Run Behavior\ReadHtmlCache [ RunTime:0.001500s ]
INFO: [ app_begin ] --END-- [ RunTime:0.003346s ]
NOTIC: [8192] mysql_connect(): The mysql extension is deprecated and will be removed in the future: use mysqli or PDO instead D:\wamp\www\OnlineExamTest\ThinkPHP\Library\Think\Db\Driver\Mysql.class.php ç¬¬ 52 è¡Œ.
SQL: SHOW COLUMNS FROM `user` [ RunTime:0.007849s ]
INFO: [ app_end ] --START--
INFO: Run Behavior\ShowPageTrace [ RunTime:0.000859s ]
INFO: [ app_end ] --END-- [ RunTime:0.001123s ]

[ 2017-03-12T16:52:52+08:00 ] 192.168.199.231 /onlineexamtest/
INFO: [ app_begin ] --START--
INFO: Run Behavior\ReadHtmlCache [ RunTime:0.002788s ]
INFO: [ app_begin ] --END-- [ RunTime:0.005464s ]
INFO: [ app_end ] --START--
INFO: Run Behavior\ShowPageTrace [ RunTime:0.002292s ]
INFO: [ app_end ] --END-- [ RunTime:0.002870s ]

[ 2017-03-12T16:54:05+08:00 ] 192.168.199.231 /onlineexamtest/
INFO: [ app_begin ] --START--
INFO: Run Behavior\ReadHtmlCache [ RunTime:0.002337s ]
INFO: [ app_begin ] --END-- [ RunTime:0.004160s ]
INFO: [ app_end ] --START--
INFO: Run Behavior\ShowPageTrace [ RunTime:0.003281s ]
INFO: [ app_end ] --END-- [ RunTime:0.004080s ]

[ 2017-03-12T16:54:42+08:00 ] 192.168.199.231 /onlineexamtest/
INFO: [ app_begin ] --START--
INFO: Run Behavior\ReadHtmlCache [ RunTime:0.002179s ]
INFO: [ app_begin ] --END-- [ RunTime:0.004099s ]
INFO: [ app_end ] --START--
INFO: Run Behavior\ShowPageTrace [ RunTime:0.001591s ]
INFO: [ app_end ] --END-- [ RunTime:0.002026s ]

[ 2017-03-12T16:54:44+08:00 ] 192.168.199.231 /onlineexamtest/
INFO: [ app_begin ] --START--
INFO: Run Behavior\ReadHtmlCache [ RunTime:0.001916s ]
INFO: [ app_begin ] --END-- [ RunTime:0.004863s ]
INFO: [ app_end ] --START--
INFO: Run Behavior\ShowPageTrace [ RunTime:0.001920s ]
INFO: [ app_end ] --END-- [ RunTime:0.002464s ]

[ 2017-03-12T16:54:44+08:00 ] 192.168.199.231 /onlineexamtest/
INFO: [ app_begin ] --START--
INFO: Run Behavior\ReadHtmlCache [ RunTime:0.002624s ]
INFO: [ app_begin ] --END-- [ RunTime:0.004501s ]
INFO: [ app_end ] --START--
INFO: Run Behavior\ShowPageTrace [ RunTime:0.002095s ]
INFO: [ app_end ] --END-- [ RunTime:0.007110s ]

[ 2017-03-12T16:54:45+08:00 ] 192.168.199.231 /onlineexamtest/
INFO: [ app_begin ] --START--
INFO: Run Behavior\ReadHtmlCache [ RunTime:0.001767s ]
INFO: [ app_begin ] --END-- [ RunTime:0.003457s ]
INFO: [ app_end ] --START--
INFO: Run Behavior\ShowPageTrace [ RunTime:0.001512s ]
INFO: [ app_end ] --END-- [ RunTime:0.001934s ]

[ 2017-03-12T16:54:45+08:00 ] 192.168.199.231 /onlineexamtest/
INFO: [ app_begin ] --START--
INFO: Run Behavior\ReadHtmlCache [ RunTime:0.002157s ]
INFO: [ app_begin ] --END-- [ RunTime:0.003893s ]
INFO: [ app_end ] --START--
INFO: Run Behavior\ShowPageTrace [ RunTime:0.002184s ]
INFO: [ app_end ] --END-- [ RunTime:0.002751s ]

[ 2017-03-12T16:57:47+08:00 ] ::1 /onlineexamtest/
INFO: [ app_begin ] --START--
INFO: Run Behavior\ReadHtmlCache [ RunTime:0.001708s ]
INFO: [ app_begin ] --END-- [ RunTime:0.002958s ]
INFO: [ app_end ] --START--
INFO: Run Behavior\ShowPageTrace [ RunTime:0.000820s ]
INFO: [ app_end ] --END-- [ RunTime:0.001034s ]

[ 2017-03-12T16:57:54+08:00 ] ::1 /onlineexamtest/index.php
INFO: [ app_begin ] --START--
INFO: Run Behavior\ReadHtmlCache [ RunTime:0.000814s ]
INFO: [ app_begin ] --END-- [ RunTime:0.001503s ]
INFO: [ app_end ] --START--
INFO: Run Behavior\ShowPageTrace [ RunTime:0.002748s ]
INFO: [ app_end ] --END-- [ RunTime:0.003048s ]

[ 2017-03-12T16:58:01+08:00 ] ::1 /onlineexamtest/index.php/Index
INFO: [ app_begin ] --START--
INFO: Run Behavior\ReadHtmlCache [ RunTime:0.000624s ]
INFO: [ app_begin ] --END-- [ RunTime:0.001309s ]
INFO: [ app_end ] --START--
INFO: Run Behavior\ShowPageTrace [ RunTime:0.000599s ]
INFO: [ app_end ] --END-- [ RunTime:0.000764s ]

[ 2017-03-12T16:58:07+08:00 ] ::1 /onlineexamtest/index.php/Index/login
INFO: [ app_begin ] --START--
INFO: Run Behavior\ReadHtmlCache [ RunTime:0.001161s ]
INFO: [ app_begin ] --END-- [ RunTime:0.002278s ]
ERR: æ— æ³•åŠ è½½æŽ§åˆ¶å™¨:Login

[ 2017-03-12T16:58:16+08:00 ] ::1 /onlineexamtest/index.php/Index/index/login
INFO: [ app_begin ] --START--
INFO: Run Behavior\ReadHtmlCache [ RunTime:0.001756s ]
INFO: [ app_begin ] --END-- [ RunTime:0.003347s ]
NOTIC: [8192] mysql_connect(): The mysql extension is deprecated and will be removed in the future: use mysqli or PDO instead D:\wamp\www\OnlineExamTest\ThinkPHP\Library\Think\Db\Driver\Mysql.class.php ç¬¬ 52 è¡Œ.
SQL: SHOW COLUMNS FROM `user` [ RunTime:0.039587s ]
INFO: [ app_end ] --START--
INFO: Run Behavior\ShowPageTrace [ RunTime:0.002456s ]
INFO: [ app_end ] --END-- [ RunTime:0.003190s ]

[ 2017-03-12T17:04:41+08:00 ] ::1 /onlineexamtest/
INFO: [ app_begin ] --START--
INFO: Run Behavior\ReadHtmlCache [ RunTime:0.001587s ]
INFO: [ app_begin ] --END-- [ RunTime:0.003145s ]
INFO: [ app_end ] --START--
INFO: Run Behavior\ShowPageTrace [ RunTime:0.002549s ]
INFO: [ app_end ] --END-- [ RunTime:0.003092s ]

[ 2017-03-12T17:05:01+08:00 ] ::1 /onlineexamtest/index.php/
INFO: [ app_begin ] --START--
INFO: Run Behavior\ReadHtmlCache [ RunTime:0.000642s ]
INFO: [ app_begin ] --END-- [ RunTime:0.001469s ]
INFO: [ app_end ] --START--
INFO: Run Behavior\ShowPageTrace [ RunTime:0.000608s ]
INFO: [ app_end ] --END-- [ RunTime:0.000803s ]

[ 2017-03-12T17:05:38+08:00 ] ::1 /onlineexamtest/index.php/
INFO: [ app_begin ] --START--
INFO: Run Behavior\ReadHtmlCache [ RunTime:0.000691s ]
INFO: [ app_begin ] --END-- [ RunTime:0.001293s ]
INFO: [ app_end ] --START--
INFO: Run Behavior\ShowPageTrace [ RunTime:0.000991s ]
INFO: [ app_end ] --END-- [ RunTime:0.001344s ]

[ 2017-03-12T17:05:39+08:00 ] ::1 /onlineexamtest/index.php/
INFO: [ app_begin ] --START--
INFO: Run Behavior\ReadHtmlCache [ RunTime:0.001007s ]
INFO: [ app_begin ] --END-- [ RunTime:0.001981s ]
INFO: [ app_end ] --START--
INFO: Run Behavior\ShowPageTrace [ RunTime:0.000793s ]
INFO: [ app_end ] --END-- [ RunTime:0.001042s ]

[ 2017-03-12T17:05:39+08:00 ] ::1 /onlineexamtest/index.php/
INFO: [ app_begin ] --START--
INFO: Run Behavior\ReadHtmlCache [ RunTime:0.000650s ]
INFO: [ app_begin ] --END-- [ RunTime:0.001282s ]
INFO: [ app_end ] --START--
INFO: Run Behavior\ShowPageTrace [ RunTime:0.000640s ]
INFO: [ app_end ] --END-- [ RunTime:0.000833s ]

[ 2017-03-12T17:05:39+08:00 ] ::1 /onlineexamtest/index.php/
INFO: [ app_begin ] --START--
INFO: Run Behavior\ReadHtmlCache [ RunTime:0.000776s ]
INFO: [ app_begin ] --END-- [ RunTime:0.001679s ]
INFO: [ app_end ] --START--
INFO: Run Behavior\ShowPageTrace [ RunTime:0.000723s ]
INFO: [ app_end ] --END-- [ RunTime:0.000944s ]

[ 2017-03-12T17:05:39+08:00 ] ::1 /onlineexamtest/index.php/
INFO: [ app_begin ] --START--
INFO: Run Behavior\ReadHtmlCache [ RunTime:0.001060s ]
INFO: [ app_begin ] --END-- [ RunTime:0.002024s ]
INFO: [ app_end ] --START--
INFO: Run Behavior\ShowPageTrace [ RunTime:0.000764s ]
INFO: [ app_end ] --END-- [ RunTime:0.000970s ]

[ 2017-03-12T17:05:39+08:00 ] ::1 /onlineexamtest/index.php/
INFO: [ app_begin ] --START--
INFO: Run Behavior\ReadHtmlCache [ RunTime:0.000866s ]
INFO: [ app_begin ] --END-- [ RunTime:0.001612s ]
INFO: [ app_end ] --START--
INFO: Run Behavior\ShowPageTrace [ RunTime:0.000737s ]
INFO: [ app_end ] --END-- [ RunTime:0.000949s ]

[ 2017-03-12T17:05:40+08:00 ] ::1 /onlineexamtest/index.php/
INFO: [ app_begin ] --START--
INFO: Run Behavior\ReadHtmlCache [ RunTime:0.001077s ]
INFO: [ app_begin ] --END-- [ RunTime:0.002203s ]
INFO: [ app_end ] --START--
INFO: Run Behavior\ShowPageTrace [ RunTime:0.001371s ]
INFO: [ app_end ] --END-- [ RunTime:0.002156s ]

[ 2017-03-12T17:05:40+08:00 ] ::1 /onlineexamtest/index.php/
INFO: [ app_begin ] --START--
INFO: Run Behavior\ReadHtmlCache [ RunTime:0.000664s ]
INFO: [ app_begin ] --END-- [ RunTime:0.001338s ]
INFO: [ app_end ] --START--
INFO: Run Behavior\ShowPageTrace [ RunTime:0.000715s ]
INFO: [ app_end ] --END-- [ RunTime:0.000912s ]

[ 2017-03-12T17:05:40+08:00 ] ::1 /onlineexamtest/index.php/
INFO: [ app_begin ] --START--
INFO: Run Behavior\ReadHtmlCache [ RunTime:0.000761s ]
INFO: [ app_begin ] --END-- [ RunTime:0.001383s ]
INFO: [ app_end ] --START--
INFO: Run Behavior\ShowPageTrace [ RunTime:0.000843s ]
INFO: [ app_end ] --END-- [ RunTime:0.001241s ]

[ 2017-03-12T17:06:17+08:00 ] ::1 /onlineexamtest/index.php/
INFO: [ app_begin ] --START--
INFO: Run Behavior\ReadHtmlCache [ RunTime:0.001059s ]
INFO: [ app_begin ] --END-- [ RunTime:0.001910s ]
INFO: [ app_end ] --START--
INFO: Run Behavior\ShowPageTrace [ RunTime:0.000986s ]
INFO: [ app_end ] --END-- [ RunTime:0.001212s ]

[ 2017-03-12T17:06:18+08:00 ] ::1 /onlineexamtest/index.php/
INFO: [ app_begin ] --START--
INFO: Run Behavior\ReadHtmlCache [ RunTime:0.000710s ]
INFO: [ app_begin ] --END-- [ RunTime:0.001616s ]
INFO: [ app_end ] --START--
INFO: Run Behavior\ShowPageTrace [ RunTime:0.001043s ]
INFO: [ app_end ] --END-- [ RunTime:0.001321s ]

[ 2017-03-12T17:06:18+08:00 ] ::1 /onlineexamtest/index.php/
INFO: [ app_begin ] --START--
INFO: Run Behavior\ReadHtmlCache [ RunTime:0.002043s ]
INFO: [ app_begin ] --END-- [ RunTime:0.004247s ]
INFO: [ app_end ] --START--
INFO: Run Behavior\ShowPageTrace [ RunTime:0.002005s ]
INFO: [ app_end ] --END-- [ RunTime:0.002483s ]

[ 2017-03-12T17:06:18+08:00 ] ::1 /onlineexamtest/index.php/
INFO: [ app_begin ] --START--
INFO: Run Behavior\ReadHtmlCache [ RunTime:0.001032s ]
INFO: [ app_begin ] --END-- [ RunTime:0.002044s ]
INFO: [ app_end ] --START--
INFO: Run Behavior\ShowPageTrace [ RunTime:0.001644s ]
INFO: [ app_end ] --END-- [ RunTime:0.002158s ]

[ 2017-03-12T17:06:38+08:00 ] ::1 /onlineexamtest/index.php/Index/index/
INFO: [ app_begin ] --START--
INFO: Run Behavior\ReadHtmlCache [ RunTime:0.000721s ]
INFO: [ app_begin ] --END-- [ RunTime:0.001557s ]
INFO: [ app_end ] --START--
INFO: Run Behavior\ShowPageTrace [ RunTime:0.001167s ]
INFO: [ app_end ] --END-- [ RunTime:0.001505s ]

[ 2017-03-12T17:06:41+08:00 ] ::1 /onlineexamtest/index.php/Index/index/
INFO: [ app_begin ] --START--
INFO: Run Behavior\ReadHtmlCache [ RunTime:0.001562s ]
INFO: [ app_begin ] --END-- [ RunTime:0.003628s ]
INFO: [ app_end ] --START--
INFO: Run Behavior\ShowPageTrace [ RunTime:0.001276s ]
INFO: [ app_end ] --END-- [ RunTime:0.001681s ]

[ 2017-03-12T17:06:43+08:00 ] ::1 /onlineexamtest/index.php/Index
INFO: [ app_begin ] --START--
INFO: Run Behavior\ReadHtmlCache [ RunTime:0.000965s ]
INFO: [ app_begin ] --END-- [ RunTime:0.001993s ]
INFO: [ app_end ] --START--
INFO: Run Behavior\ShowPageTrace [ RunTime:0.000804s ]
INFO: [ app_end ] --END-- [ RunTime:0.000999s ]

[ 2017-03-12T17:10:07+08:00 ] ::1 /onlineexamtest/index.php/Index
INFO: [ app_begin ] --START--
INFO: Run Behavior\ReadHtmlCache [ RunTime:0.000916s ]
INFO: [ app_begin ] --END-- [ RunTime:0.001624s ]
INFO: [ app_end ] --START--
INFO: Run Behavior\ShowPageTrace [ RunTime:0.001074s ]
INFO: [ app_end ] --END-- [ RunTime:0.001290s ]

[ 2017-03-12T17:10:12+08:00 ] ::1 /onlineexamtest/Index
INFO: [ app_begin ] --START--
INFO: Run Behavior\ReadHtmlCache [ RunTime:0.000716s ]
INFO: [ app_begin ] --END-- [ RunTime:0.001420s ]
INFO: [ app_end ] --START--
INFO: Run Behavior\ShowPageTrace [ RunTime:0.000613s ]
INFO: [ app_end ] --END-- [ RunTime:0.000778s ]

[ 2017-03-12T17:10:16+08:00 ] ::1 /onlineexamtest/Index/index
INFO: [ app_begin ] --START--
INFO: Run Behavior\ReadHtmlCache [ RunTime:0.000779s ]
INFO: [ app_begin ] --END-- [ RunTime:0.001487s ]
INFO: [ app_end ] --START--
INFO: Run Behavior\ShowPageTrace [ RunTime:0.000666s ]
INFO: [ app_end ] --END-- [ RunTime:0.000890s ]

[ 2017-03-12T17:10:24+08:00 ] ::1 /onlineexamtest/Index/index/login
INFO: [ app_begin ] --START--
INFO: Run Behavior\ReadHtmlCache [ RunTime:0.002170s ]
INFO: [ app_begin ] --END-- [ RunTime:0.003745s ]
NOTIC: [8192] mysql_connect(): The mysql extension is deprecated and will be removed in the future: use mysqli or PDO instead D:\wamp\www\OnlineExamTest\ThinkPHP\Library\Think\Db\Driver\Mysql.class.php ç¬¬ 52 è¡Œ.
SQL: SHOW COLUMNS FROM `user` [ RunTime:0.205549s ]
INFO: [ app_end ] --START--
INFO: Run Behavior\ShowPageTrace [ RunTime:0.002241s ]
INFO: [ app_end ] --END-- [ RunTime:0.002811s ]

[ 2017-03-12T17:11:37+08:00 ] 192.168.199.231 /onlineexamtest/Index/index/login
INFO: [ app_begin ] --START--
INFO: Run Behavior\ReadHtmlCache [ RunTime:0.001175s ]
INFO: [ app_begin ] --END-- [ RunTime:0.005824s ]
NOTIC: [8192] mysql_connect(): The mysql extension is deprecated and will be removed in the future: use mysqli or PDO instead D:\wamp\www\OnlineExamTest\ThinkPHP\Library\Think\Db\Driver\Mysql.class.php ç¬¬ 52 è¡Œ.
SQL: SHOW COLUMNS FROM `user` [ RunTime:0.008364s ]
INFO: [ app_end ] --START--
INFO: Run Behavior\ShowPageTrace [ RunTime:0.001275s ]
INFO: [ app_end ] --END-- [ RunTime:0.001670s ]

[ 2017-03-12T17:11:45+08:00 ] 192.168.199.231 /onlineexamtest/index/index/login
INFO: [ app_begin ] --START--
INFO: Run Behavior\ReadHtmlCache [ RunTime:0.000919s ]
INFO: [ app_begin ] --END-- [ RunTime:0.001726s ]
NOTIC: [8192] mysql_connect(): The mysql extension is deprecated and will be removed in the future: use mysqli or PDO instead D:\wamp\www\OnlineExamTest\ThinkPHP\Library\Think\Db\Driver\Mysql.class.php ç¬¬ 52 è¡Œ.
SQL: SHOW COLUMNS FROM `user` [ RunTime:0.009009s ]
INFO: [ app_end ] --START--
INFO: Run Behavior\ShowPageTrace [ RunTime:0.001467s ]
INFO: [ app_end ] --END-- [ RunTime:0.001800s ]

