[ 2017-03-19T20:41:58+08:00 ] 192.168.199.244 /onlineexamtest/index/index/login
INFO: [ app_begin ] --START--
INFO: Run Behavior\ReadHtmlCache [ RunTime:0.006771s ]
INFO: [ app_begin ] --END-- [ RunTime:0.046386s ]
NOTIC: [8192] mysql_connect(): The mysql extension is deprecated and will be removed in the future: use mysqli or PDO instead D:\wamp\www\OnlineExamTest\ThinkPHP\Library\Think\Db\Driver\Mysql.class.php 第 52 行.
SQL: SHOW COLUMNS FROM `user` [ RunTime:0.223767s ]
SQL: select * from user where SchoolID = 13008038 and Password = 123456 [ RunTime:0.047756s ]
INFO: [ app_end ] --START--
INFO: Run Behavior\ShowPageTrace [ RunTime:0.036204s ]
INFO: [ app_end ] --END-- [ RunTime:0.036943s ]

[ 2017-03-19T20:44:29+08:00 ] 192.168.199.244 /onlineexamtest/index/index/login
INFO: [ app_begin ] --START--
INFO: Run Behavior\ReadHtmlCache [ RunTime:0.002833s ]
INFO: [ app_begin ] --END-- [ RunTime:0.005036s ]
NOTIC: [8192] mysql_connect(): The mysql extension is deprecated and will be removed in the future: use mysqli or PDO instead D:\wamp\www\OnlineExamTest\ThinkPHP\Library\Think\Db\Driver\Mysql.class.php 第 52 行.
SQL: SHOW COLUMNS FROM `user` [ RunTime:0.027464s ]
SQL: select * from user where SchoolID = 13008038 and Password = 123456 [ RunTime:0.001664s ]
INFO: [ app_end ] --START--
INFO: Run Behavior\ShowPageTrace [ RunTime:0.004175s ]
INFO: [ app_end ] --END-- [ RunTime:0.005211s ]

[ 2017-03-19T20:53:03+08:00 ] 192.168.199.244 /onlineexamtest/index/index/login
INFO: [ app_begin ] --START--
INFO: Run Behavior\ReadHtmlCache [ RunTime:0.007027s ]
INFO: [ app_begin ] --END-- [ RunTime:0.025431s ]
NOTIC: [8192] mysql_connect(): The mysql extension is deprecated and will be removed in the future: use mysqli or PDO instead D:\wamp\www\OnlineExamTest\ThinkPHP\Library\Think\Db\Driver\Mysql.class.php 第 52 行.
SQL: SHOW COLUMNS FROM `user` [ RunTime:0.024826s ]
SQL: select * from user where SchoolID = 13008038 and Password = 123456 [ RunTime:0.001513s ]
INFO: [ app_end ] --START--
INFO: Run Behavior\ShowPageTrace [ RunTime:0.026841s ]
INFO: [ app_end ] --END-- [ RunTime:0.027778s ]

[ 2017-03-19T21:08:29+08:00 ] 192.168.199.244 /onlineexamtest/index/index/login
INFO: [ app_begin ] --START--
INFO: Run Behavior\ReadHtmlCache [ RunTime:0.006578s ]
INFO: [ app_begin ] --END-- [ RunTime:0.018897s ]
NOTIC: [8192] mysql_connect(): The mysql extension is deprecated and will be removed in the future: use mysqli or PDO instead D:\wamp\www\OnlineExamTest\ThinkPHP\Library\Think\Db\Driver\Mysql.class.php 第 52 行.
SQL: SHOW COLUMNS FROM `user` [ RunTime:0.076900s ]
SQL: select * from user where SchoolID = 13008038 and Password = 1213456 [ RunTime:0.020406s ]
INFO: [ app_end ] --START--
INFO: Run Behavior\ShowPageTrace [ RunTime:0.007184s ]
INFO: [ app_end ] --END-- [ RunTime:0.008098s ]

[ 2017-03-19T21:08:51+08:00 ] 192.168.199.244 /onlineexamtest/index/index/login
INFO: [ app_begin ] --START--
INFO: Run Behavior\ReadHtmlCache [ RunTime:0.001847s ]
INFO: [ app_begin ] --END-- [ RunTime:0.003779s ]
NOTIC: [8192] mysql_connect(): The mysql extension is deprecated and will be removed in the future: use mysqli or PDO instead D:\wamp\www\OnlineExamTest\ThinkPHP\Library\Think\Db\Driver\Mysql.class.php 第 52 行.
SQL: SHOW COLUMNS FROM `user` [ RunTime:0.026638s ]
SQL: select * from user where SchoolID = 13008038 and Password = 1213456 [ RunTime:0.000631s ]
INFO: [ app_end ] --START--
INFO: Run Behavior\ShowPageTrace [ RunTime:0.001627s ]
INFO: [ app_end ] --END-- [ RunTime:0.002053s ]

[ 2017-03-19T21:08:56+08:00 ] 192.168.199.244 /onlineexamtest/index/index/login
INFO: [ app_begin ] --START--
INFO: Run Behavior\ReadHtmlCache [ RunTime:0.002007s ]
INFO: [ app_begin ] --END-- [ RunTime:0.004223s ]
NOTIC: [8192] mysql_connect(): The mysql extension is deprecated and will be removed in the future: use mysqli or PDO instead D:\wamp\www\OnlineExamTest\ThinkPHP\Library\Think\Db\Driver\Mysql.class.php 第 52 行.
SQL: SHOW COLUMNS FROM `user` [ RunTime:0.051590s ]
SQL: select * from user where SchoolID = 13008038 and Password = 123456 [ RunTime:0.000942s ]
INFO: [ app_end ] --START--
INFO: Run Behavior\ShowPageTrace [ RunTime:0.002201s ]
INFO: [ app_end ] --END-- [ RunTime:0.003029s ]

[ 2017-03-19T21:09:54+08:00 ] 192.168.199.244 /onlineexamtest/index/index/login
INFO: [ app_begin ] --START--
INFO: Run Behavior\ReadHtmlCache [ RunTime:0.001865s ]
INFO: [ app_begin ] --END-- [ RunTime:0.003740s ]
NOTIC: [8192] mysql_connect(): The mysql extension is deprecated and will be removed in the future: use mysqli or PDO instead D:\wamp\www\OnlineExamTest\ThinkPHP\Library\Think\Db\Driver\Mysql.class.php 第 52 行.
SQL: SHOW COLUMNS FROM `user` [ RunTime:0.047353s ]
SQL: select * from user where SchoolID = 13008038 and Password = 123456 [ RunTime:0.001389s ]
INFO: [ app_end ] --START--
INFO: Run Behavior\ShowPageTrace [ RunTime:0.003968s ]
INFO: [ app_end ] --END-- [ RunTime:0.005090s ]

[ 2017-03-19T21:10:03+08:00 ] 192.168.199.244 /onlineexamtest/index/index/login
INFO: [ app_begin ] --START--
INFO: Run Behavior\ReadHtmlCache [ RunTime:0.001727s ]
INFO: [ app_begin ] --END-- [ RunTime:0.003740s ]
NOTIC: [8192] mysql_connect(): The mysql extension is deprecated and will be removed in the future: use mysqli or PDO instead D:\wamp\www\OnlineExamTest\ThinkPHP\Library\Think\Db\Driver\Mysql.class.php 第 52 行.
SQL: SHOW COLUMNS FROM `user` [ RunTime:0.015317s ]
SQL: select * from user where SchoolID = 14104015 and Password = 123456 [ RunTime:0.025026s ]
INFO: [ app_end ] --START--
INFO: Run Behavior\ShowPageTrace [ RunTime:0.002455s ]
INFO: [ app_end ] --END-- [ RunTime:0.003131s ]

[ 2017-03-19T21:37:31+08:00 ] 192.168.199.231 /onlineexamtest/index/index/login
INFO: [ app_begin ] --START--
INFO: Run Behavior\ReadHtmlCache [ RunTime:0.007027s ]
INFO: [ app_begin ] --END-- [ RunTime:0.071330s ]
NOTIC: [8192] mysql_connect(): The mysql extension is deprecated and will be removed in the future: use mysqli or PDO instead D:\wamp\www\OnlineExamTest\ThinkPHP\Library\Think\Db\Driver\Mysql.class.php 第 52 行.
SQL: SHOW COLUMNS FROM `user` [ RunTime:0.031719s ]
INFO: [ app_end ] --START--
INFO: Run Behavior\ShowPageTrace [ RunTime:0.013613s ]
INFO: [ app_end ] --END-- [ RunTime:0.013992s ]

[ 2017-03-19T21:37:42+08:00 ] 192.168.199.231 /onlineexamtest/index/exam
INFO: [ app_begin ] --START--
INFO: Run Behavior\ReadHtmlCache [ RunTime:0.001636s ]
INFO: [ app_begin ] --END-- [ RunTime:0.002955s ]
NOTIC: [8192] mysql_connect(): The mysql extension is deprecated and will be removed in the future: use mysqli or PDO instead D:\wamp\www\OnlineExamTest\ThinkPHP\Library\Think\Db\Driver\Mysql.class.php 第 52 行.
SQL: SHOW COLUMNS FROM `course` [ RunTime:0.021232s ]
INFO: [ app_end ] --START--
INFO: Run Behavior\ShowPageTrace [ RunTime:0.002734s ]
INFO: [ app_end ] --END-- [ RunTime:0.003340s ]

[ 2017-03-19T21:42:01+08:00 ] 192.168.199.231 /onlineexamtest/index/exam
INFO: [ app_begin ] --START--
INFO: Run Behavior\ReadHtmlCache [ RunTime:0.002393s ]
INFO: [ app_begin ] --END-- [ RunTime:0.004125s ]
NOTIC: [8192] mysql_connect(): The mysql extension is deprecated and will be removed in the future: use mysqli or PDO instead D:\wamp\www\OnlineExamTest\ThinkPHP\Library\Think\Db\Driver\Mysql.class.php 第 52 行.
SQL: SHOW COLUMNS FROM `course` [ RunTime:0.038308s ]
SQL: select c.CourseID,c.CourseName,c.CreateDate,c.DeadLine,c.Context from course c
				left join course_student cs on cs.CourseID = c.CourseID
				left join user u on u.SchoolID = cs.StudentID 
				where SchoolID = 13008038 [ RunTime:0.002797s ]
INFO: [ app_end ] --START--
INFO: Run Behavior\ShowPageTrace [ RunTime:0.002756s ]
INFO: [ app_end ] --END-- [ RunTime:0.003290s ]

[ 2017-03-19T21:42:33+08:00 ] 192.168.199.231 /onlineexamtest/index/exam
INFO: [ app_begin ] --START--
INFO: Run Behavior\ReadHtmlCache [ RunTime:0.000976s ]
INFO: [ app_begin ] --END-- [ RunTime:0.010363s ]
NOTIC: [8192] mysql_connect(): The mysql extension is deprecated and will be removed in the future: use mysqli or PDO instead D:\wamp\www\OnlineExamTest\ThinkPHP\Library\Think\Db\Driver\Mysql.class.php 第 52 行.
SQL: SHOW COLUMNS FROM `course` [ RunTime:0.018121s ]
SQL: select c.CourseID,c.CourseName,c.CreateDate,c.DeadLine,c.Context from course c
				left join course_student cs on cs.CourseID = c.CourseID
				left join user u on u.SchoolID = cs.StudentID 
				where SchoolID = 13008038 [ RunTime:0.000975s ]
INFO: [ app_end ] --START--
INFO: Run Behavior\ShowPageTrace [ RunTime:0.002260s ]
INFO: [ app_end ] --END-- [ RunTime:0.002858s ]

[ 2017-03-19T21:43:08+08:00 ] 192.168.199.231 /onlineexamtest/index/exam
INFO: [ app_begin ] --START--
INFO: Run Behavior\ReadHtmlCache [ RunTime:0.001329s ]
INFO: [ app_begin ] --END-- [ RunTime:0.002632s ]
NOTIC: [8192] mysql_connect(): The mysql extension is deprecated and will be removed in the future: use mysqli or PDO instead D:\wamp\www\OnlineExamTest\ThinkPHP\Library\Think\Db\Driver\Mysql.class.php 第 52 行.
SQL: SHOW COLUMNS FROM `course` [ RunTime:0.024313s ]
SQL: select c.CourseID,c.CourseName,c.CreateDate,c.DeadLine,c.Context from course c
				left join course_student cs on cs.CourseID = c.CourseID
				left join user u on u.SchoolID = cs.StudentID 
				where SchoolID = 13008038 [ RunTime:0.001180s ]
INFO: [ app_end ] --START--
INFO: Run Behavior\ShowPageTrace [ RunTime:0.002068s ]
INFO: [ app_end ] --END-- [ RunTime:0.002713s ]

[ 2017-03-19T21:43:46+08:00 ] 192.168.199.231 /onlineexamtest/index/exam
INFO: [ app_begin ] --START--
INFO: Run Behavior\ReadHtmlCache [ RunTime:0.000610s ]
INFO: [ app_begin ] --END-- [ RunTime:0.001151s ]
NOTIC: [8192] mysql_connect(): The mysql extension is deprecated and will be removed in the future: use mysqli or PDO instead D:\wamp\www\OnlineExamTest\ThinkPHP\Library\Think\Db\Driver\Mysql.class.php 第 52 行.
SQL: SHOW COLUMNS FROM `course` [ RunTime:0.067796s ]
SQL: select c.CourseID,c.CourseName,c.CreateDate,c.DeadLine,c.Context from course c
				left join course_student cs on cs.CourseID = c.CourseID
				left join user u on u.SchoolID = cs.StudentID 
				where SchoolID = 13008038 [ RunTime:0.001087s ]
INFO: [ app_end ] --START--
INFO: Run Behavior\ShowPageTrace [ RunTime:0.002128s ]
INFO: [ app_end ] --END-- [ RunTime:0.002897s ]

[ 2017-03-19T21:49:08+08:00 ] 192.168.199.244 /onlineexamtest/index/index/login
INFO: [ app_begin ] --START--
INFO: Run Behavior\ReadHtmlCache [ RunTime:0.006799s ]
INFO: [ app_begin ] --END-- [ RunTime:0.024870s ]
NOTIC: [8192] mysql_connect(): The mysql extension is deprecated and will be removed in the future: use mysqli or PDO instead D:\wamp\www\OnlineExamTest\ThinkPHP\Library\Think\Db\Driver\Mysql.class.php 第 52 行.
SQL: SHOW COLUMNS FROM `user` [ RunTime:0.055773s ]
SQL: select * from user where SchoolID = 13008038 and Password = 123456 [ RunTime:0.009254s ]
INFO: [ app_end ] --START--
INFO: Run Behavior\ShowPageTrace [ RunTime:0.019018s ]
INFO: [ app_end ] --END-- [ RunTime:0.019607s ]

[ 2017-03-19T22:48:19+08:00 ] 192.168.199.231 /onlineexamtest/index/exam
INFO: [ app_begin ] --START--
INFO: Run Behavior\ReadHtmlCache [ RunTime:0.073205s ]
INFO: [ app_begin ] --END-- [ RunTime:0.110568s ]
NOTIC: [8192] mysql_connect(): The mysql extension is deprecated and will be removed in the future: use mysqli or PDO instead D:\wamp\www\OnlineExamTest\ThinkPHP\Library\Think\Db\Driver\Mysql.class.php 第 52 行.
SQL: SHOW COLUMNS FROM `course` [ RunTime:0.056832s ]
INFO: [ app_end ] --START--
INFO: Run Behavior\ShowPageTrace [ RunTime:0.017091s ]
INFO: [ app_end ] --END-- [ RunTime:0.017967s ]

[ 2017-03-19T22:49:36+08:00 ] 192.168.199.244 /onlineexamtest/index/index/login
INFO: [ app_begin ] --START--
INFO: Run Behavior\ReadHtmlCache [ RunTime:0.000971s ]
INFO: [ app_begin ] --END-- [ RunTime:0.001731s ]
NOTIC: [8192] mysql_connect(): The mysql extension is deprecated and will be removed in the future: use mysqli or PDO instead D:\wamp\www\OnlineExamTest\ThinkPHP\Library\Think\Db\Driver\Mysql.class.php 第 52 行.
SQL: SHOW COLUMNS FROM `user` [ RunTime:0.010481s ]
INFO: [ app_end ] --START--
INFO: Run Behavior\ShowPageTrace [ RunTime:0.001131s ]
INFO: [ app_end ] --END-- [ RunTime:0.001562s ]

[ 2017-03-19T22:52:29+08:00 ] 192.168.199.244 /onlineexamtest/index/exam/index
INFO: [ app_begin ] --START--
INFO: Run Behavior\ReadHtmlCache [ RunTime:0.032106s ]
INFO: [ app_begin ] --END-- [ RunTime:0.077101s ]
NOTIC: [8192] mysql_connect(): The mysql extension is deprecated and will be removed in the future: use mysqli or PDO instead D:\wamp\www\OnlineExamTest\ThinkPHP\Library\Think\Db\Driver\Mysql.class.php 第 52 行.
SQL: SHOW COLUMNS FROM `course` [ RunTime:0.010992s ]
SQL: select c.CourseID,c.CourseName,c.CreateDate,c.DeadLine,c.Context from course c
				left join course_student cs on cs.CourseID = c.CourseID
				left join user u on u.SchoolID = cs.StudentID 
				where SchoolID = 13008038 [ RunTime:0.166008s ]
INFO: [ app_end ] --START--
INFO: Run Behavior\ShowPageTrace [ RunTime:0.025481s ]
INFO: [ app_end ] --END-- [ RunTime:0.025857s ]

[ 2017-03-19T23:04:55+08:00 ] 192.168.199.244 /onlineexamtest/index/exam/index
INFO: [ app_begin ] --START--
INFO: Run Behavior\ReadHtmlCache [ RunTime:0.006621s ]
INFO: [ app_begin ] --END-- [ RunTime:0.027664s ]
NOTIC: [8192] mysql_connect(): The mysql extension is deprecated and will be removed in the future: use mysqli or PDO instead D:\wamp\www\OnlineExamTest\ThinkPHP\Library\Think\Db\Driver\Mysql.class.php 第 52 行.
SQL: SHOW COLUMNS FROM `course` [ RunTime:0.065086s ]
SQL: select c.CourseID,c.CourseName,c.CreateDate,c.DeadLine,c.Context from course c
				left join course_student cs on cs.CourseID = c.CourseID
				left join user u on u.SchoolID = cs.StudentID 
				where SchoolID = 13008038 [ RunTime:0.006796s ]
INFO: [ app_end ] --START--
INFO: Run Behavior\ShowPageTrace [ RunTime:0.018669s ]
INFO: [ app_end ] --END-- [ RunTime:0.019450s ]

[ 2017-03-19T23:05:22+08:00 ] 192.168.199.244 /onlineexamtest/index/exam/index
INFO: [ app_begin ] --START--
INFO: Run Behavior\ReadHtmlCache [ RunTime:0.003191s ]
INFO: [ app_begin ] --END-- [ RunTime:0.004988s ]
NOTIC: [8192] mysql_connect(): The mysql extension is deprecated and will be removed in the future: use mysqli or PDO instead D:\wamp\www\OnlineExamTest\ThinkPHP\Library\Think\Db\Driver\Mysql.class.php 第 52 行.
SQL: SHOW COLUMNS FROM `course` [ RunTime:0.009083s ]
SQL: select c.CourseID,c.CourseName,c.CreateDate,c.DeadLine,c.Context from course c
				left join course_student cs on cs.CourseID = c.CourseID
				left join user u on u.SchoolID = cs.StudentID 
				where SchoolID = 13008038 [ RunTime:0.000557s ]
INFO: [ app_end ] --START--
INFO: Run Behavior\ShowPageTrace [ RunTime:0.001483s ]
INFO: [ app_end ] --END-- [ RunTime:0.002210s ]

[ 2017-03-19T23:06:56+08:00 ] 192.168.199.244 /onlineexamtest/index/exam/index
INFO: [ app_begin ] --START--
INFO: Run Behavior\ReadHtmlCache [ RunTime:0.002546s ]
INFO: [ app_begin ] --END-- [ RunTime:0.005018s ]
NOTIC: [8192] mysql_connect(): The mysql extension is deprecated and will be removed in the future: use mysqli or PDO instead D:\wamp\www\OnlineExamTest\ThinkPHP\Library\Think\Db\Driver\Mysql.class.php 第 52 行.
SQL: SHOW COLUMNS FROM `course` [ RunTime:0.059636s ]
SQL: select c.CourseID,c.CourseName,c.CreateDate,c.DeadLine,c.Context from course c
				left join course_student cs on cs.CourseID = c.CourseID
				left join user u on u.SchoolID = cs.StudentID 
				where SchoolID = 13008038 [ RunTime:0.001359s ]
INFO: [ app_end ] --START--
INFO: Run Behavior\ShowPageTrace [ RunTime:0.003024s ]
INFO: [ app_end ] --END-- [ RunTime:0.003595s ]

[ 2017-03-19T23:07:18+08:00 ] 192.168.199.244 /onlineexamtest/index/index/login
INFO: [ app_begin ] --START--
INFO: Run Behavior\ReadHtmlCache [ RunTime:0.001423s ]
INFO: [ app_begin ] --END-- [ RunTime:0.002900s ]
NOTIC: [8192] mysql_connect(): The mysql extension is deprecated and will be removed in the future: use mysqli or PDO instead D:\wamp\www\OnlineExamTest\ThinkPHP\Library\Think\Db\Driver\Mysql.class.php 第 52 行.
SQL: SHOW COLUMNS FROM `user` [ RunTime:0.028046s ]
SQL: select * from user where SchoolID = 14104015 and Password = 123456 [ RunTime:0.001154s ]
INFO: [ app_end ] --START--
INFO: Run Behavior\ShowPageTrace [ RunTime:0.002613s ]
INFO: [ app_end ] --END-- [ RunTime:0.003475s ]

[ 2017-03-19T23:07:25+08:00 ] 192.168.199.244 /onlineexamtest/index/exam/index
INFO: [ app_begin ] --START--
INFO: Run Behavior\ReadHtmlCache [ RunTime:0.000984s ]
INFO: [ app_begin ] --END-- [ RunTime:0.002181s ]
NOTIC: [8192] mysql_connect(): The mysql extension is deprecated and will be removed in the future: use mysqli or PDO instead D:\wamp\www\OnlineExamTest\ThinkPHP\Library\Think\Db\Driver\Mysql.class.php 第 52 行.
SQL: SHOW COLUMNS FROM `course` [ RunTime:0.012256s ]
SQL: select c.CourseID,c.CourseName,c.CreateDate,c.DeadLine,c.Context from course c
				left join course_student cs on cs.CourseID = c.CourseID
				left join user u on u.SchoolID = cs.StudentID 
				where SchoolID = 14104015 [ RunTime:0.000654s ]
INFO: [ app_end ] --START--
INFO: Run Behavior\ShowPageTrace [ RunTime:0.001263s ]
INFO: [ app_end ] --END-- [ RunTime:0.001592s ]

[ 2017-03-19T23:07:37+08:00 ] 192.168.199.244 /onlineexamtest/index/index/login
INFO: [ app_begin ] --START--
INFO: Run Behavior\ReadHtmlCache [ RunTime:0.003890s ]
INFO: [ app_begin ] --END-- [ RunTime:0.005361s ]
NOTIC: [8192] mysql_connect(): The mysql extension is deprecated and will be removed in the future: use mysqli or PDO instead D:\wamp\www\OnlineExamTest\ThinkPHP\Library\Think\Db\Driver\Mysql.class.php 第 52 行.
SQL: SHOW COLUMNS FROM `user` [ RunTime:0.017785s ]
SQL: select * from user where SchoolID = 13008038 and Password = 123456 [ RunTime:0.000791s ]
INFO: [ app_end ] --START--
INFO: Run Behavior\ShowPageTrace [ RunTime:0.001536s ]
INFO: [ app_end ] --END-- [ RunTime:0.002037s ]

[ 2017-03-19T23:08:01+08:00 ] 192.168.199.231 /onlineexamtest/index/exam
INFO: [ app_begin ] --START--
INFO: Run Behavior\ReadHtmlCache [ RunTime:0.001507s ]
INFO: [ app_begin ] --END-- [ RunTime:0.002776s ]
NOTIC: [8192] mysql_connect(): The mysql extension is deprecated and will be removed in the future: use mysqli or PDO instead D:\wamp\www\OnlineExamTest\ThinkPHP\Library\Think\Db\Driver\Mysql.class.php 第 52 行.
SQL: SHOW COLUMNS FROM `course` [ RunTime:0.011819s ]
SQL: select c.CourseID,c.CourseName,c.CreateDate,c.DeadLine,c.Context from course c
				left join course_student cs on cs.CourseID = c.CourseID
				left join user u on u.SchoolID = cs.StudentID 
				where SchoolID = 13008038 [ RunTime:0.001046s ]
INFO: [ app_end ] --START--
INFO: Run Behavior\ShowPageTrace [ RunTime:0.001424s ]
INFO: [ app_end ] --END-- [ RunTime:0.001724s ]

[ 2017-03-19T23:08:07+08:00 ] 192.168.199.244 /onlineexamtest/index/exam/index
INFO: [ app_begin ] --START--
INFO: Run Behavior\ReadHtmlCache [ RunTime:0.000978s ]
INFO: [ app_begin ] --END-- [ RunTime:0.001743s ]
NOTIC: [8192] mysql_connect(): The mysql extension is deprecated and will be removed in the future: use mysqli or PDO instead D:\wamp\www\OnlineExamTest\ThinkPHP\Library\Think\Db\Driver\Mysql.class.php 第 52 行.
SQL: SHOW COLUMNS FROM `course` [ RunTime:0.009912s ]
SQL: select c.CourseID,c.CourseName,c.CreateDate,c.DeadLine,c.Context from course c
				left join course_student cs on cs.CourseID = c.CourseID
				left join user u on u.SchoolID = cs.StudentID 
				where SchoolID = 13008038 [ RunTime:0.000541s ]
INFO: [ app_end ] --START--
INFO: Run Behavior\ShowPageTrace [ RunTime:0.001344s ]
INFO: [ app_end ] --END-- [ RunTime:0.001656s ]

[ 2017-03-19T23:08:25+08:00 ] 192.168.199.244 /onlineexamtest/index/exam/index
INFO: [ app_begin ] --START--
INFO: Run Behavior\ReadHtmlCache [ RunTime:0.008084s ]
INFO: [ app_begin ] --END-- [ RunTime:0.012076s ]
NOTIC: [8192] mysql_connect(): The mysql extension is deprecated and will be removed in the future: use mysqli or PDO instead D:\wamp\www\OnlineExamTest\ThinkPHP\Library\Think\Db\Driver\Mysql.class.php 第 52 行.
SQL: SHOW COLUMNS FROM `course` [ RunTime:0.029408s ]
SQL: select c.CourseID,c.CourseName,c.CreateDate,c.DeadLine,c.Context from course c
				left join course_student cs on cs.CourseID = c.CourseID
				left join user u on u.SchoolID = cs.StudentID 
				where SchoolID = 13008038 [ RunTime:0.001264s ]
INFO: [ app_end ] --START--
INFO: Run Behavior\ShowPageTrace [ RunTime:0.002813s ]
INFO: [ app_end ] --END-- [ RunTime:0.003603s ]

[ 2017-03-19T23:10:08+08:00 ] 192.168.199.244 /onlineexamtest/index/exam/index
INFO: [ app_begin ] --START--
INFO: Run Behavior\ReadHtmlCache [ RunTime:0.001264s ]
INFO: [ app_begin ] --END-- [ RunTime:0.002153s ]
NOTIC: [8192] mysql_connect(): The mysql extension is deprecated and will be removed in the future: use mysqli or PDO instead D:\wamp\www\OnlineExamTest\ThinkPHP\Library\Think\Db\Driver\Mysql.class.php 第 52 行.
SQL: SHOW COLUMNS FROM `course` [ RunTime:0.075982s ]
SQL: select c.CourseID,c.CourseName,c.CreateDate,c.DeadLine,c.Context from course c
				left join course_student cs on cs.CourseID = c.CourseID
				left join user u on u.SchoolID = cs.StudentID 
				where SchoolID = 13008038 [ RunTime:0.002130s ]
INFO: [ app_end ] --START--
INFO: Run Behavior\ShowPageTrace [ RunTime:0.001581s ]
INFO: [ app_end ] --END-- [ RunTime:0.001921s ]

[ 2017-03-19T23:10:41+08:00 ] 192.168.199.244 /onlineexamtest/index/exam/index
INFO: [ app_begin ] --START--
INFO: Run Behavior\ReadHtmlCache [ RunTime:0.001217s ]
INFO: [ app_begin ] --END-- [ RunTime:0.002490s ]
NOTIC: [8192] mysql_connect(): The mysql extension is deprecated and will be removed in the future: use mysqli or PDO instead D:\wamp\www\OnlineExamTest\ThinkPHP\Library\Think\Db\Driver\Mysql.class.php 第 52 行.
SQL: SHOW COLUMNS FROM `course` [ RunTime:0.051941s ]
SQL: select c.CourseID,c.CourseName,c.CreateDate,c.DeadLine,c.Context from course c
				left join course_student cs on cs.CourseID = c.CourseID
				left join user u on u.SchoolID = cs.StudentID 
				where SchoolID = 13008038 [ RunTime:0.001169s ]
INFO: [ app_end ] --START--
INFO: Run Behavior\ShowPageTrace [ RunTime:0.002292s ]
INFO: [ app_end ] --END-- [ RunTime:0.003032s ]

[ 2017-03-19T23:10:59+08:00 ] 192.168.199.244 /onlineexamtest/index/exam/index
INFO: [ app_begin ] --START--
INFO: Run Behavior\ReadHtmlCache [ RunTime:0.001411s ]
INFO: [ app_begin ] --END-- [ RunTime:0.003237s ]
NOTIC: [8192] mysql_connect(): The mysql extension is deprecated and will be removed in the future: use mysqli or PDO instead D:\wamp\www\OnlineExamTest\ThinkPHP\Library\Think\Db\Driver\Mysql.class.php 第 52 行.
SQL: SHOW COLUMNS FROM `course` [ RunTime:0.016357s ]
SQL: select c.CourseID,c.CourseName,c.CreateDate,c.DeadLine,c.Context from course c
				left join course_student cs on cs.CourseID = c.CourseID
				left join user u on u.SchoolID = cs.StudentID 
				where SchoolID = 13008038 [ RunTime:0.000762s ]
INFO: [ app_end ] --START--
INFO: Run Behavior\ShowPageTrace [ RunTime:0.002062s ]
INFO: [ app_end ] --END-- [ RunTime:0.002471s ]

[ 2017-03-19T23:11:46+08:00 ] 192.168.199.244 /onlineexamtest/index/exam/index
INFO: [ app_begin ] --START--
INFO: Run Behavior\ReadHtmlCache [ RunTime:0.001794s ]
INFO: [ app_begin ] --END-- [ RunTime:0.003587s ]
NOTIC: [8192] mysql_connect(): The mysql extension is deprecated and will be removed in the future: use mysqli or PDO instead D:\wamp\www\OnlineExamTest\ThinkPHP\Library\Think\Db\Driver\Mysql.class.php 第 52 行.
SQL: SHOW COLUMNS FROM `course` [ RunTime:0.024549s ]
SQL: select c.CourseID,c.CourseName,c.CreateDate,c.DeadLine,c.Context from course c
				left join course_student cs on cs.CourseID = c.CourseID
				left join user u on u.SchoolID = cs.StudentID 
				where SchoolID = 13008038 [ RunTime:0.001163s ]
INFO: [ app_end ] --START--
INFO: Run Behavior\ShowPageTrace [ RunTime:0.002121s ]
INFO: [ app_end ] --END-- [ RunTime:0.002715s ]

[ 2017-03-19T23:12:39+08:00 ] 192.168.199.244 /onlineexamtest/index/exam/index
INFO: [ app_begin ] --START--
INFO: Run Behavior\ReadHtmlCache [ RunTime:0.002915s ]
INFO: [ app_begin ] --END-- [ RunTime:0.005174s ]
NOTIC: [8192] mysql_connect(): The mysql extension is deprecated and will be removed in the future: use mysqli or PDO instead D:\wamp\www\OnlineExamTest\ThinkPHP\Library\Think\Db\Driver\Mysql.class.php 第 52 行.
SQL: SHOW COLUMNS FROM `course` [ RunTime:0.029376s ]
SQL: select c.CourseID,c.CourseName,c.CreateDate,c.DeadLine,c.Context from course c
				left join course_student cs on cs.CourseID = c.CourseID
				left join user u on u.SchoolID = cs.StudentID 
				where SchoolID = 13008038 [ RunTime:0.001542s ]
INFO: [ app_end ] --START--
INFO: Run Behavior\ShowPageTrace [ RunTime:0.003826s ]
INFO: [ app_end ] --END-- [ RunTime:0.004761s ]

